TN:
SF:server.js
FN:46,(anonymous_0)
FN:48,(anonymous_1)
FN:50,(anonymous_2)
FNF:3
FNH:0
FNDA:0,(anonymous_0)
FNDA:0,(anonymous_1)
FNDA:0,(anonymous_2)
DA:1,6
DA:2,6
DA:3,6
DA:4,6
DA:5,6
DA:6,6
DA:9,6
DA:10,6
DA:11,6
DA:12,6
DA:13,6
DA:14,6
DA:15,6
DA:16,6
DA:18,6
DA:19,6
DA:21,6
DA:22,6
DA:24,6
DA:25,6
DA:26,6
DA:29,6
DA:30,6
DA:31,6
DA:32,6
DA:33,6
DA:34,6
DA:35,6
DA:37,6
DA:39,6
DA:40,6
DA:42,6
DA:44,6
DA:45,0
DA:47,0
DA:48,0
DA:50,0
DA:53,6
LF:38
LH:34
BRDA:21,0,0,6
BRDA:21,0,1,6
BRDA:21,0,2,6
BRDA:39,1,0,6
BRDA:39,1,1,0
BRDA:40,2,0,6
BRDA:40,2,1,6
BRDA:44,3,0,0
BRDA:44,3,1,6
BRF:9
BRH:7
end_of_record
TN:
SF:middleware/auth.js
FN:7,requireAuth
FN:24,requireRole
FN:25,(anonymous_2)
FNF:3
FNH:3
FNDA:7,requireAuth
FNDA:38,requireRole
FNDA:4,(anonymous_2)
DA:1,7
DA:2,7
DA:4,7
DA:8,7
DA:9,7
DA:11,6
DA:12,6
DA:13,6
DA:14,5
DA:15,5
DA:16,5
DA:17,5
DA:19,1
DA:25,38
DA:26,4
DA:27,4
DA:28,3
DA:33,7
LF:18
LH:18
BRDA:4,0,0,7
BRDA:4,0,1,1
BRDA:9,1,0,1
BRDA:9,1,1,6
BRDA:15,2,0,0
BRDA:15,2,1,5
BRDA:26,3,0,0
BRDA:26,3,1,4
BRDA:27,4,0,1
BRDA:27,4,1,3
BRF:10
BRH:8
end_of_record
TN:
SF:middleware/verifyJWT.js
FN:2,(anonymous_0)
FN:10,(anonymous_1)
FN:11,(anonymous_2)
FNF:3
FNH:0
FNDA:0,(anonymous_0)
FNDA:0,(anonymous_1)
FNDA:0,(anonymous_2)
DA:1,6
DA:2,6
DA:3,0
DA:4,0
DA:5,0
DA:6,0
DA:9,0
DA:10,0
DA:11,0
DA:12,0
DA:15,0
DA:16,0
DA:17,0
DA:19,0
LF:14
LH:2
BRDA:6,0,0,0
BRDA:6,0,1,0
BRDA:6,1,0,0
BRDA:6,1,1,0
BRDA:9,2,0,0
BRDA:9,2,1,0
BRDA:9,3,0,0
BRDA:9,3,1,0
BRDA:9,3,2,0
BRDA:12,4,0,0
BRDA:12,4,1,0
BRDA:15,5,0,0
BRDA:15,5,1,0
BRDA:16,6,0,0
BRDA:16,6,1,0
BRF:15
BRH:0
end_of_record
TN:
SF:models/Complaint.js
FNF:0
FNH:0
DA:1,7
DA:2,7
DA:11,7
LF:3
LH:3
BRF:0
BRH:0
end_of_record
TN:
SF:models/EntryExit.js
FNF:0
FNH:0
DA:1,7
DA:2,7
DA:12,7
LF:3
LH:3
BRF:0
BRH:0
end_of_record
TN:
SF:models/HostelStudent.js
FNF:0
FNH:0
DA:1,6
DA:3,6
DA:18,6
LF:3
LH:3
BRF:0
BRH:0
end_of_record
TN:
SF:models/Notice.js
FNF:0
FNH:0
DA:1,7
DA:2,7
DA:10,7
LF:3
LH:3
BRF:0
BRH:0
end_of_record
TN:
SF:models/Room.js
FNF:0
FNH:0
DA:1,7
DA:2,7
DA:8,7
LF:3
LH:3
BRF:0
BRH:0
end_of_record
TN:
SF:models/User.js
FNF:0
FNH:0
DA:1,8
DA:2,8
DA:18,8
LF:3
LH:3
BRF:0
BRH:0
end_of_record
TN:
SF:routes/admin.js
FN:6,(anonymous_0)
FNF:1
FNH:0
FNDA:0,(anonymous_0)
DA:1,6
DA:2,6
DA:3,6
DA:4,6
DA:6,6
DA:7,0
DA:9,0
DA:10,0
DA:11,0
DA:12,0
DA:13,0
DA:15,0
DA:16,0
DA:19,6
LF:14
LH:6
BRDA:9,0,0,0
BRDA:9,0,1,0
BRDA:9,1,0,0
BRDA:9,1,1,0
BRDA:10,2,0,0
BRDA:10,2,1,0
BRDA:10,2,2,0
BRDA:10,2,3,0
BRDA:10,2,4,0
BRDA:11,3,0,0
BRDA:11,3,1,0
BRF:11
BRH:0
end_of_record
TN:
SF:routes/auth.js
FN:9,(anonymous_0)
FN:19,(anonymous_1)
FN:31,(anonymous_2)
FN:38,(anonymous_3)
FN:38,(anonymous_4)
FNF:5
FNH:2
FNDA:2,(anonymous_0)
FNDA:1,(anonymous_1)
FNDA:0,(anonymous_2)
FNDA:0,(anonymous_3)
FNDA:0,(anonymous_4)
DA:1,6
DA:2,6
DA:3,6
DA:4,6
DA:5,6
DA:7,6
DA:9,6
DA:10,2
DA:11,2
DA:12,2
DA:13,2
DA:14,2
DA:15,2
DA:16,2
DA:19,6
DA:20,1
DA:21,1
DA:22,1
DA:23,1
DA:24,1
DA:25,1
DA:26,1
DA:27,1
DA:31,6
DA:32,0
DA:33,0
DA:34,0
DA:35,0
DA:36,0
DA:37,0
DA:38,0
DA:39,0
DA:41,0
DA:42,0
DA:43,0
DA:44,0
DA:45,0
DA:47,0
DA:51,6
LF:39
LH:25
BRDA:7,0,0,6
BRDA:7,0,1,0
BRDA:11,1,0,0
BRDA:11,1,1,2
BRDA:11,2,0,2
BRDA:11,2,1,2
BRDA:11,2,2,2
BRDA:13,3,0,0
BRDA:13,3,1,2
BRDA:15,4,0,2
BRDA:15,4,1,2
BRDA:21,5,0,0
BRDA:21,5,1,1
BRDA:21,6,0,1
BRDA:21,6,1,1
BRDA:23,7,0,0
BRDA:23,7,1,1
BRDA:25,8,0,0
BRDA:25,8,1,1
BRDA:33,9,0,0
BRDA:33,9,1,0
BRDA:34,10,0,0
BRDA:34,10,1,0
BRDA:36,11,0,0
BRDA:36,11,1,0
BRDA:37,12,0,0
BRDA:37,12,1,0
BRDA:39,13,0,0
BRDA:39,13,1,0
BRDA:41,14,0,0
BRDA:41,14,1,0
BRDA:43,15,0,0
BRDA:43,15,1,0
BRDA:43,15,2,0
BRDA:45,16,0,0
BRDA:45,16,1,0
BRDA:45,17,0,0
BRDA:45,17,1,0
BRF:38
BRH:13
end_of_record
TN:
SF:routes/complaint.js
FN:7,(anonymous_0)
FN:18,(anonymous_1)
FN:24,(anonymous_2)
FN:32,(anonymous_3)
FNF:4
FNH:1
FNDA:1,(anonymous_0)
FNDA:0,(anonymous_1)
FNDA:0,(anonymous_2)
FNDA:0,(anonymous_3)
DA:1,6
DA:2,6
DA:3,6
DA:4,6
DA:7,6
DA:8,1
DA:9,1
DA:14,1
DA:18,6
DA:19,0
DA:20,0
DA:24,6
DA:25,0
DA:28,0
DA:32,6
DA:33,0
DA:34,0
DA:35,0
DA:36,0
DA:37,0
DA:42,0
DA:45,6
LF:22
LH:12
BRDA:35,0,0,0
BRDA:35,0,1,0
BRF:2
BRH:0
end_of_record
TN:
SF:routes/entry.js
FN:7,(anonymous_0)
FN:21,(anonymous_1)
FN:29,(anonymous_2)
FNF:3
FNH:1
FNDA:1,(anonymous_0)
FNDA:0,(anonymous_1)
FNDA:0,(anonymous_2)
DA:1,6
DA:2,6
DA:3,6
DA:4,6
DA:7,6
DA:8,1
DA:9,0
DA:11,1
DA:12,1
DA:17,1
DA:21,6
DA:22,0
DA:25,0
DA:29,6
DA:30,0
DA:31,0
DA:32,0
DA:33,0
DA:34,0
DA:36,0
DA:39,0
DA:42,6
LF:22
LH:12
BRDA:8,0,0,0
BRDA:8,0,1,1
BRDA:32,1,0,0
BRDA:32,1,1,0
BRDA:33,2,0,0
BRDA:33,2,1,0
BRDA:33,3,0,0
BRDA:33,3,1,0
BRF:8
BRH:1
end_of_record
TN:
SF:routes/notice.js
FN:7,(anonymous_0)
FN:21,(anonymous_1)
FN:27,(anonymous_2)
FNF:3
FNH:1
FNDA:1,(anonymous_0)
FNDA:0,(anonymous_1)
FNDA:0,(anonymous_2)
DA:1,6
DA:2,6
DA:3,6
DA:4,6
DA:7,6
DA:8,1
DA:9,1
DA:10,0
DA:11,1
DA:17,1
DA:21,6
DA:22,0
DA:23,0
DA:27,6
DA:28,0
DA:29,0
DA:32,6
LF:17
LH:12
BRDA:9,0,0,0
BRDA:9,0,1,1
BRDA:9,1,0,1
BRDA:9,1,1,1
BRF:4
BRH:3
end_of_record
TN:
SF:routes/room.js
FN:7,(anonymous_0)
FNF:1
FNH:1
FNDA:1,(anonymous_0)
DA:1,6
DA:2,6
DA:3,6
DA:4,6
DA:7,6
DA:8,1
DA:9,1
DA:10,1
DA:11,1
DA:13,0
DA:14,0
DA:18,6
LF:12
LH:10
BRF:0
BRH:0
end_of_record
TN:
SF:routes/sso.js
FN:8,(anonymous_0)
FN:37,(anonymous_1)
FN:45,(anonymous_2)
FN:45,(anonymous_3)
FN:61,(anonymous_4)
FN:64,(anonymous_5)
FN:65,(anonymous_6)
FNF:7
FNH:0
FNDA:0,(anonymous_0)
FNDA:0,(anonymous_1)
FNDA:0,(anonymous_2)
FNDA:0,(anonymous_3)
FNDA:0,(anonymous_4)
FNDA:0,(anonymous_5)
FNDA:0,(anonymous_6)
DA:1,6
DA:2,6
DA:3,6
DA:8,6
DA:9,0
DA:10,0
DA:11,0
DA:12,0
DA:14,0
DA:15,0
DA:17,0
DA:19,0
DA:25,0
DA:26,0
DA:28,0
DA:30,0
DA:31,0
DA:37,6
DA:38,0
DA:39,0
DA:40,0
DA:43,0
DA:45,0
DA:46,0
DA:47,0
DA:48,0
DA:49,0
DA:50,0
DA:61,0
DA:62,0
DA:63,0
DA:64,0
DA:65,0
DA:66,0
DA:67,0
DA:70,0
DA:71,0
DA:72,0
DA:73,0
DA:75,0
DA:77,0
DA:78,0
DA:79,0
DA:82,0
DA:83,0
DA:84,0
DA:85,0
DA:87,0
DA:88,0
DA:90,0
DA:91,0
DA:92,0
DA:94,0
DA:97,0
DA:99,0
DA:105,0
DA:107,0
DA:114,0
DA:117,0
DA:118,0
DA:120,0
DA:122,0
DA:124,0
DA:125,0
DA:128,0
DA:129,0
DA:133,6
LF:67
LH:6
BRDA:10,0,0,0
BRDA:10,0,1,0
BRDA:11,1,0,0
BRDA:11,1,1,0
BRDA:15,2,0,0
BRDA:15,2,1,0
BRDA:20,3,0,0
BRDA:20,3,1,0
BRDA:20,3,2,0
BRDA:21,4,0,0
BRDA:21,4,1,0
BRDA:22,5,0,0
BRDA:22,5,1,0
BRDA:25,6,0,0
BRDA:25,6,1,0
BRDA:25,6,2,0
BRDA:28,7,0,0
BRDA:28,7,1,0
BRDA:28,7,2,0
BRDA:40,8,0,0
BRDA:40,8,1,0
BRDA:43,9,0,0
BRDA:43,9,1,0
BRDA:43,9,2,0
BRDA:45,10,0,0
BRDA:48,11,0,0
BRDA:48,11,1,0
BRDA:52,12,0,0
BRDA:52,12,1,0
BRDA:52,13,0,0
BRDA:52,13,1,0
BRDA:53,14,0,0
BRDA:53,14,1,0
BRDA:66,15,0,0
BRDA:66,15,1,0
BRDA:82,16,0,0
BRDA:82,16,1,0
BRDA:82,17,0,0
BRDA:82,17,1,0
BRDA:85,18,0,0
BRDA:85,18,1,0
BRDA:85,18,2,0
BRDA:90,19,0,0
BRDA:90,19,1,0
BRDA:90,20,0,0
BRDA:90,20,1,0
BRDA:97,21,0,0
BRDA:97,21,1,0
BRDA:97,21,2,0
BRDA:99,22,0,0
BRDA:99,22,1,0
BRDA:99,22,2,0
BRDA:99,22,3,0
BRDA:105,23,0,0
BRDA:105,23,1,0
BRDA:105,24,0,0
BRDA:105,24,1,0
BRDA:108,25,0,0
BRDA:108,25,1,0
BRDA:120,26,0,0
BRDA:120,26,1,0
BRDA:120,26,2,0
BRF:62
BRH:0
end_of_record
TN:
SF:routes/student.js
FN:6,(anonymous_0)
FNF:1
FNH:0
FNDA:0,(anonymous_0)
DA:1,6
DA:2,6
DA:3,6
DA:4,6
DA:6,6
DA:7,0
DA:8,0
DA:9,0
DA:10,0
DA:12,0
DA:13,0
DA:16,6
LF:12
LH:6
BRDA:9,0,0,0
BRDA:9,0,1,0
BRF:2
BRH:0
end_of_record
TN:
SF:tests/setup.js
FN:6,(anonymous_0)
FN:11,(anonymous_1)
FN:14,(anonymous_2)
FN:21,(anonymous_3)
FNF:4
FNH:4
FNDA:12,(anonymous_0)
FNDA:12,(anonymous_1)
FNDA:18,(anonymous_2)
FNDA:12,(anonymous_3)
DA:1,12
DA:2,12
DA:6,12
DA:7,12
DA:8,12
DA:9,12
DA:11,12
DA:14,12
DA:15,18
DA:16,18
DA:17,58
DA:21,12
DA:22,12
DA:23,12
LF:14
LH:14
BRF:0
BRH:0
end_of_record
