{"/home/ashish/Documents/cms_2/hms_full_project/backend/server.js": {"path":"/home/ashish/Documents/cms_2/hms_full_project/backend/server.js","statementMap":{"0":{"start":{"line":1,"column":0},"end":{"line":1,"column":27}},"1":{"start":{"line":2,"column":16},"end":{"line":2,"column":34}},"2":{"start":{"line":3,"column":17},"end":{"line":3,"column":36}},"3":{"start":{"line":4,"column":13},"end":{"line":4,"column":28}},"4":{"start":{"line":5,"column":13},"end":{"line":5,"column":28}},"5":{"start":{"line":6,"column":19},"end":{"line":6,"column":39}},"6":{"start":{"line":9,"column":19},"end":{"line":9,"column":43}},"7":{"start":{"line":10,"column":20},"end":{"line":10,"column":45}},"8":{"start":{"line":11,"column":22},"end":{"line":11,"column":49}},"9":{"start":{"line":12,"column":20},"end":{"line":12,"column":45}},"10":{"start":{"line":13,"column":24},"end":{"line":13,"column":53}},"11":{"start":{"line":14,"column":21},"end":{"line":14,"column":47}},"12":{"start":{"line":15,"column":19},"end":{"line":15,"column":43}},"13":{"start":{"line":17,"column":12},"end":{"line":17,"column":21}},"14":{"start":{"line":18,"column":15},"end":{"line":18,"column":37}},"15":{"start":{"line":19,"column":11},"end":{"line":19,"column":56}},"16":{"start":{"line":21,"column":0},"end":{"line":21,"column":16}},"17":{"start":{"line":22,"column":0},"end":{"line":22,"column":24}},"18":{"start":{"line":23,"column":0},"end":{"line":23,"column":18}},"19":{"start":{"line":26,"column":0},"end":{"line":26,"column":33}},"20":{"start":{"line":27,"column":0},"end":{"line":27,"column":35}},"21":{"start":{"line":28,"column":0},"end":{"line":28,"column":39}},"22":{"start":{"line":29,"column":0},"end":{"line":29,"column":35}},"23":{"start":{"line":30,"column":0},"end":{"line":30,"column":44}},"24":{"start":{"line":31,"column":0},"end":{"line":31,"column":38}},"25":{"start":{"line":32,"column":0},"end":{"line":32,"column":34}},"26":{"start":{"line":34,"column":13},"end":{"line":34,"column":37}},"27":{"start":{"line":35,"column":14},"end":{"line":35,"column":70}},"28":{"start":{"line":37,"column":0},"end":{"line":37,"column":53}},"29":{"start":{"line":39,"column":0},"end":{"line":46,"column":1}},"30":{"start":{"line":40,"column":2},"end":{"line":45,"column":65}},"31":{"start":{"line":42,"column":6},"end":{"line":42,"column":37}},"32":{"start":{"line":43,"column":6},"end":{"line":43,"column":72}},"33":{"start":{"line":43,"column":32},"end":{"line":43,"column":70}},"34":{"start":{"line":45,"column":18},"end":{"line":45,"column":63}},"35":{"start":{"line":48,"column":0},"end":{"line":48,"column":33}}},"fnMap":{"0":{"name":"(anonymous_0)","decl":{"start":{"line":41,"column":10},"end":{"line":41,"column":11}},"loc":{"start":{"line":41,"column":16},"end":{"line":44,"column":5}},"line":41},"1":{"name":"(anonymous_1)","decl":{"start":{"line":43,"column":26},"end":{"line":43,"column":27}},"loc":{"start":{"line":43,"column":32},"end":{"line":43,"column":70}},"line":43},"2":{"name":"(anonymous_2)","decl":{"start":{"line":45,"column":11},"end":{"line":45,"column":12}},"loc":{"start":{"line":45,"column":18},"end":{"line":45,"column":63}},"line":45}},"branchMap":{"0":{"loc":{"start":{"line":34,"column":13},"end":{"line":34,"column":37}},"type":"binary-expr","locations":[{"start":{"line":34,"column":13},"end":{"line":34,"column":29}},{"start":{"line":34,"column":33},"end":{"line":34,"column":37}}],"line":34},"1":{"loc":{"start":{"line":35,"column":14},"end":{"line":35,"column":70}},"type":"binary-expr","locations":[{"start":{"line":35,"column":14},"end":{"line":35,"column":35}},{"start":{"line":35,"column":39},"end":{"line":35,"column":70}}],"line":35},"2":{"loc":{"start":{"line":39,"column":0},"end":{"line":46,"column":1}},"type":"if","locations":[{"start":{"line":39,"column":0},"end":{"line":46,"column":1}},{"start":{},"end":{}}],"line":39}},"s":{"0":5,"1":5,"2":5,"3":5,"4":5,"5":5,"6":5,"7":5,"8":5,"9":5,"10":5,"11":5,"12":5,"13":5,"14":5,"15":5,"16":5,"17":5,"18":5,"19":5,"20":5,"21":5,"22":5,"23":5,"24":5,"25":5,"26":5,"27":5,"28":5,"29":5,"30":0,"31":0,"32":0,"33":0,"34":0,"35":5},"f":{"0":0,"1":0,"2":0},"b":{"0":[5,0],"1":[5,0],"2":[0,5]},"_coverageSchema":"1a1c01bbd47fc00a2c39e90264f33305004495a9","hash":"452319b444e27c5065b47506e1f3382a195d06fb"}
,"/home/ashish/Documents/cms_2/hms_full_project/backend/middleware/auth.js": {"path":"/home/ashish/Documents/cms_2/hms_full_project/backend/middleware/auth.js","statementMap":{"0":{"start":{"line":1,"column":12},"end":{"line":1,"column":35}},"1":{"start":{"line":2,"column":13},"end":{"line":2,"column":38}},"2":{"start":{"line":4,"column":19},"end":{"line":4,"column":56}},"3":{"start":{"line":8,"column":21},"end":{"line":8,"column":46}},"4":{"start":{"line":9,"column":2},"end":{"line":9,"column":72}},"5":{"start":{"line":9,"column":19},"end":{"line":9,"column":72}},"6":{"start":{"line":11,"column":16},"end":{"line":11,"column":40}},"7":{"start":{"line":12,"column":2},"end":{"line":20,"column":3}},"8":{"start":{"line":13,"column":20},"end":{"line":13,"column":49}},"9":{"start":{"line":14,"column":17},"end":{"line":14,"column":48}},"10":{"start":{"line":15,"column":4},"end":{"line":15,"column":74}},"11":{"start":{"line":15,"column":15},"end":{"line":15,"column":74}},"12":{"start":{"line":16,"column":4},"end":{"line":16,"column":20}},"13":{"start":{"line":17,"column":4},"end":{"line":17,"column":11}},"14":{"start":{"line":19,"column":4},"end":{"line":19,"column":62}},"15":{"start":{"line":25,"column":2},"end":{"line":29,"column":4}},"16":{"start":{"line":26,"column":4},"end":{"line":26,"column":76}},"17":{"start":{"line":26,"column":19},"end":{"line":26,"column":76}},"18":{"start":{"line":27,"column":4},"end":{"line":27,"column":86}},"19":{"start":{"line":27,"column":32},"end":{"line":27,"column":86}},"20":{"start":{"line":28,"column":4},"end":{"line":28,"column":11}},"21":{"start":{"line":33,"column":0},"end":{"line":36,"column":2}}},"fnMap":{"0":{"name":"requireAuth","decl":{"start":{"line":7,"column":15},"end":{"line":7,"column":26}},"loc":{"start":{"line":7,"column":43},"end":{"line":21,"column":1}},"line":7},"1":{"name":"requireRole","decl":{"start":{"line":24,"column":9},"end":{"line":24,"column":20}},"loc":{"start":{"line":24,"column":27},"end":{"line":30,"column":1}},"line":24},"2":{"name":"(anonymous_2)","decl":{"start":{"line":25,"column":9},"end":{"line":25,"column":10}},"loc":{"start":{"line":25,"column":29},"end":{"line":29,"column":3}},"line":25}},"branchMap":{"0":{"loc":{"start":{"line":4,"column":19},"end":{"line":4,"column":56}},"type":"binary-expr","locations":[{"start":{"line":4,"column":19},"end":{"line":4,"column":41}},{"start":{"line":4,"column":45},"end":{"line":4,"column":56}}],"line":4},"1":{"loc":{"start":{"line":9,"column":2},"end":{"line":9,"column":72}},"type":"if","locations":[{"start":{"line":9,"column":2},"end":{"line":9,"column":72}},{"start":{},"end":{}}],"line":9},"2":{"loc":{"start":{"line":15,"column":4},"end":{"line":15,"column":74}},"type":"if","locations":[{"start":{"line":15,"column":4},"end":{"line":15,"column":74}},{"start":{},"end":{}}],"line":15},"3":{"loc":{"start":{"line":26,"column":4},"end":{"line":26,"column":76}},"type":"if","locations":[{"start":{"line":26,"column":4},"end":{"line":26,"column":76}},{"start":{},"end":{}}],"line":26},"4":{"loc":{"start":{"line":27,"column":4},"end":{"line":27,"column":86}},"type":"if","locations":[{"start":{"line":27,"column":4},"end":{"line":27,"column":86}},{"start":{},"end":{}}],"line":27}},"s":{"0":6,"1":6,"2":6,"3":7,"4":7,"5":1,"6":6,"7":6,"8":6,"9":5,"10":5,"11":0,"12":5,"13":5,"14":1,"15":32,"16":4,"17":0,"18":4,"19":1,"20":3,"21":6},"f":{"0":7,"1":32,"2":4},"b":{"0":[6,0],"1":[1,6],"2":[0,5],"3":[0,4],"4":[1,3]},"_coverageSchema":"1a1c01bbd47fc00a2c39e90264f33305004495a9","hash":"6b3b61b8945701b89de123a0e4371951404be260"}
,"/home/ashish/Documents/cms_2/hms_full_project/backend/middleware/verifyJWT.js": {"path":"/home/ashish/Documents/cms_2/hms_full_project/backend/middleware/verifyJWT.js","statementMap":{"0":{"start":{"line":1,"column":12},"end":{"line":1,"column":35}},"1":{"start":{"line":2,"column":0},"end":{"line":12,"column":2}},"2":{"start":{"line":3,"column":15},"end":{"line":3,"column":40}},"3":{"start":{"line":4,"column":2},"end":{"line":4,"column":71}},"4":{"start":{"line":4,"column":13},"end":{"line":4,"column":71}},"5":{"start":{"line":5,"column":16},"end":{"line":5,"column":34}},"6":{"start":{"line":6,"column":2},"end":{"line":11,"column":3}},"7":{"start":{"line":7,"column":4},"end":{"line":7,"column":74}},"8":{"start":{"line":8,"column":4},"end":{"line":8,"column":11}},"9":{"start":{"line":10,"column":4},"end":{"line":10,"column":66}}},"fnMap":{"0":{"name":"(anonymous_0)","decl":{"start":{"line":2,"column":17},"end":{"line":2,"column":18}},"loc":{"start":{"line":2,"column":42},"end":{"line":12,"column":1}},"line":2}},"branchMap":{"0":{"loc":{"start":{"line":4,"column":2},"end":{"line":4,"column":71}},"type":"if","locations":[{"start":{"line":4,"column":2},"end":{"line":4,"column":71}},{"start":{},"end":{}}],"line":4},"1":{"loc":{"start":{"line":7,"column":33},"end":{"line":7,"column":72}},"type":"binary-expr","locations":[{"start":{"line":7,"column":33},"end":{"line":7,"column":55}},{"start":{"line":7,"column":59},"end":{"line":7,"column":72}}],"line":7}},"s":{"0":5,"1":5,"2":0,"3":0,"4":0,"5":0,"6":0,"7":0,"8":0,"9":0},"f":{"0":0},"b":{"0":[0,0],"1":[0,0]},"_coverageSchema":"1a1c01bbd47fc00a2c39e90264f33305004495a9","hash":"b838d88d85e4a6d9fd6474ef98c56d0e2be95c8b"}
,"/home/ashish/Documents/cms_2/hms_full_project/backend/models/Complaint.js": {"path":"/home/ashish/Documents/cms_2/hms_full_project/backend/models/Complaint.js","statementMap":{"0":{"start":{"line":1,"column":17},"end":{"line":1,"column":36}},"1":{"start":{"line":2,"column":24},"end":{"line":10,"column":2}},"2":{"start":{"line":11,"column":0},"end":{"line":11,"column":62}}},"fnMap":{},"branchMap":{},"s":{"0":6,"1":6,"2":6},"f":{},"b":{},"_coverageSchema":"1a1c01bbd47fc00a2c39e90264f33305004495a9","hash":"a35736ae734c21ee74ac8e0db67dca37a976d8cf"}
,"/home/ashish/Documents/cms_2/hms_full_project/backend/models/EntryExit.js": {"path":"/home/ashish/Documents/cms_2/hms_full_project/backend/models/EntryExit.js","statementMap":{"0":{"start":{"line":1,"column":17},"end":{"line":1,"column":36}},"1":{"start":{"line":2,"column":24},"end":{"line":11,"column":2}},"2":{"start":{"line":12,"column":0},"end":{"line":12,"column":62}}},"fnMap":{},"branchMap":{},"s":{"0":6,"1":6,"2":6},"f":{},"b":{},"_coverageSchema":"1a1c01bbd47fc00a2c39e90264f33305004495a9","hash":"4bbd45294076d32689f656bb1787931885e3ff64"}
,"/home/ashish/Documents/cms_2/hms_full_project/backend/models/HostelStudent.js": {"path":"/home/ashish/Documents/cms_2/hms_full_project/backend/models/HostelStudent.js","statementMap":{"0":{"start":{"line":1,"column":17},"end":{"line":1,"column":36}},"1":{"start":{"line":3,"column":28},"end":{"line":11,"column":2}},"2":{"start":{"line":13,"column":0},"end":{"line":13,"column":70}}},"fnMap":{},"branchMap":{},"s":{"0":5,"1":5,"2":5},"f":{},"b":{},"_coverageSchema":"1a1c01bbd47fc00a2c39e90264f33305004495a9","hash":"d2bddce5d5597b5dac3281ec05a288132472c94d"}
,"/home/ashish/Documents/cms_2/hms_full_project/backend/models/Notice.js": {"path":"/home/ashish/Documents/cms_2/hms_full_project/backend/models/Notice.js","statementMap":{"0":{"start":{"line":1,"column":17},"end":{"line":1,"column":36}},"1":{"start":{"line":2,"column":21},"end":{"line":9,"column":2}},"2":{"start":{"line":10,"column":0},"end":{"line":10,"column":56}}},"fnMap":{},"branchMap":{},"s":{"0":6,"1":6,"2":6},"f":{},"b":{},"_coverageSchema":"1a1c01bbd47fc00a2c39e90264f33305004495a9","hash":"fe90669744cb8f60087552bff4eec3802f6d5d54"}
,"/home/ashish/Documents/cms_2/hms_full_project/backend/models/Room.js": {"path":"/home/ashish/Documents/cms_2/hms_full_project/backend/models/Room.js","statementMap":{"0":{"start":{"line":1,"column":17},"end":{"line":1,"column":36}},"1":{"start":{"line":2,"column":19},"end":{"line":7,"column":2}},"2":{"start":{"line":8,"column":0},"end":{"line":8,"column":52}}},"fnMap":{},"branchMap":{},"s":{"0":6,"1":6,"2":6},"f":{},"b":{},"_coverageSchema":"1a1c01bbd47fc00a2c39e90264f33305004495a9","hash":"2fce280707cc0d48264ad1683932bf8a24a68214"}
,"/home/ashish/Documents/cms_2/hms_full_project/backend/models/User.js": {"path":"/home/ashish/Documents/cms_2/hms_full_project/backend/models/User.js","statementMap":{"0":{"start":{"line":1,"column":17},"end":{"line":1,"column":36}},"1":{"start":{"line":2,"column":19},"end":{"line":17,"column":2}},"2":{"start":{"line":18,"column":0},"end":{"line":18,"column":52}}},"fnMap":{},"branchMap":{},"s":{"0":7,"1":7,"2":7},"f":{},"b":{},"_coverageSchema":"1a1c01bbd47fc00a2c39e90264f33305004495a9","hash":"a44346f52b0fa688e9dc621365bff88a97733ab2"}
,"/home/ashish/Documents/cms_2/hms_full_project/backend/routes/admin.js": {"path":"/home/ashish/Documents/cms_2/hms_full_project/backend/routes/admin.js","statementMap":{"0":{"start":{"line":1,"column":16},"end":{"line":1,"column":34}},"1":{"start":{"line":2,"column":15},"end":{"line":2,"column":31}},"2":{"start":{"line":3,"column":18},"end":{"line":3,"column":52}},"3":{"start":{"line":4,"column":22},"end":{"line":4,"column":56}},"4":{"start":{"line":6,"column":0},"end":{"line":16,"column":3}},"5":{"start":{"line":7,"column":2},"end":{"line":15,"column":3}},"6":{"start":{"line":8,"column":4},"end":{"line":9,"column":60}},"7":{"start":{"line":9,"column":6},"end":{"line":9,"column":60}},"8":{"start":{"line":10,"column":21},"end":{"line":10,"column":67}},"9":{"start":{"line":11,"column":4},"end":{"line":11,"column":23}},"10":{"start":{"line":13,"column":4},"end":{"line":13,"column":23}},"11":{"start":{"line":14,"column":4},"end":{"line":14,"column":54}},"12":{"start":{"line":17,"column":0},"end":{"line":17,"column":24}}},"fnMap":{"0":{"name":"(anonymous_0)","decl":{"start":{"line":6,"column":41},"end":{"line":6,"column":42}},"loc":{"start":{"line":6,"column":61},"end":{"line":16,"column":1}},"line":6}},"branchMap":{"0":{"loc":{"start":{"line":8,"column":4},"end":{"line":9,"column":60}},"type":"if","locations":[{"start":{"line":8,"column":4},"end":{"line":9,"column":60}},{"start":{},"end":{}}],"line":8},"1":{"loc":{"start":{"line":8,"column":10},"end":{"line":8,"column":92}},"type":"binary-expr","locations":[{"start":{"line":8,"column":10},"end":{"line":8,"column":18}},{"start":{"line":8,"column":22},"end":{"line":8,"column":49}},{"start":{"line":8,"column":53},"end":{"line":8,"column":92}}],"line":8}},"s":{"0":5,"1":5,"2":5,"3":5,"4":5,"5":0,"6":0,"7":0,"8":0,"9":0,"10":0,"11":0,"12":5},"f":{"0":0},"b":{"0":[0,0],"1":[0,0,0]},"_coverageSchema":"1a1c01bbd47fc00a2c39e90264f33305004495a9","hash":"c581332d13be82cf66365654d70952a7fb52c3fc"}
,"/home/ashish/Documents/cms_2/hms_full_project/backend/routes/auth.js": {"path":"/home/ashish/Documents/cms_2/hms_full_project/backend/routes/auth.js","statementMap":{"0":{"start":{"line":1,"column":16},"end":{"line":1,"column":34}},"1":{"start":{"line":2,"column":15},"end":{"line":2,"column":31}},"2":{"start":{"line":3,"column":15},"end":{"line":3,"column":32}},"3":{"start":{"line":4,"column":12},"end":{"line":4,"column":35}},"4":{"start":{"line":5,"column":13},"end":{"line":5,"column":38}},"5":{"start":{"line":7,"column":19},"end":{"line":7,"column":56}},"6":{"start":{"line":9,"column":0},"end":{"line":17,"column":3}},"7":{"start":{"line":10,"column":42},"end":{"line":10,"column":50}},"8":{"start":{"line":11,"column":2},"end":{"line":11,"column":91}},"9":{"start":{"line":11,"column":35},"end":{"line":11,"column":91}},"10":{"start":{"line":12,"column":19},"end":{"line":12,"column":46}},"11":{"start":{"line":13,"column":2},"end":{"line":13,"column":69}},"12":{"start":{"line":13,"column":15},"end":{"line":13,"column":69}},"13":{"start":{"line":14,"column":15},"end":{"line":14,"column":46}},"14":{"start":{"line":15,"column":15},"end":{"line":15,"column":94}},"15":{"start":{"line":16,"column":2},"end":{"line":16,"column":60}},"16":{"start":{"line":19,"column":0},"end":{"line":28,"column":3}},"17":{"start":{"line":20,"column":30},"end":{"line":20,"column":38}},"18":{"start":{"line":21,"column":2},"end":{"line":21,"column":75}},"19":{"start":{"line":21,"column":26},"end":{"line":21,"column":75}},"20":{"start":{"line":22,"column":15},"end":{"line":22,"column":42}},"21":{"start":{"line":23,"column":2},"end":{"line":23,"column":61}},"22":{"start":{"line":23,"column":12},"end":{"line":23,"column":61}},"23":{"start":{"line":24,"column":13},"end":{"line":24,"column":62}},"24":{"start":{"line":25,"column":2},"end":{"line":25,"column":59}},"25":{"start":{"line":25,"column":10},"end":{"line":25,"column":59}},"26":{"start":{"line":26,"column":16},"end":{"line":26,"column":92}},"27":{"start":{"line":27,"column":2},"end":{"line":27,"column":78}},"28":{"start":{"line":30,"column":0},"end":{"line":30,"column":24}}},"fnMap":{"0":{"name":"(anonymous_0)","decl":{"start":{"line":9,"column":25},"end":{"line":9,"column":26}},"loc":{"start":{"line":9,"column":44},"end":{"line":17,"column":1}},"line":9},"1":{"name":"(anonymous_1)","decl":{"start":{"line":19,"column":22},"end":{"line":19,"column":23}},"loc":{"start":{"line":19,"column":41},"end":{"line":28,"column":1}},"line":19}},"branchMap":{"0":{"loc":{"start":{"line":7,"column":19},"end":{"line":7,"column":56}},"type":"binary-expr","locations":[{"start":{"line":7,"column":19},"end":{"line":7,"column":41}},{"start":{"line":7,"column":45},"end":{"line":7,"column":56}}],"line":7},"1":{"loc":{"start":{"line":11,"column":2},"end":{"line":11,"column":91}},"type":"if","locations":[{"start":{"line":11,"column":2},"end":{"line":11,"column":91}},{"start":{},"end":{}}],"line":11},"2":{"loc":{"start":{"line":11,"column":5},"end":{"line":11,"column":33}},"type":"binary-expr","locations":[{"start":{"line":11,"column":5},"end":{"line":11,"column":11}},{"start":{"line":11,"column":15},"end":{"line":11,"column":24}},{"start":{"line":11,"column":28},"end":{"line":11,"column":33}}],"line":11},"3":{"loc":{"start":{"line":13,"column":2},"end":{"line":13,"column":69}},"type":"if","locations":[{"start":{"line":13,"column":2},"end":{"line":13,"column":69}},{"start":{},"end":{}}],"line":13},"4":{"loc":{"start":{"line":15,"column":74},"end":{"line":15,"column":91}},"type":"binary-expr","locations":[{"start":{"line":15,"column":74},"end":{"line":15,"column":78}},{"start":{"line":15,"column":82},"end":{"line":15,"column":91}}],"line":15},"5":{"loc":{"start":{"line":21,"column":2},"end":{"line":21,"column":75}},"type":"if","locations":[{"start":{"line":21,"column":2},"end":{"line":21,"column":75}},{"start":{},"end":{}}],"line":21},"6":{"loc":{"start":{"line":21,"column":5},"end":{"line":21,"column":24}},"type":"binary-expr","locations":[{"start":{"line":21,"column":5},"end":{"line":21,"column":11}},{"start":{"line":21,"column":15},"end":{"line":21,"column":24}}],"line":21},"7":{"loc":{"start":{"line":23,"column":2},"end":{"line":23,"column":61}},"type":"if","locations":[{"start":{"line":23,"column":2},"end":{"line":23,"column":61}},{"start":{},"end":{}}],"line":23},"8":{"loc":{"start":{"line":25,"column":2},"end":{"line":25,"column":59}},"type":"if","locations":[{"start":{"line":25,"column":2},"end":{"line":25,"column":59}},{"start":{},"end":{}}],"line":25}},"s":{"0":5,"1":5,"2":5,"3":5,"4":5,"5":5,"6":5,"7":2,"8":2,"9":0,"10":2,"11":2,"12":0,"13":2,"14":2,"15":2,"16":5,"17":1,"18":1,"19":0,"20":1,"21":1,"22":0,"23":1,"24":1,"25":0,"26":1,"27":1,"28":5},"f":{"0":2,"1":1},"b":{"0":[5,0],"1":[0,2],"2":[2,2,2],"3":[0,2],"4":[2,2],"5":[0,1],"6":[1,1],"7":[0,1],"8":[0,1]},"_coverageSchema":"1a1c01bbd47fc00a2c39e90264f33305004495a9","hash":"50a648fb2138b4a829f4d8ed0bb5c7c4943ccf29"}
,"/home/ashish/Documents/cms_2/hms_full_project/backend/routes/complaint.js": {"path":"/home/ashish/Documents/cms_2/hms_full_project/backend/routes/complaint.js","statementMap":{"0":{"start":{"line":1,"column":16},"end":{"line":1,"column":34}},"1":{"start":{"line":2,"column":15},"end":{"line":2,"column":31}},"2":{"start":{"line":3,"column":18},"end":{"line":3,"column":48}},"3":{"start":{"line":4,"column":37},"end":{"line":4,"column":66}},"4":{"start":{"line":7,"column":0},"end":{"line":15,"column":3}},"5":{"start":{"line":8,"column":33},"end":{"line":8,"column":41}},"6":{"start":{"line":9,"column":12},"end":{"line":13,"column":4}},"7":{"start":{"line":14,"column":2},"end":{"line":14,"column":26}},"8":{"start":{"line":18,"column":0},"end":{"line":21,"column":3}},"9":{"start":{"line":19,"column":15},"end":{"line":19,"column":86}},"10":{"start":{"line":20,"column":2},"end":{"line":20,"column":17}},"11":{"start":{"line":24,"column":0},"end":{"line":29,"column":3}},"12":{"start":{"line":25,"column":15},"end":{"line":27,"column":28}},"13":{"start":{"line":28,"column":2},"end":{"line":28,"column":17}},"14":{"start":{"line":32,"column":0},"end":{"line":43,"column":3}},"15":{"start":{"line":33,"column":35},"end":{"line":33,"column":43}},"16":{"start":{"line":34,"column":18},"end":{"line":34,"column":51}},"17":{"start":{"line":35,"column":2},"end":{"line":36,"column":63}},"18":{"start":{"line":36,"column":4},"end":{"line":36,"column":63}},"19":{"start":{"line":37,"column":12},"end":{"line":41,"column":3}},"20":{"start":{"line":42,"column":2},"end":{"line":42,"column":14}},"21":{"start":{"line":45,"column":0},"end":{"line":45,"column":24}}},"fnMap":{"0":{"name":"(anonymous_0)","decl":{"start":{"line":7,"column":30},"end":{"line":7,"column":31}},"loc":{"start":{"line":7,"column":50},"end":{"line":15,"column":1}},"line":7},"1":{"name":"(anonymous_1)","decl":{"start":{"line":18,"column":33},"end":{"line":18,"column":34}},"loc":{"start":{"line":18,"column":53},"end":{"line":21,"column":1}},"line":18},"2":{"name":"(anonymous_2)","decl":{"start":{"line":24,"column":54},"end":{"line":24,"column":55}},"loc":{"start":{"line":24,"column":74},"end":{"line":29,"column":1}},"line":24},"3":{"name":"(anonymous_3)","decl":{"start":{"line":32,"column":61},"end":{"line":32,"column":62}},"loc":{"start":{"line":32,"column":81},"end":{"line":43,"column":1}},"line":32}},"branchMap":{"0":{"loc":{"start":{"line":35,"column":2},"end":{"line":36,"column":63}},"type":"if","locations":[{"start":{"line":35,"column":2},"end":{"line":36,"column":63}},{"start":{},"end":{}}],"line":35}},"s":{"0":5,"1":5,"2":5,"3":5,"4":5,"5":1,"6":1,"7":1,"8":5,"9":0,"10":0,"11":5,"12":0,"13":0,"14":5,"15":0,"16":0,"17":0,"18":0,"19":0,"20":0,"21":5},"f":{"0":1,"1":0,"2":0,"3":0},"b":{"0":[0,0]},"_coverageSchema":"1a1c01bbd47fc00a2c39e90264f33305004495a9","hash":"198f05334d41dd2464271bb5646c9aade6f62260"}
,"/home/ashish/Documents/cms_2/hms_full_project/backend/routes/entry.js": {"path":"/home/ashish/Documents/cms_2/hms_full_project/backend/routes/entry.js","statementMap":{"0":{"start":{"line":1,"column":16},"end":{"line":1,"column":34}},"1":{"start":{"line":2,"column":15},"end":{"line":2,"column":31}},"2":{"start":{"line":3,"column":18},"end":{"line":3,"column":48}},"3":{"start":{"line":4,"column":37},"end":{"line":4,"column":66}},"4":{"start":{"line":7,"column":0},"end":{"line":18,"column":3}},"5":{"start":{"line":8,"column":2},"end":{"line":9,"column":78}},"6":{"start":{"line":9,"column":4},"end":{"line":9,"column":78}},"7":{"start":{"line":11,"column":29},"end":{"line":11,"column":37}},"8":{"start":{"line":12,"column":16},"end":{"line":16,"column":4}},"9":{"start":{"line":17,"column":2},"end":{"line":17,"column":30}},"10":{"start":{"line":21,"column":0},"end":{"line":26,"column":3}},"11":{"start":{"line":22,"column":18},"end":{"line":24,"column":14}},"12":{"start":{"line":25,"column":2},"end":{"line":25,"column":20}},"13":{"start":{"line":29,"column":0},"end":{"line":40,"column":3}},"14":{"start":{"line":30,"column":31},"end":{"line":30,"column":40}},"15":{"start":{"line":31,"column":17},"end":{"line":31,"column":19}},"16":{"start":{"line":32,"column":2},"end":{"line":32,"column":31}},"17":{"start":{"line":32,"column":12},"end":{"line":32,"column":31}},"18":{"start":{"line":33,"column":2},"end":{"line":34,"column":70}},"19":{"start":{"line":34,"column":4},"end":{"line":34,"column":70}},"20":{"start":{"line":36,"column":15},"end":{"line":38,"column":28}},"21":{"start":{"line":39,"column":2},"end":{"line":39,"column":17}},"22":{"start":{"line":42,"column":0},"end":{"line":42,"column":24}}},"fnMap":{"0":{"name":"(anonymous_0)","decl":{"start":{"line":7,"column":30},"end":{"line":7,"column":31}},"loc":{"start":{"line":7,"column":50},"end":{"line":18,"column":1}},"line":7},"1":{"name":"(anonymous_1)","decl":{"start":{"line":21,"column":31},"end":{"line":21,"column":32}},"loc":{"start":{"line":21,"column":51},"end":{"line":26,"column":1}},"line":21},"2":{"name":"(anonymous_2)","decl":{"start":{"line":29,"column":54},"end":{"line":29,"column":55}},"loc":{"start":{"line":29,"column":74},"end":{"line":40,"column":1}},"line":29}},"branchMap":{"0":{"loc":{"start":{"line":8,"column":2},"end":{"line":9,"column":78}},"type":"if","locations":[{"start":{"line":8,"column":2},"end":{"line":9,"column":78}},{"start":{},"end":{}}],"line":8},"1":{"loc":{"start":{"line":32,"column":2},"end":{"line":32,"column":31}},"type":"if","locations":[{"start":{"line":32,"column":2},"end":{"line":32,"column":31}},{"start":{},"end":{}}],"line":32},"2":{"loc":{"start":{"line":33,"column":2},"end":{"line":34,"column":70}},"type":"if","locations":[{"start":{"line":33,"column":2},"end":{"line":34,"column":70}},{"start":{},"end":{}}],"line":33},"3":{"loc":{"start":{"line":33,"column":6},"end":{"line":33,"column":18}},"type":"binary-expr","locations":[{"start":{"line":33,"column":6},"end":{"line":33,"column":11}},{"start":{"line":33,"column":15},"end":{"line":33,"column":18}}],"line":33}},"s":{"0":5,"1":5,"2":5,"3":5,"4":5,"5":1,"6":0,"7":1,"8":1,"9":1,"10":5,"11":0,"12":0,"13":5,"14":0,"15":0,"16":0,"17":0,"18":0,"19":0,"20":0,"21":0,"22":5},"f":{"0":1,"1":0,"2":0},"b":{"0":[0,1],"1":[0,0],"2":[0,0],"3":[0,0]},"_coverageSchema":"1a1c01bbd47fc00a2c39e90264f33305004495a9","hash":"83a75346a43c308219ecf72131cc806165553c90"}
,"/home/ashish/Documents/cms_2/hms_full_project/backend/routes/notice.js": {"path":"/home/ashish/Documents/cms_2/hms_full_project/backend/routes/notice.js","statementMap":{"0":{"start":{"line":1,"column":16},"end":{"line":1,"column":34}},"1":{"start":{"line":2,"column":15},"end":{"line":2,"column":31}},"2":{"start":{"line":3,"column":15},"end":{"line":3,"column":42}},"3":{"start":{"line":4,"column":37},"end":{"line":4,"column":66}},"4":{"start":{"line":7,"column":0},"end":{"line":18,"column":3}},"5":{"start":{"line":8,"column":26},"end":{"line":8,"column":34}},"6":{"start":{"line":9,"column":2},"end":{"line":10,"column":72}},"7":{"start":{"line":10,"column":4},"end":{"line":10,"column":72}},"8":{"start":{"line":11,"column":12},"end":{"line":16,"column":4}},"9":{"start":{"line":17,"column":2},"end":{"line":17,"column":26}},"10":{"start":{"line":21,"column":0},"end":{"line":24,"column":3}},"11":{"start":{"line":22,"column":15},"end":{"line":22,"column":72}},"12":{"start":{"line":23,"column":2},"end":{"line":23,"column":17}},"13":{"start":{"line":27,"column":0},"end":{"line":30,"column":3}},"14":{"start":{"line":28,"column":15},"end":{"line":28,"column":57}},"15":{"start":{"line":29,"column":2},"end":{"line":29,"column":17}},"16":{"start":{"line":32,"column":0},"end":{"line":32,"column":24}}},"fnMap":{"0":{"name":"(anonymous_0)","decl":{"start":{"line":7,"column":52},"end":{"line":7,"column":53}},"loc":{"start":{"line":7,"column":72},"end":{"line":18,"column":1}},"line":7},"1":{"name":"(anonymous_1)","decl":{"start":{"line":21,"column":54},"end":{"line":21,"column":55}},"loc":{"start":{"line":21,"column":74},"end":{"line":24,"column":1}},"line":21},"2":{"name":"(anonymous_2)","decl":{"start":{"line":27,"column":29},"end":{"line":27,"column":30}},"loc":{"start":{"line":27,"column":49},"end":{"line":30,"column":1}},"line":27}},"branchMap":{"0":{"loc":{"start":{"line":9,"column":2},"end":{"line":10,"column":72}},"type":"if","locations":[{"start":{"line":9,"column":2},"end":{"line":10,"column":72}},{"start":{},"end":{}}],"line":9},"1":{"loc":{"start":{"line":9,"column":6},"end":{"line":9,"column":21}},"type":"binary-expr","locations":[{"start":{"line":9,"column":6},"end":{"line":9,"column":12}},{"start":{"line":9,"column":16},"end":{"line":9,"column":21}}],"line":9}},"s":{"0":5,"1":5,"2":5,"3":5,"4":5,"5":1,"6":1,"7":0,"8":1,"9":1,"10":5,"11":0,"12":0,"13":5,"14":0,"15":0,"16":5},"f":{"0":1,"1":0,"2":0},"b":{"0":[0,1],"1":[1,1]},"_coverageSchema":"1a1c01bbd47fc00a2c39e90264f33305004495a9","hash":"bab57148c3966ed3b64d7e7c0c744ecd9fc26fe0"}
,"/home/ashish/Documents/cms_2/hms_full_project/backend/routes/room.js": {"path":"/home/ashish/Documents/cms_2/hms_full_project/backend/routes/room.js","statementMap":{"0":{"start":{"line":1,"column":16},"end":{"line":1,"column":34}},"1":{"start":{"line":2,"column":15},"end":{"line":2,"column":31}},"2":{"start":{"line":3,"column":13},"end":{"line":3,"column":38}},"3":{"start":{"line":4,"column":37},"end":{"line":4,"column":66}},"4":{"start":{"line":7,"column":0},"end":{"line":16,"column":3}},"5":{"start":{"line":8,"column":2},"end":{"line":15,"column":3}},"6":{"start":{"line":9,"column":33},"end":{"line":9,"column":41}},"7":{"start":{"line":10,"column":17},"end":{"line":10,"column":56}},"8":{"start":{"line":11,"column":4},"end":{"line":11,"column":38}},"9":{"start":{"line":13,"column":4},"end":{"line":13,"column":47}},"10":{"start":{"line":14,"column":4},"end":{"line":14,"column":61}},"11":{"start":{"line":18,"column":0},"end":{"line":18,"column":24}}},"fnMap":{"0":{"name":"(anonymous_0)","decl":{"start":{"line":7,"column":52},"end":{"line":7,"column":53}},"loc":{"start":{"line":7,"column":72},"end":{"line":16,"column":1}},"line":7}},"branchMap":{},"s":{"0":5,"1":5,"2":5,"3":5,"4":5,"5":1,"6":1,"7":1,"8":1,"9":0,"10":0,"11":5},"f":{"0":1},"b":{},"_coverageSchema":"1a1c01bbd47fc00a2c39e90264f33305004495a9","hash":"f3fe4190540069f60ae5b8ee055b86dcb0cc5714"}
,"/home/ashish/Documents/cms_2/hms_full_project/backend/routes/student.js": {"path":"/home/ashish/Documents/cms_2/hms_full_project/backend/routes/student.js","statementMap":{"0":{"start":{"line":1,"column":16},"end":{"line":1,"column":34}},"1":{"start":{"line":2,"column":15},"end":{"line":2,"column":31}},"2":{"start":{"line":3,"column":18},"end":{"line":3,"column":52}},"3":{"start":{"line":4,"column":22},"end":{"line":4,"column":56}},"4":{"start":{"line":6,"column":0},"end":{"line":15,"column":3}},"5":{"start":{"line":7,"column":2},"end":{"line":14,"column":3}},"6":{"start":{"line":8,"column":20},"end":{"line":8,"column":84}},"7":{"start":{"line":9,"column":4},"end":{"line":9,"column":72}},"8":{"start":{"line":9,"column":18},"end":{"line":9,"column":72}},"9":{"start":{"line":10,"column":4},"end":{"line":10,"column":129}},"10":{"start":{"line":12,"column":4},"end":{"line":12,"column":23}},"11":{"start":{"line":13,"column":4},"end":{"line":13,"column":54}},"12":{"start":{"line":16,"column":0},"end":{"line":16,"column":24}}},"fnMap":{"0":{"name":"(anonymous_0)","decl":{"start":{"line":6,"column":45},"end":{"line":6,"column":46}},"loc":{"start":{"line":6,"column":65},"end":{"line":15,"column":1}},"line":6}},"branchMap":{"0":{"loc":{"start":{"line":9,"column":4},"end":{"line":9,"column":72}},"type":"if","locations":[{"start":{"line":9,"column":4},"end":{"line":9,"column":72}},{"start":{},"end":{}}],"line":9}},"s":{"0":5,"1":5,"2":5,"3":5,"4":5,"5":0,"6":0,"7":0,"8":0,"9":0,"10":0,"11":0,"12":5},"f":{"0":0},"b":{"0":[0,0]},"_coverageSchema":"1a1c01bbd47fc00a2c39e90264f33305004495a9","hash":"c04400014fb576786a9b979250dfbbf1e8ebb999"}
}
