TN:
SF:server.js
FN:41,(anonymous_0)
FN:43,(anonymous_1)
FN:45,(anonymous_2)
FNF:3
FNH:0
FNDA:0,(anonymous_0)
FNDA:0,(anonymous_1)
FNDA:0,(anonymous_2)
DA:1,5
DA:2,5
DA:3,5
DA:4,5
DA:5,5
DA:6,5
DA:9,5
DA:10,5
DA:11,5
DA:12,5
DA:13,5
DA:14,5
DA:15,5
DA:17,5
DA:18,5
DA:19,5
DA:21,5
DA:22,5
DA:23,5
DA:26,5
DA:27,5
DA:28,5
DA:29,5
DA:30,5
DA:31,5
DA:32,5
DA:34,5
DA:35,5
DA:37,5
DA:39,5
DA:40,0
DA:42,0
DA:43,0
DA:45,0
DA:48,5
LF:35
LH:31
BRDA:34,0,0,5
BRDA:34,0,1,0
BRDA:35,1,0,5
BRDA:35,1,1,0
BRDA:39,2,0,0
BRDA:39,2,1,5
BRF:6
BRH:3
end_of_record
TN:
SF:middleware/auth.js
FN:7,requireAuth
FN:24,requireRole
FN:25,(anonymous_2)
FNF:3
FNH:3
FNDA:7,requireAuth
FNDA:32,requireRole
FNDA:4,(anonymous_2)
DA:1,6
DA:2,6
DA:4,6
DA:8,7
DA:9,7
DA:11,6
DA:12,6
DA:13,6
DA:14,5
DA:15,5
DA:16,5
DA:17,5
DA:19,1
DA:25,32
DA:26,4
DA:27,4
DA:28,3
DA:33,6
LF:18
LH:18
BRDA:4,0,0,6
BRDA:4,0,1,0
BRDA:9,1,0,1
BRDA:9,1,1,6
BRDA:15,2,0,0
BRDA:15,2,1,5
BRDA:26,3,0,0
BRDA:26,3,1,4
BRDA:27,4,0,1
BRDA:27,4,1,3
BRF:10
BRH:7
end_of_record
TN:
SF:middleware/verifyJWT.js
FN:2,(anonymous_0)
FNF:1
FNH:0
FNDA:0,(anonymous_0)
DA:1,5
DA:2,5
DA:3,0
DA:4,0
DA:5,0
DA:6,0
DA:7,0
DA:8,0
DA:10,0
LF:9
LH:2
BRDA:4,0,0,0
BRDA:4,0,1,0
BRDA:7,1,0,0
BRDA:7,1,1,0
BRF:4
BRH:0
end_of_record
TN:
SF:models/Complaint.js
FNF:0
FNH:0
DA:1,6
DA:2,6
DA:11,6
LF:3
LH:3
BRF:0
BRH:0
end_of_record
TN:
SF:models/EntryExit.js
FNF:0
FNH:0
DA:1,6
DA:2,6
DA:12,6
LF:3
LH:3
BRF:0
BRH:0
end_of_record
TN:
SF:models/HostelStudent.js
FNF:0
FNH:0
DA:1,5
DA:3,5
DA:13,5
LF:3
LH:3
BRF:0
BRH:0
end_of_record
TN:
SF:models/Notice.js
FNF:0
FNH:0
DA:1,6
DA:2,6
DA:10,6
LF:3
LH:3
BRF:0
BRH:0
end_of_record
TN:
SF:models/Room.js
FNF:0
FNH:0
DA:1,6
DA:2,6
DA:8,6
LF:3
LH:3
BRF:0
BRH:0
end_of_record
TN:
SF:models/User.js
FNF:0
FNH:0
DA:1,7
DA:2,7
DA:18,7
LF:3
LH:3
BRF:0
BRH:0
end_of_record
TN:
SF:routes/admin.js
FN:6,(anonymous_0)
FNF:1
FNH:0
FNDA:0,(anonymous_0)
DA:1,5
DA:2,5
DA:3,5
DA:4,5
DA:6,5
DA:7,0
DA:8,0
DA:9,0
DA:10,0
DA:11,0
DA:13,0
DA:14,0
DA:17,5
LF:13
LH:6
BRDA:8,0,0,0
BRDA:8,0,1,0
BRDA:8,1,0,0
BRDA:8,1,1,0
BRDA:8,1,2,0
BRF:5
BRH:0
end_of_record
TN:
SF:routes/auth.js
FN:9,(anonymous_0)
FN:19,(anonymous_1)
FNF:2
FNH:2
FNDA:2,(anonymous_0)
FNDA:1,(anonymous_1)
DA:1,5
DA:2,5
DA:3,5
DA:4,5
DA:5,5
DA:7,5
DA:9,5
DA:10,2
DA:11,2
DA:12,2
DA:13,2
DA:14,2
DA:15,2
DA:16,2
DA:19,5
DA:20,1
DA:21,1
DA:22,1
DA:23,1
DA:24,1
DA:25,1
DA:26,1
DA:27,1
DA:30,5
LF:24
LH:24
BRDA:7,0,0,5
BRDA:7,0,1,0
BRDA:11,1,0,0
BRDA:11,1,1,2
BRDA:11,2,0,2
BRDA:11,2,1,2
BRDA:11,2,2,2
BRDA:13,3,0,0
BRDA:13,3,1,2
BRDA:15,4,0,2
BRDA:15,4,1,2
BRDA:21,5,0,0
BRDA:21,5,1,1
BRDA:21,6,0,1
BRDA:21,6,1,1
BRDA:23,7,0,0
BRDA:23,7,1,1
BRDA:25,8,0,0
BRDA:25,8,1,1
BRF:19
BRH:13
end_of_record
TN:
SF:routes/complaint.js
FN:7,(anonymous_0)
FN:18,(anonymous_1)
FN:24,(anonymous_2)
FN:32,(anonymous_3)
FNF:4
FNH:1
FNDA:1,(anonymous_0)
FNDA:0,(anonymous_1)
FNDA:0,(anonymous_2)
FNDA:0,(anonymous_3)
DA:1,5
DA:2,5
DA:3,5
DA:4,5
DA:7,5
DA:8,1
DA:9,1
DA:14,1
DA:18,5
DA:19,0
DA:20,0
DA:24,5
DA:25,0
DA:28,0
DA:32,5
DA:33,0
DA:34,0
DA:35,0
DA:36,0
DA:37,0
DA:42,0
DA:45,5
LF:22
LH:12
BRDA:35,0,0,0
BRDA:35,0,1,0
BRF:2
BRH:0
end_of_record
TN:
SF:routes/entry.js
FN:7,(anonymous_0)
FN:21,(anonymous_1)
FN:29,(anonymous_2)
FNF:3
FNH:1
FNDA:1,(anonymous_0)
FNDA:0,(anonymous_1)
FNDA:0,(anonymous_2)
DA:1,5
DA:2,5
DA:3,5
DA:4,5
DA:7,5
DA:8,1
DA:9,0
DA:11,1
DA:12,1
DA:17,1
DA:21,5
DA:22,0
DA:25,0
DA:29,5
DA:30,0
DA:31,0
DA:32,0
DA:33,0
DA:34,0
DA:36,0
DA:39,0
DA:42,5
LF:22
LH:12
BRDA:8,0,0,0
BRDA:8,0,1,1
BRDA:32,1,0,0
BRDA:32,1,1,0
BRDA:33,2,0,0
BRDA:33,2,1,0
BRDA:33,3,0,0
BRDA:33,3,1,0
BRF:8
BRH:1
end_of_record
TN:
SF:routes/notice.js
FN:7,(anonymous_0)
FN:21,(anonymous_1)
FN:27,(anonymous_2)
FNF:3
FNH:1
FNDA:1,(anonymous_0)
FNDA:0,(anonymous_1)
FNDA:0,(anonymous_2)
DA:1,5
DA:2,5
DA:3,5
DA:4,5
DA:7,5
DA:8,1
DA:9,1
DA:10,0
DA:11,1
DA:17,1
DA:21,5
DA:22,0
DA:23,0
DA:27,5
DA:28,0
DA:29,0
DA:32,5
LF:17
LH:12
BRDA:9,0,0,0
BRDA:9,0,1,1
BRDA:9,1,0,1
BRDA:9,1,1,1
BRF:4
BRH:3
end_of_record
TN:
SF:routes/room.js
FN:7,(anonymous_0)
FNF:1
FNH:1
FNDA:1,(anonymous_0)
DA:1,5
DA:2,5
DA:3,5
DA:4,5
DA:7,5
DA:8,1
DA:9,1
DA:10,1
DA:11,1
DA:13,0
DA:14,0
DA:18,5
LF:12
LH:10
BRF:0
BRH:0
end_of_record
TN:
SF:routes/student.js
FN:6,(anonymous_0)
FNF:1
FNH:0
FNDA:0,(anonymous_0)
DA:1,5
DA:2,5
DA:3,5
DA:4,5
DA:6,5
DA:7,0
DA:8,0
DA:9,0
DA:10,0
DA:12,0
DA:13,0
DA:16,5
LF:12
LH:6
BRDA:9,0,0,0
BRDA:9,0,1,0
BRF:2
BRH:0
end_of_record
