TN:
SF:index.js
FN:26,(anonymous_0)
FN:43,(anonymous_1)
FN:51,(anonymous_2)
FN:56,(anonymous_3)
FN:60,(anonymous_4)
FNF:5
FNH:0
FNDA:0,(anonymous_0)
FNDA:0,(anonymous_1)
FNDA:0,(anonymous_2)
FNDA:0,(anonymous_3)
FNDA:0,(anonymous_4)
DA:2,3
DA:3,3
DA:5,3
DA:6,3
DA:7,3
DA:9,3
DA:10,3
DA:12,3
DA:15,3
DA:18,3
DA:19,3
DA:20,3
DA:23,3
DA:26,3
DA:27,3
DA:28,3
DA:29,3
DA:30,3
DA:31,3
DA:32,3
DA:33,3
DA:34,3
DA:35,3
DA:36,3
DA:38,3
DA:40,3
DA:43,3
DA:44,0
DA:45,0
DA:49,3
DA:50,0
DA:51,0
DA:52,0
DA:56,0
DA:57,0
DA:58,0
DA:59,0
DA:60,0
DA:61,0
DA:64,0
DA:70,3
LF:41
LH:29
BRDA:18,0,0,3
BRDA:18,0,1,3
BRDA:49,1,0,0
BRDA:49,1,1,3
BRDA:50,2,0,0
BRDA:50,2,1,0
BRDA:57,3,0,0
BRDA:57,3,1,0
BRF:8
BRH:3
end_of_record
TN:
SF:Database/db.js
FN:11,(anonymous_0)
FNF:1
FNH:1
FNDA:3,(anonymous_0)
DA:2,3
DA:3,3
DA:4,3
DA:5,3
DA:11,3
DA:12,3
DA:13,3
DA:17,3
DA:19,0
DA:20,0
DA:24,3
LF:11
LH:9
BRDA:5,0,0,3
BRDA:5,0,1,0
BRF:2
BRH:1
end_of_record
TN:
SF:controllers/auth.controller.js
FN:6,(anonymous_0)
FN:21,(anonymous_1)
FN:37,(anonymous_2)
FN:52,(anonymous_3)
FNF:4
FNH:2
FNDA:1,(anonymous_0)
FNDA:1,(anonymous_1)
FNDA:0,(anonymous_2)
FNDA:0,(anonymous_3)
DA:1,1
DA:2,1
DA:3,1
DA:4,1
DA:6,1
DA:7,1
DA:8,1
DA:9,1
DA:10,1
DA:11,1
DA:12,1
DA:14,1
DA:16,0
DA:17,0
DA:21,1
DA:22,1
DA:23,1
DA:24,1
DA:25,1
DA:26,1
DA:27,1
DA:28,1
DA:29,1
DA:30,1
DA:32,0
DA:33,0
DA:37,1
DA:38,0
DA:39,0
DA:40,0
DA:41,0
DA:42,0
DA:43,0
DA:45,0
DA:47,0
DA:48,0
DA:52,1
DA:53,0
DA:54,0
DA:55,0
DA:56,0
DA:57,0
DA:58,0
DA:59,0
DA:61,0
DA:62,0
DA:63,0
DA:65,0
DA:66,0
LF:49
LH:24
BRDA:10,0,0,0
BRDA:10,0,1,1
BRDA:25,1,0,0
BRDA:25,1,1,1
BRDA:27,2,0,0
BRDA:27,2,1,1
BRDA:28,3,0,1
BRDA:28,3,1,1
BRDA:41,4,0,0
BRDA:41,4,1,0
BRDA:56,5,0,0
BRDA:56,5,1,0
BRDA:57,6,0,0
BRDA:57,6,1,0
BRDA:59,7,0,0
BRDA:59,7,1,0
BRDA:61,8,0,0
BRDA:61,8,1,0
BRF:18
BRH:5
end_of_record
TN:
SF:controllers/branch.controller.js
FN:4,(anonymous_0)
FN:24,(anonymous_1)
FN:49,(anonymous_2)
FN:83,(anonymous_3)
FNF:4
FNH:2
FNDA:1,(anonymous_0)
FNDA:1,(anonymous_1)
FNDA:0,(anonymous_2)
FNDA:0,(anonymous_3)
DA:1,4
DA:2,4
DA:4,4
DA:5,1
DA:6,1
DA:8,1
DA:14,1
DA:15,1
DA:18,0
DA:20,0
DA:24,4
DA:25,1
DA:26,1
DA:27,1
DA:31,1
DA:32,0
DA:39,1
DA:40,1
DA:41,1
DA:45,0
DA:49,4
DA:50,0
DA:51,0
DA:53,0
DA:54,0
DA:59,0
DA:60,0
DA:67,0
DA:71,0
DA:72,0
DA:75,0
DA:79,0
DA:83,4
DA:84,0
DA:85,0
DA:86,0
DA:87,0
DA:90,0
DA:91,0
DA:93,0
DA:97,4
LF:41
LH:19
BRDA:6,0,0,1
BRDA:14,1,0,1
BRDA:14,1,1,0
BRDA:14,2,0,1
BRDA:14,2,1,1
BRDA:31,3,0,0
BRDA:31,3,1,1
BRDA:53,4,0,0
BRDA:53,4,1,0
BRDA:53,5,0,0
BRDA:53,5,1,0
BRDA:56,6,0,0
BRDA:56,6,1,0
BRDA:56,7,0,0
BRDA:56,7,1,0
BRDA:59,8,0,0
BRDA:59,8,1,0
BRDA:71,9,0,0
BRDA:71,9,1,0
BRDA:86,10,0,0
BRDA:86,10,1,0
BRF:21
BRH:5
end_of_record
TN:
SF:controllers/exam.controller.js
FN:4,(anonymous_0)
FN:25,(anonymous_1)
FN:38,(anonymous_2)
FN:53,(anonymous_3)
FNF:4
FNH:0
FNDA:0,(anonymous_0)
FNDA:0,(anonymous_1)
FNDA:0,(anonymous_2)
FNDA:0,(anonymous_3)
DA:1,3
DA:2,3
DA:4,3
DA:5,0
DA:6,0
DA:8,0
DA:10,0
DA:11,0
DA:13,0
DA:15,0
DA:16,0
DA:19,0
DA:21,0
DA:25,3
DA:26,0
DA:27,0
DA:28,0
DA:29,0
DA:31,0
DA:32,0
DA:34,0
DA:38,3
DA:39,0
DA:40,0
DA:41,0
DA:42,0
DA:44,0
DA:47,0
DA:49,0
DA:53,3
DA:54,0
DA:55,0
DA:56,0
DA:58,0
DA:62,3
LF:35
LH:7
BRDA:6,0,0,0
BRDA:6,1,0,0
BRDA:6,2,0,0
BRDA:10,3,0,0
BRDA:10,3,1,0
BRDA:11,4,0,0
BRDA:11,4,1,0
BRDA:15,5,0,0
BRDA:15,5,1,0
BRDA:15,6,0,0
BRDA:15,6,1,0
BRDA:28,7,0,0
BRDA:28,7,1,0
BRDA:41,8,0,0
BRDA:41,8,1,0
BRF:15
BRH:0
end_of_record
TN:
SF:controllers/marks.controller.js
FN:4,(anonymous_0)
FN:44,(anonymous_1)
FN:91,(anonymous_2)
FN:117,(anonymous_3)
FN:168,(anonymous_4)
FN:194,(anonymous_5)
FN:200,(anonymous_6)
FN:202,(anonymous_7)
FN:224,(anonymous_8)
FNF:9
FNH:0
FNDA:0,(anonymous_0)
FNDA:0,(anonymous_1)
FNDA:0,(anonymous_2)
FNDA:0,(anonymous_3)
FNDA:0,(anonymous_4)
FNDA:0,(anonymous_5)
FNDA:0,(anonymous_6)
FNDA:0,(anonymous_7)
FNDA:0,(anonymous_8)
DA:1,3
DA:2,3
DA:4,3
DA:5,0
DA:6,0
DA:8,0
DA:9,0
DA:10,0
DA:13,0
DA:14,0
DA:17,0
DA:22,0
DA:23,0
DA:30,0
DA:36,0
DA:37,0
DA:44,3
DA:45,0
DA:46,0
DA:48,0
DA:49,0
DA:55,0
DA:56,0
DA:57,0
DA:63,0
DA:65,0
DA:66,0
DA:67,0
DA:69,0
DA:77,0
DA:83,0
DA:84,0
DA:91,3
DA:92,0
DA:93,0
DA:95,0
DA:97,0
DA:98,0
DA:104,0
DA:109,0
DA:110,0
DA:117,3
DA:118,0
DA:119,0
DA:121,0
DA:122,0
DA:129,0
DA:130,0
DA:131,0
DA:138,0
DA:139,0
DA:140,0
DA:141,0
DA:143,0
DA:150,0
DA:154,0
DA:160,0
DA:161,0
DA:168,3
DA:169,0
DA:170,0
DA:172,0
DA:173,0
DA:180,0
DA:185,0
DA:186,0
DA:193,0
DA:194,0
DA:200,0
DA:201,0
DA:202,0
DA:204,0
DA:210,0
DA:216,0
DA:217,0
DA:224,3
DA:225,0
DA:226,0
DA:227,0
DA:229,0
DA:230,0
DA:236,0
DA:243,0
DA:244,0
DA:251,0
DA:257,0
DA:258,0
DA:265,3
LF:88
LH:9
BRDA:9,0,0,0
BRDA:9,0,1,0
BRDA:13,1,0,0
BRDA:13,1,1,0
BRDA:22,2,0,0
BRDA:22,2,1,0
BRDA:22,3,0,0
BRDA:22,3,1,0
BRDA:48,4,0,0
BRDA:48,4,1,0
BRDA:48,5,0,0
BRDA:48,5,1,0
BRDA:48,5,2,0
BRDA:48,5,3,0
BRDA:48,5,4,0
BRDA:56,6,0,0
BRDA:56,6,1,0
BRDA:65,7,0,0
BRDA:65,7,1,0
BRDA:97,8,0,0
BRDA:97,8,1,0
BRDA:121,9,0,0
BRDA:121,9,1,0
BRDA:121,10,0,0
BRDA:121,10,1,0
BRDA:121,10,2,0
BRDA:121,10,3,0
BRDA:121,10,4,0
BRDA:138,11,0,0
BRDA:138,11,1,0
BRDA:163,12,0,0
BRDA:163,12,1,0
BRDA:172,13,0,0
BRDA:172,13,1,0
BRDA:172,14,0,0
BRDA:172,14,1,0
BRDA:172,14,2,0
BRDA:172,14,3,0
BRDA:185,15,0,0
BRDA:185,15,1,0
BRDA:185,16,0,0
BRDA:185,16,1,0
BRDA:206,17,0,0
BRDA:206,17,1,0
BRDA:219,18,0,0
BRDA:219,18,1,0
BRDA:229,19,0,0
BRDA:229,19,1,0
BRDA:243,20,0,0
BRDA:243,20,1,0
BRDA:243,21,0,0
BRDA:243,21,1,0
BRDA:260,22,0,0
BRDA:260,22,1,0
BRF:54
BRH:0
end_of_record
TN:
SF:controllers/material.controller.js
FN:4,(anonymous_0)
FN:35,(anonymous_1)
FN:76,(anonymous_2)
FN:127,(anonymous_3)
FNF:4
FNH:0
FNDA:0,(anonymous_0)
FNDA:0,(anonymous_1)
FNDA:0,(anonymous_2)
FNDA:0,(anonymous_3)
DA:1,3
DA:2,3
DA:4,3
DA:5,0
DA:6,0
DA:7,0
DA:9,0
DA:10,0
DA:11,0
DA:12,0
DA:13,0
DA:15,0
DA:21,0
DA:22,0
DA:25,0
DA:30,0
DA:31,0
DA:35,3
DA:36,0
DA:37,0
DA:39,0
DA:40,0
DA:43,0
DA:44,0
DA:47,0
DA:48,0
DA:51,0
DA:61,0
DA:66,0
DA:71,0
DA:72,0
DA:76,3
DA:77,0
DA:78,0
DA:79,0
DA:81,0
DA:82,0
DA:85,0
DA:87,0
DA:88,0
DA:91,0
DA:92,0
DA:97,0
DA:98,0
DA:99,0
DA:100,0
DA:101,0
DA:102,0
DA:103,0
DA:104,0
DA:106,0
DA:108,0
DA:110,0
DA:117,0
DA:122,0
DA:123,0
DA:127,3
DA:128,0
DA:129,0
DA:131,0
DA:132,0
DA:135,0
DA:137,0
DA:138,0
DA:141,0
DA:142,0
DA:147,0
DA:149,0
DA:151,0
DA:152,0
DA:156,3
LF:71
LH:7
BRDA:9,0,0,0
BRDA:9,0,1,0
BRDA:10,1,0,0
BRDA:10,1,1,0
BRDA:11,2,0,0
BRDA:11,2,1,0
BRDA:12,3,0,0
BRDA:12,3,1,0
BRDA:13,4,0,0
BRDA:13,4,1,0
BRDA:21,5,0,0
BRDA:21,5,1,0
BRDA:21,6,0,0
BRDA:21,6,1,0
BRDA:39,7,0,0
BRDA:39,7,1,0
BRDA:39,8,0,0
BRDA:39,8,1,0
BRDA:39,8,2,0
BRDA:39,8,3,0
BRDA:39,8,4,0
BRDA:43,9,0,0
BRDA:43,9,1,0
BRDA:47,10,0,0
BRDA:47,10,1,0
BRDA:81,11,0,0
BRDA:81,11,1,0
BRDA:87,12,0,0
BRDA:87,12,1,0
BRDA:91,13,0,0
BRDA:91,13,1,0
BRDA:98,14,0,0
BRDA:98,14,1,0
BRDA:99,15,0,0
BRDA:99,15,1,0
BRDA:100,16,0,0
BRDA:100,16,1,0
BRDA:101,17,0,0
BRDA:101,17,1,0
BRDA:102,18,0,0
BRDA:102,18,1,0
BRDA:103,19,0,0
BRDA:103,19,1,0
BRDA:108,20,0,0
BRDA:108,20,1,0
BRDA:131,21,0,0
BRDA:131,21,1,0
BRDA:137,22,0,0
BRDA:137,22,1,0
BRDA:141,23,0,0
BRDA:141,23,1,0
BRF:51
BRH:0
end_of_record
TN:
SF:controllers/notice.controller.js
FN:4,(anonymous_0)
FN:16,(anonymous_1)
FN:37,(anonymous_2)
FN:67,(anonymous_3)
FNF:4
FNH:0
FNDA:0,(anonymous_0)
FNDA:0,(anonymous_1)
FNDA:0,(anonymous_2)
FNDA:0,(anonymous_3)
DA:1,3
DA:2,3
DA:4,3
DA:5,0
DA:6,0
DA:7,0
DA:8,0
DA:10,0
DA:12,0
DA:16,3
DA:17,0
DA:19,0
DA:20,0
DA:23,0
DA:24,0
DA:31,0
DA:33,0
DA:37,3
DA:38,0
DA:39,0
DA:41,0
DA:42,0
DA:43,0
DA:44,0
DA:46,0
DA:47,0
DA:50,0
DA:51,0
DA:55,0
DA:56,0
DA:59,0
DA:63,0
DA:67,3
DA:68,0
DA:69,0
DA:70,0
DA:73,0
DA:74,0
DA:75,0
DA:77,0
DA:79,0
DA:83,3
LF:42
LH:7
BRDA:7,0,0,0
BRDA:7,0,1,0
BRDA:7,1,0,0
BRDA:7,1,1,0
BRDA:19,2,0,0
BRDA:19,2,1,0
BRDA:19,3,0,0
BRDA:19,3,1,0
BRDA:19,3,2,0
BRDA:41,4,0,0
BRDA:41,4,1,0
BRDA:42,5,0,0
BRDA:42,5,1,0
BRDA:43,6,0,0
BRDA:43,6,1,0
BRDA:44,7,0,0
BRDA:44,7,1,0
BRDA:46,8,0,0
BRDA:46,8,1,0
BRDA:55,9,0,0
BRDA:55,9,1,0
BRDA:69,10,0,0
BRDA:69,10,1,0
BRDA:74,11,0,0
BRDA:74,11,1,0
BRF:25
BRH:0
end_of_record
TN:
SF:controllers/subject.controller.js
FN:4,(anonymous_0)
FN:20,(anonymous_1)
FN:49,(anonymous_2)
FN:80,(anonymous_3)
FNF:4
FNH:0
FNDA:0,(anonymous_0)
FNDA:0,(anonymous_1)
FNDA:0,(anonymous_2)
FNDA:0,(anonymous_3)
DA:1,3
DA:2,3
DA:4,3
DA:5,0
DA:6,0
DA:7,0
DA:8,0
DA:9,0
DA:10,0
DA:11,0
DA:12,0
DA:14,0
DA:16,0
DA:20,3
DA:21,0
DA:23,0
DA:24,0
DA:27,0
DA:28,0
DA:29,0
DA:30,0
DA:33,0
DA:41,0
DA:45,0
DA:49,3
DA:50,0
DA:51,0
DA:53,0
DA:54,0
DA:55,0
DA:56,0
DA:57,0
DA:59,0
DA:60,0
DA:63,0
DA:64,0
DA:68,0
DA:69,0
DA:72,0
DA:76,0
DA:80,3
DA:81,0
DA:82,0
DA:83,0
DA:86,0
DA:87,0
DA:88,0
DA:90,0
DA:92,0
DA:96,3
LF:50
LH:7
BRDA:8,0,0,0
BRDA:8,0,1,0
BRDA:9,1,0,0
BRDA:9,1,1,0
BRDA:11,2,0,0
BRDA:11,2,1,0
BRDA:11,3,0,0
BRDA:11,3,1,0
BRDA:23,4,0,0
BRDA:23,4,1,0
BRDA:23,5,0,0
BRDA:23,5,1,0
BRDA:23,5,2,0
BRDA:23,5,3,0
BRDA:23,5,4,0
BRDA:29,6,0,0
BRDA:29,6,1,0
BRDA:53,7,0,0
BRDA:53,7,1,0
BRDA:54,8,0,0
BRDA:54,8,1,0
BRDA:55,9,0,0
BRDA:55,9,1,0
BRDA:56,10,0,0
BRDA:56,10,1,0
BRDA:57,11,0,0
BRDA:57,11,1,0
BRDA:59,12,0,0
BRDA:59,12,1,0
BRDA:68,13,0,0
BRDA:68,13,1,0
BRDA:82,14,0,0
BRDA:82,14,1,0
BRDA:87,15,0,0
BRDA:87,15,1,0
BRF:35
BRH:0
end_of_record
TN:
SF:controllers/timetable.controller.js
FN:4,(anonymous_0)
FN:30,(anonymous_1)
FN:77,(anonymous_2)
FN:110,(anonymous_3)
FNF:4
FNH:0
FNDA:0,(anonymous_0)
FNDA:0,(anonymous_1)
FNDA:0,(anonymous_2)
FNDA:0,(anonymous_3)
DA:1,3
DA:2,3
DA:4,3
DA:5,0
DA:6,0
DA:7,0
DA:9,0
DA:10,0
DA:12,0
DA:16,0
DA:17,0
DA:20,0
DA:25,0
DA:26,0
DA:30,3
DA:31,0
DA:32,0
DA:34,0
DA:35,0
DA:40,0
DA:41,0
DA:44,0
DA:46,0
DA:47,0
DA:56,0
DA:62,0
DA:68,0
DA:72,0
DA:73,0
DA:77,3
DA:78,0
DA:79,0
DA:80,0
DA:82,0
DA:83,0
DA:86,0
DA:96,0
DA:97,0
DA:100,0
DA:105,0
DA:106,0
DA:110,3
DA:111,0
DA:112,0
DA:114,0
DA:115,0
DA:118,0
DA:120,0
DA:121,0
DA:124,0
DA:128,0
DA:129,0
DA:133,3
LF:53
LH:7
BRDA:9,0,0,0
BRDA:9,0,1,0
BRDA:10,1,0,0
BRDA:10,1,1,0
BRDA:16,2,0,0
BRDA:16,2,1,0
BRDA:16,3,0,0
BRDA:16,3,1,0
BRDA:34,4,0,0
BRDA:34,4,1,0
BRDA:34,5,0,0
BRDA:34,5,1,0
BRDA:40,6,0,0
BRDA:40,6,1,0
BRDA:46,7,0,0
BRDA:46,7,1,0
BRDA:82,8,0,0
BRDA:82,8,1,0
BRDA:91,9,0,0
BRDA:91,9,1,0
BRDA:96,10,0,0
BRDA:96,10,1,0
BRDA:114,11,0,0
BRDA:114,11,1,0
BRDA:120,12,0,0
BRDA:120,12,1,0
BRF:26
BRH:0
end_of_record
TN:
SF:controllers/details/admin-details.controller.js
FN:8,(anonymous_0)
FN:35,(anonymous_1)
FN:50,(anonymous_2)
FN:54,(anonymous_3)
FN:98,(anonymous_4)
FN:115,(anonymous_5)
FN:191,(anonymous_6)
FN:212,(anonymous_7)
FN:254,(anonymous_8)
FN:299,(anonymous_9)
FNF:10
FNH:0
FNDA:0,(anonymous_0)
FNDA:0,(anonymous_1)
FNDA:0,(anonymous_2)
FNDA:0,(anonymous_3)
FNDA:0,(anonymous_4)
FNDA:0,(anonymous_5)
FNDA:0,(anonymous_6)
FNDA:0,(anonymous_7)
FNDA:0,(anonymous_8)
FNDA:0,(anonymous_9)
DA:1,3
DA:2,3
DA:3,3
DA:4,3
DA:5,3
DA:6,3
DA:8,3
DA:9,0
DA:10,0
DA:12,0
DA:14,0
DA:15,0
DA:18,0
DA:20,0
DA:21,0
DA:24,0
DA:28,0
DA:30,0
DA:31,0
DA:35,3
DA:36,0
DA:37,0
DA:39,0
DA:40,0
DA:43,0
DA:45,0
DA:46,0
DA:50,3
DA:51,0
DA:54,3
DA:55,0
DA:56,0
DA:58,0
DA:60,0
DA:61,0
DA:64,0
DA:65,0
DA:68,0
DA:72,0
DA:73,0
DA:78,0
DA:80,0
DA:87,0
DA:91,0
DA:93,0
DA:94,0
DA:98,3
DA:99,0
DA:100,0
DA:104,0
DA:105,0
DA:108,0
DA:110,0
DA:111,0
DA:115,3
DA:116,0
DA:117,0
DA:118,0
DA:121,0
DA:122,0
DA:124,0
DA:125,0
DA:128,0
DA:129,0
DA:132,0
DA:133,0
DA:138,0
DA:139,0
DA:144,0
DA:145,0
DA:149,0
DA:150,0
DA:155,0
DA:156,0
DA:160,0
DA:161,0
DA:162,0
DA:165,0
DA:166,0
DA:169,0
DA:170,0
DA:172,0
DA:173,0
DA:176,0
DA:180,0
DA:181,0
DA:184,0
DA:186,0
DA:187,0
DA:191,3
DA:192,0
DA:193,0
DA:194,0
DA:197,0
DA:199,0
DA:200,0
DA:203,0
DA:205,0
DA:207,0
DA:208,0
DA:212,3
DA:213,0
DA:214,0
DA:215,0
DA:216,0
DA:219,0
DA:221,0
DA:222,0
DA:224,0
DA:234,0
DA:239,0
DA:245,0
DA:247,0
DA:249,0
DA:250,0
DA:254,3
DA:255,0
DA:256,0
DA:257,0
DA:258,0
DA:259,0
DA:264,0
DA:266,0
DA:267,0
DA:270,0
DA:275,0
DA:276,0
DA:279,0
DA:281,0
DA:283,0
DA:287,0
DA:292,0
DA:294,0
DA:295,0
DA:299,3
DA:300,0
DA:301,0
DA:302,0
DA:304,0
DA:305,0
DA:310,0
DA:311,0
DA:316,0
DA:317,0
DA:318,0
DA:321,0
DA:325,0
DA:326,0
DA:331,0
DA:332,0
DA:334,0
DA:338,0
DA:340,0
DA:341,0
DA:345,3
LF:155
LH:17
BRDA:14,0,0,0
BRDA:14,0,1,0
BRDA:20,1,0,0
BRDA:20,1,1,0
BRDA:39,2,0,0
BRDA:39,2,1,0
BRDA:39,3,0,0
BRDA:39,3,1,0
BRDA:60,4,0,0
BRDA:60,4,1,0
BRDA:64,5,0,0
BRDA:64,5,1,0
BRDA:72,6,0,0
BRDA:72,6,1,0
BRDA:104,7,0,0
BRDA:104,7,1,0
BRDA:117,8,0,0
BRDA:117,8,1,0
BRDA:124,9,0,0
BRDA:124,9,1,0
BRDA:124,10,0,0
BRDA:124,10,1,0
BRDA:128,11,0,0
BRDA:128,11,1,0
BRDA:128,12,0,0
BRDA:128,12,1,0
BRDA:132,13,0,0
BRDA:132,13,1,0
BRDA:132,14,0,0
BRDA:132,14,1,0
BRDA:138,15,0,0
BRDA:138,15,1,0
BRDA:144,16,0,0
BRDA:144,16,1,0
BRDA:149,17,0,0
BRDA:149,17,1,0
BRDA:155,18,0,0
BRDA:155,18,1,0
BRDA:160,19,0,0
BRDA:160,19,1,0
BRDA:165,20,0,0
BRDA:165,20,1,0
BRDA:169,21,0,0
BRDA:169,21,1,0
BRDA:172,22,0,0
BRDA:172,22,1,0
BRDA:180,23,0,0
BRDA:180,23,1,0
BRDA:193,24,0,0
BRDA:193,24,1,0
BRDA:199,25,0,0
BRDA:199,25,1,0
BRDA:215,26,0,0
BRDA:215,26,1,0
BRDA:221,27,0,0
BRDA:221,27,1,0
BRDA:258,28,0,0
BRDA:258,28,1,0
BRDA:258,29,0,0
BRDA:258,29,1,0
BRDA:266,30,0,0
BRDA:266,30,1,0
BRDA:275,31,0,0
BRDA:275,31,1,0
BRDA:304,32,0,0
BRDA:304,32,1,0
BRDA:304,33,0,0
BRDA:304,33,1,0
BRDA:310,34,0,0
BRDA:310,34,1,0
BRDA:317,35,0,0
BRDA:317,35,1,0
BRDA:325,36,0,0
BRDA:325,36,1,0
BRF:74
BRH:0
end_of_record
TN:
SF:controllers/details/faculty-details.controller.js
FN:8,(anonymous_0)
FN:76,(anonymous_1)
FN:89,(anonymous_2)
FN:93,(anonymous_3)
FN:160,(anonymous_4)
FN:231,(anonymous_5)
FN:249,(anonymous_6)
FN:264,(anonymous_7)
FN:297,(anonymous_8)
FN:338,(anonymous_9)
FNF:10
FNH:3
FNDA:1,(anonymous_0)
FNDA:0,(anonymous_1)
FNDA:2,(anonymous_2)
FNDA:2,(anonymous_3)
FNDA:0,(anonymous_4)
FNDA:0,(anonymous_5)
FNDA:0,(anonymous_6)
FNDA:0,(anonymous_7)
FNDA:0,(anonymous_8)
FNDA:0,(anonymous_9)
DA:1,3
DA:2,3
DA:3,3
DA:4,3
DA:5,3
DA:6,3
DA:8,3
DA:9,1
DA:10,1
DA:11,1
DA:13,1
DA:14,0
DA:17,1
DA:18,1
DA:19,0
DA:22,1
DA:27,1
DA:37,1
DA:38,1
DA:41,1
DA:43,0
DA:44,0
DA:45,0
DA:46,0
DA:47,0
DA:51,0
DA:52,0
DA:58,0
DA:61,0
DA:64,0
DA:65,0
DA:69,1
DA:71,0
DA:72,0
DA:76,3
DA:77,0
DA:78,0
DA:79,0
DA:80,0
DA:82,0
DA:84,0
DA:85,0
DA:89,3
DA:90,2
DA:93,3
DA:94,2
DA:95,2
DA:97,2
DA:99,2
DA:100,0
DA:103,2
DA:104,0
DA:107,2
DA:110,2
DA:111,0
DA:116,2
DA:118,2
DA:127,2
DA:128,2
DA:129,2
DA:130,2
DA:131,2
DA:132,2
DA:133,2
DA:134,2
DA:135,2
DA:136,2
DA:137,2
DA:138,2
DA:139,2
DA:142,2
DA:145,2
DA:147,2
DA:150,2
DA:155,0
DA:156,0
DA:160,3
DA:161,0
DA:162,0
DA:163,0
DA:166,0
DA:167,0
DA:169,0
DA:170,0
DA:173,0
DA:174,0
DA:177,0
DA:178,0
DA:183,0
DA:184,0
DA:188,0
DA:189,0
DA:193,0
DA:194,0
DA:198,0
DA:199,0
DA:203,0
DA:204,0
DA:205,0
DA:208,0
DA:209,0
DA:212,0
DA:213,0
DA:214,0
DA:216,0
DA:220,0
DA:221,0
DA:224,0
DA:226,0
DA:227,0
DA:231,3
DA:232,0
DA:233,0
DA:234,0
DA:237,0
DA:238,0
DA:239,0
DA:242,0
DA:244,0
DA:245,0
DA:249,3
DA:250,0
DA:251,0
DA:254,0
DA:255,0
DA:257,0
DA:259,0
DA:260,0
DA:264,3
DA:265,0
DA:266,0
DA:267,0
DA:268,0
DA:271,0
DA:272,0
DA:273,0
DA:276,0
DA:280,0
DA:282,0
DA:288,0
DA:290,0
DA:292,0
DA:293,0
DA:297,3
DA:298,0
DA:299,0
DA:300,0
DA:302,0
DA:303,0
DA:308,0
DA:309,0
DA:310,0
DA:313,0
DA:314,0
DA:315,0
DA:318,0
DA:320,0
DA:324,0
DA:329,0
DA:333,0
DA:334,0
DA:338,3
DA:339,0
DA:340,0
DA:341,0
DA:343,0
DA:344,0
DA:349,0
DA:350,0
DA:355,0
DA:356,0
DA:357,0
DA:360,0
DA:364,0
DA:365,0
DA:370,0
DA:371,0
DA:373,0
DA:377,0
DA:379,0
DA:380,0
DA:384,3
LF:182
LH:56
BRDA:13,0,0,0
BRDA:13,0,1,1
BRDA:18,1,0,0
BRDA:18,1,1,1
BRDA:38,2,0,1
BRDA:38,2,1,0
BRDA:38,2,2,0
BRDA:41,3,0,0
BRDA:41,3,1,1
BRDA:41,4,0,1
BRDA:41,4,1,1
BRDA:46,5,0,0
BRDA:46,5,1,0
BRDA:51,6,0,0
BRDA:51,6,1,0
BRDA:51,7,0,0
BRDA:51,7,1,0
BRDA:53,8,0,0
BRDA:53,8,1,0
BRDA:54,9,0,0
BRDA:54,9,1,0
BRDA:79,10,0,0
BRDA:79,10,1,0
BRDA:79,11,0,0
BRDA:79,11,1,0
BRDA:97,12,0,0
BRDA:97,12,1,2
BRDA:99,13,0,0
BRDA:99,13,1,2
BRDA:103,14,0,0
BRDA:103,14,1,2
BRDA:103,15,0,2
BRDA:103,15,1,0
BRDA:110,16,0,0
BRDA:110,16,1,2
BRDA:123,17,0,2
BRDA:123,17,1,0
BRDA:127,18,0,2
BRDA:127,18,1,0
BRDA:129,19,0,2
BRDA:129,19,1,2
BRDA:130,20,0,2
BRDA:130,20,1,2
BRDA:131,21,0,0
BRDA:131,21,1,2
BRDA:132,22,0,0
BRDA:132,22,1,2
BRDA:133,23,0,2
BRDA:133,23,1,2
BRDA:134,24,0,2
BRDA:134,24,1,2
BRDA:135,25,0,2
BRDA:135,25,1,2
BRDA:136,26,0,2
BRDA:136,26,1,2
BRDA:137,27,0,2
BRDA:137,27,1,2
BRDA:138,28,0,2
BRDA:138,28,1,2
BRDA:139,29,0,2
BRDA:139,29,1,2
BRDA:142,30,0,2
BRDA:142,30,1,0
BRDA:162,31,0,0
BRDA:162,31,1,0
BRDA:169,32,0,0
BRDA:169,32,1,0
BRDA:169,33,0,0
BRDA:169,33,1,0
BRDA:173,34,0,0
BRDA:173,34,1,0
BRDA:173,35,0,0
BRDA:173,35,1,0
BRDA:177,36,0,0
BRDA:177,36,1,0
BRDA:177,37,0,0
BRDA:177,37,1,0
BRDA:183,38,0,0
BRDA:183,38,1,0
BRDA:188,39,0,0
BRDA:188,39,1,0
BRDA:193,40,0,0
BRDA:193,40,1,0
BRDA:198,41,0,0
BRDA:198,41,1,0
BRDA:203,42,0,0
BRDA:203,42,1,0
BRDA:208,43,0,0
BRDA:208,43,1,0
BRDA:212,44,0,0
BRDA:212,44,1,0
BRDA:213,45,0,0
BRDA:213,45,1,0
BRDA:220,46,0,0
BRDA:220,46,1,0
BRDA:233,47,0,0
BRDA:233,47,1,0
BRDA:238,48,0,0
BRDA:238,48,1,0
BRDA:254,49,0,0
BRDA:254,49,1,0
BRDA:267,50,0,0
BRDA:267,50,1,0
BRDA:272,51,0,0
BRDA:272,51,1,0
BRDA:302,52,0,0
BRDA:302,52,1,0
BRDA:302,53,0,0
BRDA:302,53,1,0
BRDA:309,54,0,0
BRDA:309,54,1,0
BRDA:314,55,0,0
BRDA:314,55,1,0
BRDA:343,56,0,0
BRDA:343,56,1,0
BRDA:343,57,0,0
BRDA:343,57,1,0
BRDA:349,58,0,0
BRDA:349,58,1,0
BRDA:356,59,0,0
BRDA:356,59,1,0
BRDA:364,60,0,0
BRDA:364,60,1,0
BRF:123
BRH:34
end_of_record
TN:
SF:controllers/details/student-details.controller.js
FN:9,(anonymous_0)
FN:104,(anonymous_1)
FN:122,(anonymous_2)
FN:173,(anonymous_3)
FN:191,(anonymous_4)
FN:280,(anonymous_5)
FN:301,(anonymous_6)
FN:343,(anonymous_7)
FN:387,(anonymous_8)
FN:435,(anonymous_9)
FNF:10
FNH:2
FNDA:1,(anonymous_0)
FNDA:0,(anonymous_1)
FNDA:2,(anonymous_2)
FNDA:0,(anonymous_3)
FNDA:0,(anonymous_4)
FNDA:0,(anonymous_5)
FNDA:0,(anonymous_6)
FNDA:0,(anonymous_7)
FNDA:0,(anonymous_8)
FNDA:0,(anonymous_9)
DA:1,3
DA:2,3
DA:3,3
DA:4,3
DA:5,3
DA:6,3
DA:7,3
DA:9,3
DA:10,1
DA:11,1
DA:13,1
DA:15,1
DA:16,0
DA:19,1
DA:21,1
DA:22,0
DA:25,1
DA:30,1
DA:31,1
DA:32,0
DA:33,0
DA:34,0
DA:35,0
DA:42,0
DA:43,0
DA:44,0
DA:51,0
DA:56,1
DA:66,1
DA:67,1
DA:69,1
DA:71,0
DA:72,0
DA:73,0
DA:74,0
DA:75,0
DA:79,0
DA:80,0
DA:86,0
DA:89,0
DA:92,0
DA:93,0
DA:97,1
DA:99,0
DA:100,0
DA:104,3
DA:105,0
DA:106,0
DA:111,0
DA:112,0
DA:115,0
DA:117,0
DA:118,0
DA:122,3
DA:123,2
DA:125,2
DA:127,2
DA:129,2
DA:132,2
DA:141,2
DA:143,2
DA:144,2
DA:145,2
DA:146,2
DA:147,2
DA:148,2
DA:149,2
DA:150,2
DA:151,2
DA:152,2
DA:153,2
DA:154,2
DA:155,2
DA:158,2
DA:160,2
DA:164,2
DA:168,0
DA:169,0
DA:173,3
DA:174,0
DA:175,0
DA:180,0
DA:181,0
DA:184,0
DA:186,0
DA:187,0
DA:191,3
DA:192,0
DA:193,0
DA:194,0
DA:197,0
DA:198,0
DA:200,0
DA:201,0
DA:204,0
DA:205,0
DA:208,0
DA:209,0
DA:214,0
DA:215,0
DA:220,0
DA:221,0
DA:225,0
DA:226,0
DA:231,0
DA:232,0
DA:236,0
DA:237,0
DA:242,0
DA:243,0
DA:249,0
DA:250,0
DA:251,0
DA:254,0
DA:255,0
DA:258,0
DA:259,0
DA:261,0
DA:262,0
DA:265,0
DA:269,0
DA:270,0
DA:273,0
DA:275,0
DA:276,0
DA:280,3
DA:281,0
DA:282,0
DA:283,0
DA:286,0
DA:288,0
DA:289,0
DA:292,0
DA:294,0
DA:296,0
DA:297,0
DA:301,3
DA:302,0
DA:303,0
DA:304,0
DA:305,0
DA:308,0
DA:310,0
DA:311,0
DA:313,0
DA:323,0
DA:328,0
DA:334,0
DA:336,0
DA:338,0
DA:339,0
DA:343,3
DA:344,0
DA:345,0
DA:346,0
DA:347,0
DA:348,0
DA:353,0
DA:355,0
DA:356,0
DA:359,0
DA:364,0
DA:365,0
DA:368,0
DA:369,0
DA:371,0
DA:375,0
DA:380,0
DA:382,0
DA:383,0
DA:387,3
DA:388,0
DA:389,0
DA:390,0
DA:392,0
DA:393,0
DA:396,0
DA:397,0
DA:400,0
DA:401,0
DA:408,0
DA:409,0
DA:412,0
DA:413,0
DA:416,0
DA:422,0
DA:423,0
DA:426,0
DA:430,0
DA:431,0
DA:435,3
DA:436,0
DA:437,0
DA:438,0
DA:440,0
DA:441,0
DA:446,0
DA:447,0
DA:452,0
DA:453,0
DA:454,0
DA:457,0
DA:461,0
DA:462,0
DA:467,0
DA:468,0
DA:470,0
DA:474,0
DA:476,0
DA:477,0
DA:481,3
LF:211
LH:54
BRDA:15,0,0,0
BRDA:15,0,1,1
BRDA:21,1,0,0
BRDA:21,1,1,1
BRDA:31,2,0,0
BRDA:31,2,1,1
BRDA:33,3,0,0
BRDA:33,3,1,0
BRDA:34,4,0,0
BRDA:34,4,1,0
BRDA:34,4,2,0
BRDA:42,5,0,0
BRDA:42,5,1,0
BRDA:67,6,0,1
BRDA:67,6,1,0
BRDA:67,6,2,0
BRDA:69,7,0,0
BRDA:69,7,1,1
BRDA:74,8,0,0
BRDA:74,8,1,0
BRDA:79,9,0,0
BRDA:79,9,1,0
BRDA:79,10,0,0
BRDA:79,10,1,0
BRDA:81,11,0,0
BRDA:81,11,1,0
BRDA:82,12,0,0
BRDA:82,12,1,0
BRDA:111,13,0,0
BRDA:111,13,1,0
BRDA:111,14,0,0
BRDA:111,14,1,0
BRDA:125,15,0,0
BRDA:125,15,1,2
BRDA:129,16,0,2
BRDA:129,16,1,0
BRDA:136,17,0,2
BRDA:136,17,1,0
BRDA:141,18,0,2
BRDA:141,18,1,0
BRDA:143,19,0,2
BRDA:143,19,1,2
BRDA:144,20,0,2
BRDA:144,20,1,2
BRDA:145,21,0,2
BRDA:145,21,1,2
BRDA:146,22,0,2
BRDA:146,22,1,2
BRDA:147,23,0,2
BRDA:147,23,1,2
BRDA:148,24,0,0
BRDA:148,24,1,2
BRDA:149,25,0,2
BRDA:149,25,1,2
BRDA:150,26,0,2
BRDA:150,26,1,2
BRDA:151,27,0,2
BRDA:151,27,1,2
BRDA:152,28,0,2
BRDA:152,28,1,2
BRDA:153,29,0,2
BRDA:153,29,1,2
BRDA:154,30,0,2
BRDA:154,30,1,0
BRDA:155,31,0,2
BRDA:155,31,1,0
BRDA:180,32,0,0
BRDA:180,32,1,0
BRDA:193,33,0,0
BRDA:193,33,1,0
BRDA:200,34,0,0
BRDA:200,34,1,0
BRDA:200,35,0,0
BRDA:200,35,1,0
BRDA:204,36,0,0
BRDA:204,36,1,0
BRDA:204,37,0,0
BRDA:204,37,1,0
BRDA:208,38,0,0
BRDA:208,38,1,0
BRDA:208,39,0,0
BRDA:208,39,1,0
BRDA:214,40,0,0
BRDA:214,40,1,0
BRDA:220,41,0,0
BRDA:220,41,1,0
BRDA:225,42,0,0
BRDA:225,42,1,0
BRDA:231,43,0,0
BRDA:231,43,1,0
BRDA:236,44,0,0
BRDA:236,44,1,0
BRDA:242,45,0,0
BRDA:242,45,1,0
BRDA:249,46,0,0
BRDA:249,46,1,0
BRDA:254,47,0,0
BRDA:254,47,1,0
BRDA:258,48,0,0
BRDA:258,48,1,0
BRDA:261,49,0,0
BRDA:261,49,1,0
BRDA:269,50,0,0
BRDA:269,50,1,0
BRDA:282,51,0,0
BRDA:282,51,1,0
BRDA:288,52,0,0
BRDA:288,52,1,0
BRDA:304,53,0,0
BRDA:304,53,1,0
BRDA:310,54,0,0
BRDA:310,54,1,0
BRDA:347,55,0,0
BRDA:347,55,1,0
BRDA:347,56,0,0
BRDA:347,56,1,0
BRDA:355,57,0,0
BRDA:355,57,1,0
BRDA:364,58,0,0
BRDA:364,58,1,0
BRDA:392,59,0,0
BRDA:392,59,1,0
BRDA:392,60,0,0
BRDA:392,60,1,0
BRDA:392,60,2,0
BRDA:392,60,3,0
BRDA:396,61,0,0
BRDA:396,61,1,0
BRDA:400,62,0,0
BRDA:400,62,1,0
BRDA:408,63,0,0
BRDA:408,63,1,0
BRDA:412,64,0,0
BRDA:412,64,1,0
BRDA:422,65,0,0
BRDA:422,65,1,0
BRDA:422,66,0,0
BRDA:422,66,1,0
BRDA:440,67,0,0
BRDA:440,67,1,0
BRDA:440,68,0,0
BRDA:440,68,1,0
BRDA:446,69,0,0
BRDA:446,69,1,0
BRDA:453,70,0,0
BRDA:453,70,1,0
BRDA:461,71,0,0
BRDA:461,71,1,0
BRF:148
BRH:32
end_of_record
TN:
SF:middlewares/auth.middleware.js
FN:4,(anonymous_0)
FNF:1
FNH:0
FNDA:0,(anonymous_0)
DA:1,3
DA:2,3
DA:4,3
DA:5,0
DA:6,0
DA:8,0
DA:9,0
DA:14,0
DA:16,0
DA:17,0
DA:18,0
DA:19,0
DA:22,0
DA:23,0
DA:24,0
DA:26,0
DA:27,0
DA:30,0
DA:31,0
DA:35,3
LF:20
LH:4
BRDA:8,0,0,0
BRDA:8,0,1,0
BRDA:8,1,0,0
BRDA:8,1,1,0
BRDA:18,2,0,0
BRDA:18,2,1,0
BRF:6
BRH:0
end_of_record
TN:
SF:middlewares/multer.middleware.js
FN:5,(anonymous_0)
FN:8,(anonymous_1)
FNF:2
FNH:0
FNDA:0,(anonymous_0)
FNDA:0,(anonymous_1)
DA:1,3
DA:2,3
DA:4,3
DA:6,0
DA:9,0
DA:13,3
DA:15,3
LF:7
LH:5
BRF:0
BRH:0
end_of_record
TN:
SF:models/TransferToken.model.js
FNF:0
FNH:0
DA:1,3
DA:3,3
DA:12,3
DA:14,3
LF:4
LH:4
BRF:0
BRH:0
end_of_record
TN:
SF:models/branch.model.js
FNF:0
FNH:0
DA:1,4
DA:3,4
DA:19,4
LF:3
LH:3
BRF:0
BRH:0
end_of_record
TN:
SF:models/exam.model.js
FNF:0
FNH:0
DA:1,3
DA:3,3
DA:31,3
LF:3
LH:3
BRF:0
BRH:0
end_of_record
TN:
SF:models/faculty.model.js
FN:19,(anonymous_0)
FNF:1
FNH:0
FNDA:0,(anonymous_0)
DA:1,1
DA:2,1
DA:4,1
DA:10,1
DA:19,1
DA:20,0
DA:21,0
DA:22,0
DA:25,1
LF:9
LH:6
BRDA:20,0,0,0
BRDA:20,0,1,0
BRF:2
BRH:0
end_of_record
TN:
SF:models/marks.model.js
FNF:0
FNH:0
DA:1,3
DA:3,3
DA:29,3
LF:3
LH:3
BRF:0
BRH:0
end_of_record
TN:
SF:models/material.model.js
FNF:0
FNH:0
DA:1,3
DA:3,3
DA:41,3
LF:3
LH:3
BRF:0
BRH:0
end_of_record
TN:
SF:models/notice.model.js
FNF:0
FNH:0
DA:1,3
DA:3,3
DA:28,3
LF:3
LH:3
BRF:0
BRH:0
end_of_record
TN:
SF:models/reset-password.model.js
FNF:0
FNH:0
DA:1,3
DA:3,3
DA:23,3
LF:3
LH:3
BRF:0
BRH:0
end_of_record
TN:
SF:models/student.model.js
FNF:0
FNH:0
DA:1,1
DA:3,1
DA:12,1
LF:3
LH:3
BRF:0
BRH:0
end_of_record
TN:
SF:models/subject.model.js
FNF:0
FNH:0
DA:1,3
DA:3,3
DA:30,3
LF:3
LH:3
BRF:0
BRH:0
end_of_record
TN:
SF:models/timetable.model.js
FNF:0
FNH:0
DA:1,3
DA:3,3
DA:22,3
LF:3
LH:3
BRF:0
BRH:0
end_of_record
TN:
SF:models/details/admin-details.model.js
FN:95,(anonymous_0)
FNF:1
FNH:0
FNDA:0,(anonymous_0)
DA:1,3
DA:2,3
DA:3,3
DA:95,3
DA:96,0
DA:97,0
DA:99,0
DA:102,3
DA:104,3
LF:9
LH:6
BRDA:96,0,0,0
BRDA:96,0,1,0
BRF:2
BRH:0
end_of_record
TN:
SF:models/details/faculty-details.model.js
FN:109,(anonymous_0)
FNF:1
FNH:1
FNDA:2,(anonymous_0)
DA:1,3
DA:2,3
DA:3,3
DA:109,3
DA:110,2
DA:111,0
DA:113,2
DA:116,3
DA:118,3
LF:9
LH:8
BRDA:110,0,0,0
BRDA:110,0,1,2
BRF:2
BRH:1
end_of_record
TN:
SF:models/details/student-details.model.js
FN:97,(anonymous_0)
FNF:1
FNH:1
FNDA:2,(anonymous_0)
DA:1,3
DA:2,3
DA:3,3
DA:97,3
DA:98,2
DA:99,0
DA:101,2
DA:104,3
DA:106,3
LF:9
LH:8
BRDA:98,0,0,0
BRDA:98,0,1,2
BRF:2
BRH:1
end_of_record
TN:
SF:routes/branch.route.js
FNF:0
FNH:0
DA:1,3
DA:2,3
DA:3,3
DA:9,3
DA:12,3
DA:13,3
DA:14,3
DA:15,3
DA:17,3
LF:9
LH:9
BRF:0
BRH:0
end_of_record
TN:
SF:routes/exam.route.js
FNF:0
FNH:0
DA:1,3
DA:7,3
DA:8,3
DA:9,3
DA:10,3
DA:12,3
DA:13,3
DA:14,3
DA:15,3
DA:17,3
LF:10
LH:10
BRF:0
BRH:0
end_of_record
TN:
SF:routes/hostel.mock.route.js
FN:7,(anonymous_0)
FNF:1
FNH:0
FNDA:0,(anonymous_0)
DA:1,3
DA:2,3
DA:3,3
DA:7,3
DA:8,0
DA:10,0
DA:11,0
DA:14,0
DA:21,0
DA:23,0
DA:27,3
LF:11
LH:5
BRDA:10,0,0,0
BRDA:10,0,1,0
BRDA:11,1,0,0
BRDA:11,1,1,0
BRF:4
BRH:0
end_of_record
TN:
SF:routes/marks.route.js
FNF:0
FNH:0
DA:1,3
DA:9,3
DA:10,3
DA:11,3
DA:12,3
DA:14,3
DA:15,3
DA:16,3
DA:17,3
DA:18,3
DA:19,3
DA:21,3
LF:12
LH:12
BRF:0
BRH:0
end_of_record
TN:
SF:routes/material.route.js
FNF:0
FNH:0
DA:1,3
DA:2,3
DA:3,3
DA:4,3
DA:10,3
DA:12,3
DA:13,3
DA:14,3
DA:15,3
DA:17,3
LF:10
LH:10
BRF:0
BRH:0
end_of_record
TN:
SF:routes/notice.route.js
FNF:0
FNH:0
DA:1,3
DA:7,3
DA:8,3
DA:9,3
DA:11,3
DA:12,3
DA:13,3
DA:14,3
DA:16,3
LF:9
LH:9
BRF:0
BRH:0
end_of_record
TN:
SF:routes/sso.route.js
FN:10,(anonymous_0)
FN:29,(anonymous_1)
FN:71,(anonymous_2)
FN:129,(anonymous_3)
FNF:4
FNH:0
FNDA:0,(anonymous_0)
FNDA:0,(anonymous_1)
FNDA:0,(anonymous_2)
FNDA:0,(anonymous_3)
DA:1,3
DA:2,3
DA:3,3
DA:4,3
DA:5,3
DA:6,3
DA:10,3
DA:11,0
DA:12,0
DA:13,0
DA:14,0
DA:15,0
DA:16,0
DA:17,0
DA:21,0
DA:23,0
DA:24,0
DA:29,3
DA:30,0
DA:31,0
DA:32,0
DA:33,0
DA:34,0
DA:36,0
DA:38,0
DA:39,0
DA:40,0
DA:41,0
DA:45,0
DA:46,0
DA:47,0
DA:48,0
DA:49,0
DA:51,0
DA:54,0
DA:55,0
DA:59,0
DA:60,0
DA:61,0
DA:63,0
DA:65,0
DA:66,0
DA:71,3
DA:72,0
DA:73,0
DA:74,0
DA:75,0
DA:76,0
DA:77,0
DA:78,0
DA:80,0
DA:82,0
DA:84,0
DA:85,0
DA:95,0
DA:96,0
DA:97,0
DA:98,0
DA:99,0
DA:101,0
DA:105,0
DA:107,0
DA:109,0
DA:110,0
DA:111,0
DA:112,0
DA:113,0
DA:114,0
DA:117,0
DA:118,0
DA:119,0
DA:121,0
DA:122,0
DA:129,3
DA:130,0
DA:131,0
DA:132,0
DA:133,0
DA:134,0
DA:136,0
DA:138,0
DA:139,0
DA:140,0
DA:141,0
DA:143,0
DA:146,0
DA:147,0
DA:148,0
DA:149,0
DA:154,0
DA:155,0
DA:157,0
DA:168,0
DA:169,0
DA:173,3
LF:95
LH:11
BRDA:12,0,0,0
BRDA:12,0,1,0
BRDA:13,1,0,0
BRDA:13,1,1,0
BRDA:16,2,0,0
BRDA:16,2,1,0
BRDA:31,3,0,0
BRDA:31,3,1,0
BRDA:32,4,0,0
BRDA:32,4,1,0
BRDA:33,5,0,0
BRDA:33,5,1,0
BRDA:33,5,2,0
BRDA:34,6,0,0
BRDA:34,6,1,0
BRDA:39,7,0,0
BRDA:39,7,1,0
BRDA:41,8,0,0
BRDA:41,8,1,0
BRDA:45,9,0,0
BRDA:45,9,1,0
BRDA:47,10,0,0
BRDA:47,10,1,0
BRDA:47,11,0,0
BRDA:47,11,1,0
BRDA:54,12,0,0
BRDA:54,12,1,0
BRDA:54,13,0,0
BRDA:54,13,1,0
BRDA:73,14,0,0
BRDA:73,14,1,0
BRDA:74,15,0,0
BRDA:74,15,1,0
BRDA:76,16,0,0
BRDA:76,16,1,0
BRDA:77,17,0,0
BRDA:77,17,1,0
BRDA:82,18,0,0
BRDA:82,18,1,0
BRDA:86,19,0,0
BRDA:86,19,1,0
BRDA:86,19,2,0
BRDA:87,20,0,0
BRDA:87,20,1,0
BRDA:88,21,0,0
BRDA:88,21,1,0
BRDA:89,22,0,0
BRDA:89,22,1,0
BRDA:90,23,0,0
BRDA:90,23,1,0
BRDA:101,24,0,0
BRDA:101,24,1,0
BRDA:101,25,0,0
BRDA:101,25,1,0
BRDA:105,26,0,0
BRDA:105,26,1,0
BRDA:105,26,2,0
BRDA:109,27,0,0
BRDA:109,27,1,0
BRDA:110,28,0,0
BRDA:110,28,1,0
BRDA:111,29,0,0
BRDA:111,29,1,0
BRDA:111,29,2,0
BRDA:111,30,0,0
BRDA:111,30,1,0
BRDA:132,31,0,0
BRDA:132,31,1,0
BRDA:133,32,0,0
BRDA:133,32,1,0
BRDA:133,32,2,0
BRDA:134,33,0,0
BRDA:134,33,1,0
BRDA:139,34,0,0
BRDA:139,34,1,0
BRDA:141,35,0,0
BRDA:141,35,1,0
BRDA:143,36,0,0
BRDA:143,36,1,0
BRDA:143,37,0,0
BRDA:143,37,1,0
BRDA:146,38,0,0
BRDA:146,38,1,0
BRDA:154,39,0,0
BRDA:154,39,1,0
BRDA:154,39,2,0
BRDA:168,40,0,0
BRDA:168,40,1,0
BRDA:168,41,0,0
BRDA:168,41,1,0
BRF:90
BRH:0
end_of_record
TN:
SF:routes/subject.route.js
FNF:0
FNH:0
DA:1,3
DA:7,3
DA:8,3
DA:9,3
DA:10,3
DA:11,3
DA:12,3
DA:13,3
DA:15,3
LF:9
LH:9
BRF:0
BRH:0
end_of_record
TN:
SF:routes/timetable.route.js
FNF:0
FNH:0
DA:1,3
DA:2,3
DA:3,3
DA:4,3
DA:5,3
DA:11,3
DA:13,3
DA:15,3
DA:17,3
DA:19,3
DA:21,3
LF:11
LH:11
BRF:0
BRH:0
end_of_record
TN:
SF:routes/details/admin-details.route.js
FNF:0
FNH:0
DA:1,3
DA:2,3
DA:13,3
DA:14,3
DA:15,3
DA:17,3
DA:18,3
DA:19,3
DA:21,3
DA:22,3
DA:23,3
DA:24,3
DA:25,3
DA:26,3
DA:28,3
LF:15
LH:15
BRF:0
BRH:0
end_of_record
TN:
SF:routes/details/faculty-details.route.js
FNF:0
FNH:0
DA:1,3
DA:2,3
DA:13,3
DA:14,3
DA:15,3
DA:17,3
DA:18,3
DA:19,3
DA:21,3
DA:22,3
DA:23,3
DA:24,3
DA:25,3
DA:26,3
DA:28,3
LF:15
LH:15
BRF:0
BRH:0
end_of_record
TN:
SF:routes/details/student-details.route.js
FNF:0
FNH:0
DA:1,3
DA:2,3
DA:14,3
DA:15,3
DA:16,3
DA:18,3
DA:19,3
DA:20,3
DA:22,3
DA:23,3
DA:24,3
DA:25,3
DA:26,3
DA:27,3
DA:28,3
DA:30,3
LF:16
LH:16
BRF:0
BRH:0
end_of_record
TN:
SF:utils/ApiResponse.js
FN:2,(anonymous_0)
FN:9,(anonymous_1)
FN:13,(anonymous_2)
FN:17,(anonymous_3)
FN:21,(anonymous_4)
FN:25,(anonymous_5)
FN:29,(anonymous_6)
FN:33,(anonymous_7)
FN:37,(anonymous_8)
FN:41,(anonymous_9)
FN:45,(anonymous_10)
FN:49,(anonymous_11)
FNF:12
FNH:5
FNDA:8,(anonymous_0)
FNDA:0,(anonymous_1)
FNDA:2,(anonymous_2)
FNDA:5,(anonymous_3)
FNDA:0,(anonymous_4)
FNDA:0,(anonymous_5)
FNDA:0,(anonymous_6)
FNDA:0,(anonymous_7)
FNDA:0,(anonymous_8)
FNDA:0,(anonymous_9)
FNDA:1,(anonymous_10)
FNDA:8,(anonymous_11)
DA:3,8
DA:4,8
DA:5,8
DA:6,8
DA:10,0
DA:14,2
DA:18,5
DA:22,0
DA:26,0
DA:30,0
DA:34,0
DA:38,0
DA:42,0
DA:46,1
DA:50,8
DA:58,4
LF:16
LH:9
BRDA:2,0,0,0
BRDA:9,1,0,0
BRDA:13,2,0,0
BRDA:17,3,0,0
BRDA:21,4,0,0
BRDA:25,5,0,0
BRDA:29,6,0,0
BRDA:33,7,0,0
BRDA:37,8,0,0
BRDA:41,9,0,0
BRDA:45,10,0,0
BRDA:45,11,0,0
BRF:12
BRH:0
end_of_record
TN:
SF:utils/SendMail.js
FN:3,(anonymous_0)
FNF:1
FNH:0
FNDA:0,(anonymous_0)
DA:1,3
DA:3,3
DA:4,0
DA:5,0
DA:13,0
DA:25,0
DA:26,0
DA:28,0
DA:29,0
DA:33,3
LF:10
LH:3
BRF:0
BRH:0
end_of_record
