{"numFailedTestSuites":0,"numFailedTests":0,"numPassedTestSuites":12,"numPassedTests":18,"numPendingTestSuites":0,"numPendingTests":0,"numRuntimeErrorTestSuites":0,"numTodoTests":0,"numTotalTestSuites":12,"numTotalTests":18,"openHandles":[],"snapshot":{"added":0,"didUpdate":false,"failure":false,"filesAdded":0,"filesRemoved":0,"filesRemovedList":[],"filesUnmatched":0,"filesUpdated":0,"matched":0,"total":0,"unchecked":0,"uncheckedKeysByFile":[],"unmatched":0,"updated":0},"startTime":1762760271360,"success":true,"testResults":[{"assertionResults":[{"ancestorTitles":["Notice Model"],"duration":35,"failing":false,"failureDetails":[],"failureMessages":[],"fullName":"Notice Model should save a notice with title and content","invocations":1,"location":null,"numPassingAsserts":1,"retryReasons":[],"startAt":1762760274065,"status":"passed","title":"should save a notice with title and content"}],"endTime":1762760274688,"message":"","name":"/home/hoe_user/Downloads/csm-master/hms_full_project/backend/tests/models/notice.test.js","startTime":1762760271433,"status":"passed","summary":""},{"assertionResults":[{"ancestorTitles":["Room Model"],"duration":20,"failing":false,"failureDetails":[],"failureMessages":[],"fullName":"Room Model should create a new room","invocations":1,"location":null,"numPassingAsserts":1,"retryReasons":[],"startAt":1762760276930,"status":"passed","title":"should create a new room"}],"endTime":1762760277657,"message":"","name":"/home/hoe_user/Downloads/csm-master/hms_full_project/backend/tests/models/room.test.js","startTime":1762760274708,"status":"passed","summary":""},{"assertionResults":[{"ancestorTitles":["User Model"],"duration":20,"failing":false,"failureDetails":[],"failureMessages":[],"fullName":"User Model should create and save a user successfully","invocations":1,"location":null,"numPassingAsserts":2,"retryReasons":[],"startAt":1762760279817,"status":"passed","title":"should create and save a user successfully"}],"endTime":1762760280517,"message":"","name":"/home/hoe_user/Downloads/csm-master/hms_full_project/backend/tests/models/user.test.js","startTime":1762760277681,"status":"passed","summary":""},{"assertionResults":[{"ancestorTitles":["Complaint Model"],"duration":4,"failing":false,"failureDetails":[],"failureMessages":[],"fullName":"Complaint Model should create and save a complaint","invocations":1,"location":null,"numPassingAsserts":2,"retryReasons":[],"startAt":1762760282713,"status":"passed","title":"should create and save a complaint"}],"endTime":1762760283315,"message":"","name":"/home/hoe_user/Downloads/csm-master/hms_full_project/backend/tests/models/complaint.test.js","startTime":1762760280531,"status":"passed","summary":""},{"assertionResults":[{"ancestorTitles":["Auth Middleware"],"duration":44,"failing":false,"failureDetails":[],"failureMessages":[],"fullName":"Auth Middleware should return 401 if no token is provided","invocations":1,"location":null,"numPassingAsserts":2,"retryReasons":[],"startAt":1762760285521,"status":"passed","title":"should return 401 if no token is provided"},{"ancestorTitles":["Auth Middleware"],"duration":10,"failing":false,"failureDetails":[],"failureMessages":[],"fullName":"Auth Middleware should return 401 if token is invalid","invocations":1,"location":null,"numPassingAsserts":2,"retryReasons":[],"startAt":1762760285566,"status":"passed","title":"should return 401 if token is invalid"},{"ancestorTitles":["Auth Middleware"],"duration":7,"failing":false,"failureDetails":[],"failureMessages":[],"fullName":"Auth Middleware should call next() if token is valid and user exists","invocations":1,"location":null,"numPassingAsserts":2,"retryReasons":[],"startAt":1762760285577,"status":"passed","title":"should call next() if token is valid and user exists"},{"ancestorTitles":["Auth Middleware"],"duration":8,"failing":false,"failureDetails":[],"failureMessages":[],"fullName":"Auth Middleware should block access for wrong role","invocations":1,"location":null,"numPassingAsserts":2,"retryReasons":[],"startAt":1762760285585,"status":"passed","title":"should block access for wrong role"},{"ancestorTitles":["Auth Middleware"],"duration":3,"failing":false,"failureDetails":[],"failureMessages":[],"fullName":"Auth Middleware should allow access for correct role","invocations":1,"location":null,"numPassingAsserts":1,"retryReasons":[],"startAt":1762760285594,"status":"passed","title":"should allow access for correct role"}],"endTime":1762760286160,"message":"","name":"/home/hoe_user/Downloads/csm-master/hms_full_project/backend/tests/middleware/auth.test.js","startTime":1762760283334,"status":"passed","summary":""},{"assertionResults":[{"ancestorTitles":["EntryExit Model"],"duration":17,"failing":false,"failureDetails":[],"failureMessages":[],"fullName":"EntryExit Model should record an entry log","invocations":1,"location":null,"numPassingAsserts":2,"retryReasons":[],"startAt":1762760288498,"status":"passed","title":"should record an entry log"}],"endTime":1762760289202,"message":"","name":"/home/hoe_user/Downloads/csm-master/hms_full_project/backend/tests/models/entryExit.test.js","startTime":1762760286181,"status":"passed","summary":""},{"assertionResults":[{"ancestorTitles":["User API"],"duration":1036,"failing":false,"failureDetails":[],"failureMessages":[],"fullName":"User API should register a user","invocations":1,"location":null,"numPassingAsserts":1,"retryReasons":[],"startAt":1762760292308,"status":"passed","title":"should register a user"},{"ancestorTitles":["User API"],"duration":136,"failing":false,"failureDetails":[],"failureMessages":[],"fullName":"User API should login successfully","invocations":1,"location":null,"numPassingAsserts":1,"retryReasons":[],"startAt":1762760293345,"status":"passed","title":"should login successfully"}],"endTime":1762760294144,"message":"","name":"/home/hoe_user/Downloads/csm-master/hms_full_project/backend/tests/routes/userRoutes.test.js","startTime":1762760289218,"status":"passed","summary":""},{"assertionResults":[{"ancestorTitles":["Room API (with Auth)"],"duration":42,"failing":false,"failureDetails":[],"failureMessages":[],"fullName":"Room API (with Auth) should create a room","invocations":1,"location":null,"numPassingAsserts":1,"retryReasons":[],"startAt":1762760297821,"status":"passed","title":"should create a room"}],"endTime":1762760298649,"message":"","name":"/home/hoe_user/Downloads/csm-master/hms_full_project/backend/tests/routes/roomRoutes.test.js","startTime":1762760294177,"status":"passed","summary":""},{"assertionResults":[{"ancestorTitles":["Notice API (with Auth)"],"duration":46,"failing":false,"failureDetails":[],"failureMessages":[],"fullName":"Notice API (with Auth) should create a notice","invocations":1,"location":null,"numPassingAsserts":1,"retryReasons":[],"startAt":1762760302217,"status":"passed","title":"should create a notice"}],"endTime":1762760302993,"message":"","name":"/home/hoe_user/Downloads/csm-master/hms_full_project/backend/tests/routes/noticeRoutes.test.js","startTime":1762760298684,"status":"passed","summary":""},{"assertionResults":[{"ancestorTitles":["EntryExit API (with Auth)"],"duration":42,"failing":false,"failureDetails":[],"failureMessages":[],"fullName":"EntryExit API (with Auth) should log an entry","invocations":1,"location":null,"numPassingAsserts":1,"retryReasons":[],"startAt":1762760306540,"status":"passed","title":"should log an entry"}],"endTime":1762760307385,"message":"","name":"/home/hoe_user/Downloads/csm-master/hms_full_project/backend/tests/routes/entryExitRoutes.test.js","startTime":1762760303029,"status":"passed","summary":""},{"assertionResults":[{"ancestorTitles":["Complaint API (with Auth)"],"duration":38,"failing":false,"failureDetails":[],"failureMessages":[],"fullName":"Complaint API (with Auth) should create a complaint","invocations":1,"location":null,"numPassingAsserts":1,"retryReasons":[],"startAt":1762760311104,"status":"passed","title":"should create a complaint"}],"endTime":1762760311876,"message":"","name":"/home/hoe_user/Downloads/csm-master/hms_full_project/backend/tests/routes/complaintRoutes.test.js","startTime":1762760307417,"status":"passed","summary":""},{"assertionResults":[{"ancestorTitles":["HMS add/edit flows (basic smoke)"],"duration":80,"failing":false,"failureDetails":[],"failureMessages":[],"fullName":"HMS add/edit flows (basic smoke) server responds to GET / with 200 or redirect","invocations":1,"location":null,"numPassingAsserts":1,"retryReasons":[],"startAt":1762760314233,"status":"passed","title":"server responds to GET / with 200 or redirect"},{"ancestorTitles":["HMS add/edit flows (basic smoke)"],"duration":19,"failing":false,"failureDetails":[],"failureMessages":[],"fullName":"HMS add/edit flows (basic smoke) placeholder add/edit test (no-op)","invocations":1,"location":null,"numPassingAsserts":1,"retryReasons":[],"startAt":1762760314315,"status":"passed","title":"placeholder add/edit test (no-op)"}],"endTime":1762760315619,"message":"","name":"/home/hoe_user/Downloads/csm-master/hms_full_project/backend/test/hms_add_edit.test.js","startTime":1762760311897,"status":"passed","summary":""}],"wasInterrupted":false,"coverageMap":{"/home/hoe_user/Downloads/csm-master/hms_full_project/backend/tests/setup.js":{"path":"/home/hoe_user/Downloads/csm-master/hms_full_project/backend/tests/setup.js","statementMap":{"0":{"start":{"line":1,"column":17},"end":{"line":1,"column":36}},"1":{"start":{"line":2,"column":30},"end":{"line":2,"column":62}},"2":{"start":{"line":6,"column":0},"end":{"line":12,"column":3}},"3":{"start":{"line":7,"column":2},"end":{"line":7,"column":49}},"4":{"start":{"line":8,"column":14},"end":{"line":8,"column":34}},"5":{"start":{"line":9,"column":2},"end":{"line":9,"column":83}},"6":{"start":{"line":11,"column":2},"end":{"line":11,"column":57}},"7":{"start":{"line":11,"column":31},"end":{"line":11,"column":55}},"8":{"start":{"line":14,"column":0},"end":{"line":19,"column":3}},"9":{"start":{"line":15,"column":22},"end":{"line":15,"column":53}},"10":{"start":{"line":16,"column":2},"end":{"line":18,"column":3}},"11":{"start":{"line":17,"column":4},"end":{"line":17,"column":42}},"12":{"start":{"line":21,"column":0},"end":{"line":24,"column":3}},"13":{"start":{"line":22,"column":2},"end":{"line":22,"column":30}},"14":{"start":{"line":23,"column":2},"end":{"line":23,"column":27}}},"fnMap":{"0":{"name":"(anonymous_0)","decl":{"start":{"line":6,"column":10},"end":{"line":6,"column":11}},"loc":{"start":{"line":6,"column":22},"end":{"line":12,"column":1}},"line":6},"1":{"name":"(anonymous_1)","decl":{"start":{"line":11,"column":20},"end":{"line":11,"column":21}},"loc":{"start":{"line":11,"column":31},"end":{"line":11,"column":55}},"line":11},"2":{"name":"(anonymous_2)","decl":{"start":{"line":14,"column":10},"end":{"line":14,"column":11}},"loc":{"start":{"line":14,"column":22},"end":{"line":19,"column":1}},"line":14},"3":{"name":"(anonymous_3)","decl":{"start":{"line":21,"column":9},"end":{"line":21,"column":10}},"loc":{"start":{"line":21,"column":21},"end":{"line":24,"column":1}},"line":21}},"branchMap":{},"s":{"0":12,"1":12,"2":12,"3":12,"4":12,"5":12,"6":12,"7":12,"8":12,"9":18,"10":18,"11":58,"12":12,"13":12,"14":12},"f":{"0":12,"1":12,"2":18,"3":12},"b":{},"_coverageSchema":"1a1c01bbd47fc00a2c39e90264f33305004495a9","hash":"f88b03c52237f8bb6e50b455f7e233d4dd01cad3"},"/home/hoe_user/Downloads/csm-master/hms_full_project/backend/models/Notice.js":{"path":"/home/hoe_user/Downloads/csm-master/hms_full_project/backend/models/Notice.js","statementMap":{"0":{"start":{"line":1,"column":17},"end":{"line":1,"column":36}},"1":{"start":{"line":2,"column":21},"end":{"line":9,"column":2}},"2":{"start":{"line":10,"column":0},"end":{"line":10,"column":56}}},"fnMap":{},"branchMap":{},"s":{"0":7,"1":7,"2":7},"f":{},"b":{},"_coverageSchema":"1a1c01bbd47fc00a2c39e90264f33305004495a9","hash":"4878379c4f86c4fad7cd5cf2297bcecb9ed74a82"},"/home/hoe_user/Downloads/csm-master/hms_full_project/backend/models/Room.js":{"path":"/home/hoe_user/Downloads/csm-master/hms_full_project/backend/models/Room.js","statementMap":{"0":{"start":{"line":1,"column":17},"end":{"line":1,"column":36}},"1":{"start":{"line":2,"column":19},"end":{"line":7,"column":2}},"2":{"start":{"line":8,"column":0},"end":{"line":8,"column":52}}},"fnMap":{},"branchMap":{},"s":{"0":7,"1":7,"2":7},"f":{},"b":{},"_coverageSchema":"1a1c01bbd47fc00a2c39e90264f33305004495a9","hash":"45a53a828b5cc7caa516e3296dfa11f2524ff6f4"},"/home/hoe_user/Downloads/csm-master/hms_full_project/backend/models/User.js":{"path":"/home/hoe_user/Downloads/csm-master/hms_full_project/backend/models/User.js","statementMap":{"0":{"start":{"line":1,"column":17},"end":{"line":1,"column":36}},"1":{"start":{"line":2,"column":19},"end":{"line":17,"column":2}},"2":{"start":{"line":18,"column":0},"end":{"line":18,"column":52}}},"fnMap":{},"branchMap":{},"s":{"0":8,"1":8,"2":8},"f":{},"b":{},"_coverageSchema":"1a1c01bbd47fc00a2c39e90264f33305004495a9","hash":"2013f358c7a6405d1ab438b8322f9dc5a3e6a703"},"/home/hoe_user/Downloads/csm-master/hms_full_project/backend/models/Complaint.js":{"path":"/home/hoe_user/Downloads/csm-master/hms_full_project/backend/models/Complaint.js","statementMap":{"0":{"start":{"line":1,"column":17},"end":{"line":1,"column":36}},"1":{"start":{"line":2,"column":24},"end":{"line":10,"column":2}},"2":{"start":{"line":11,"column":0},"end":{"line":11,"column":62}}},"fnMap":{},"branchMap":{},"s":{"0":7,"1":7,"2":7},"f":{},"b":{},"_coverageSchema":"1a1c01bbd47fc00a2c39e90264f33305004495a9","hash":"2527a11d882b53090795e8041f4a176ca1c5c32a"},"/home/hoe_user/Downloads/csm-master/hms_full_project/backend/middleware/auth.js":{"path":"/home/hoe_user/Downloads/csm-master/hms_full_project/backend/middleware/auth.js","statementMap":{"0":{"start":{"line":1,"column":12},"end":{"line":1,"column":35}},"1":{"start":{"line":2,"column":13},"end":{"line":2,"column":38}},"2":{"start":{"line":4,"column":19},"end":{"line":4,"column":56}},"3":{"start":{"line":8,"column":21},"end":{"line":8,"column":46}},"4":{"start":{"line":9,"column":2},"end":{"line":9,"column":72}},"5":{"start":{"line":9,"column":19},"end":{"line":9,"column":72}},"6":{"start":{"line":11,"column":16},"end":{"line":11,"column":40}},"7":{"start":{"line":12,"column":2},"end":{"line":20,"column":3}},"8":{"start":{"line":13,"column":20},"end":{"line":13,"column":49}},"9":{"start":{"line":14,"column":17},"end":{"line":14,"column":48}},"10":{"start":{"line":15,"column":4},"end":{"line":15,"column":74}},"11":{"start":{"line":15,"column":15},"end":{"line":15,"column":74}},"12":{"start":{"line":16,"column":4},"end":{"line":16,"column":20}},"13":{"start":{"line":17,"column":4},"end":{"line":17,"column":11}},"14":{"start":{"line":19,"column":4},"end":{"line":19,"column":62}},"15":{"start":{"line":25,"column":2},"end":{"line":29,"column":4}},"16":{"start":{"line":26,"column":4},"end":{"line":26,"column":76}},"17":{"start":{"line":26,"column":19},"end":{"line":26,"column":76}},"18":{"start":{"line":27,"column":4},"end":{"line":27,"column":86}},"19":{"start":{"line":27,"column":32},"end":{"line":27,"column":86}},"20":{"start":{"line":28,"column":4},"end":{"line":28,"column":11}},"21":{"start":{"line":33,"column":0},"end":{"line":36,"column":2}}},"fnMap":{"0":{"name":"requireAuth","decl":{"start":{"line":7,"column":15},"end":{"line":7,"column":26}},"loc":{"start":{"line":7,"column":43},"end":{"line":21,"column":1}},"line":7},"1":{"name":"requireRole","decl":{"start":{"line":24,"column":9},"end":{"line":24,"column":20}},"loc":{"start":{"line":24,"column":27},"end":{"line":30,"column":1}},"line":24},"2":{"name":"(anonymous_2)","decl":{"start":{"line":25,"column":9},"end":{"line":25,"column":10}},"loc":{"start":{"line":25,"column":29},"end":{"line":29,"column":3}},"line":25}},"branchMap":{"0":{"loc":{"start":{"line":4,"column":19},"end":{"line":4,"column":56}},"type":"binary-expr","locations":[{"start":{"line":4,"column":19},"end":{"line":4,"column":41}},{"start":{"line":4,"column":45},"end":{"line":4,"column":56}}],"line":4},"1":{"loc":{"start":{"line":9,"column":2},"end":{"line":9,"column":72}},"type":"if","locations":[{"start":{"line":9,"column":2},"end":{"line":9,"column":72}},{"start":{},"end":{}}],"line":9},"2":{"loc":{"start":{"line":15,"column":4},"end":{"line":15,"column":74}},"type":"if","locations":[{"start":{"line":15,"column":4},"end":{"line":15,"column":74}},{"start":{},"end":{}}],"line":15},"3":{"loc":{"start":{"line":26,"column":4},"end":{"line":26,"column":76}},"type":"if","locations":[{"start":{"line":26,"column":4},"end":{"line":26,"column":76}},{"start":{},"end":{}}],"line":26},"4":{"loc":{"start":{"line":27,"column":4},"end":{"line":27,"column":86}},"type":"if","locations":[{"start":{"line":27,"column":4},"end":{"line":27,"column":86}},{"start":{},"end":{}}],"line":27}},"s":{"0":7,"1":7,"2":7,"3":7,"4":7,"5":1,"6":6,"7":6,"8":6,"9":5,"10":5,"11":0,"12":5,"13":5,"14":1,"15":38,"16":4,"17":0,"18":4,"19":1,"20":3,"21":7},"f":{"0":7,"1":38,"2":4},"b":{"0":[7,1],"1":[1,6],"2":[0,5],"3":[0,4],"4":[1,3]},"_coverageSchema":"1a1c01bbd47fc00a2c39e90264f33305004495a9","hash":"e6476cf1f8c12401a09242797565a33ae85f135e"},"/home/hoe_user/Downloads/csm-master/hms_full_project/backend/models/EntryExit.js":{"path":"/home/hoe_user/Downloads/csm-master/hms_full_project/backend/models/EntryExit.js","statementMap":{"0":{"start":{"line":1,"column":17},"end":{"line":1,"column":36}},"1":{"start":{"line":2,"column":24},"end":{"line":11,"column":2}},"2":{"start":{"line":12,"column":0},"end":{"line":12,"column":62}}},"fnMap":{},"branchMap":{},"s":{"0":7,"1":7,"2":7},"f":{},"b":{},"_coverageSchema":"1a1c01bbd47fc00a2c39e90264f33305004495a9","hash":"41c4b43d84c12563db798278a0a9ccd3f0d63eca"},"/home/hoe_user/Downloads/csm-master/hms_full_project/backend/server.js":{"path":"/home/hoe_user/Downloads/csm-master/hms_full_project/backend/server.js","statementMap":{"0":{"start":{"line":1,"column":0},"end":{"line":1,"column":27}},"1":{"start":{"line":2,"column":16},"end":{"line":2,"column":34}},"2":{"start":{"line":3,"column":17},"end":{"line":3,"column":36}},"3":{"start":{"line":4,"column":13},"end":{"line":4,"column":28}},"4":{"start":{"line":5,"column":13},"end":{"line":5,"column":28}},"5":{"start":{"line":6,"column":19},"end":{"line":6,"column":39}},"6":{"start":{"line":7,"column":13},"end":{"line":7,"column":28}},"7":{"start":{"line":9,"column":18},"end":{"line":9,"column":47}},"8":{"start":{"line":10,"column":24},"end":{"line":10,"column":69}},"9":{"start":{"line":13,"column":19},"end":{"line":13,"column":43}},"10":{"start":{"line":14,"column":20},"end":{"line":14,"column":45}},"11":{"start":{"line":15,"column":22},"end":{"line":15,"column":49}},"12":{"start":{"line":16,"column":20},"end":{"line":16,"column":45}},"13":{"start":{"line":17,"column":24},"end":{"line":17,"column":53}},"14":{"start":{"line":18,"column":21},"end":{"line":18,"column":47}},"15":{"start":{"line":19,"column":19},"end":{"line":19,"column":43}},"16":{"start":{"line":20,"column":18},"end":{"line":20,"column":41}},"17":{"start":{"line":22,"column":12},"end":{"line":22,"column":21}},"18":{"start":{"line":23,"column":15},"end":{"line":23,"column":37}},"19":{"start":{"line":25,"column":21},"end":{"line":25,"column":109}},"20":{"start":{"line":26,"column":11},"end":{"line":26,"column":84}},"21":{"start":{"line":28,"column":0},"end":{"line":28,"column":59}},"22":{"start":{"line":29,"column":0},"end":{"line":29,"column":24}},"23":{"start":{"line":30,"column":0},"end":{"line":30,"column":18}},"24":{"start":{"line":33,"column":0},"end":{"line":33,"column":72}},"25":{"start":{"line":36,"column":0},"end":{"line":36,"column":33}},"26":{"start":{"line":37,"column":0},"end":{"line":37,"column":35}},"27":{"start":{"line":38,"column":0},"end":{"line":38,"column":39}},"28":{"start":{"line":39,"column":0},"end":{"line":39,"column":35}},"29":{"start":{"line":40,"column":0},"end":{"line":40,"column":44}},"30":{"start":{"line":41,"column":0},"end":{"line":41,"column":38}},"31":{"start":{"line":42,"column":0},"end":{"line":42,"column":34}},"32":{"start":{"line":44,"column":0},"end":{"line":44,"column":31}},"33":{"start":{"line":46,"column":13},"end":{"line":46,"column":37}},"34":{"start":{"line":47,"column":14},"end":{"line":47,"column":70}},"35":{"start":{"line":49,"column":0},"end":{"line":49,"column":53}},"36":{"start":{"line":51,"column":0},"end":{"line":58,"column":1}},"37":{"start":{"line":52,"column":2},"end":{"line":57,"column":65}},"38":{"start":{"line":54,"column":6},"end":{"line":54,"column":37}},"39":{"start":{"line":55,"column":6},"end":{"line":55,"column":72}},"40":{"start":{"line":55,"column":32},"end":{"line":55,"column":70}},"41":{"start":{"line":57,"column":18},"end":{"line":57,"column":63}},"42":{"start":{"line":60,"column":0},"end":{"line":60,"column":33}}},"fnMap":{"0":{"name":"(anonymous_0)","decl":{"start":{"line":53,"column":10},"end":{"line":53,"column":11}},"loc":{"start":{"line":53,"column":16},"end":{"line":56,"column":5}},"line":53},"1":{"name":"(anonymous_1)","decl":{"start":{"line":55,"column":26},"end":{"line":55,"column":27}},"loc":{"start":{"line":55,"column":32},"end":{"line":55,"column":70}},"line":55},"2":{"name":"(anonymous_2)","decl":{"start":{"line":57,"column":11},"end":{"line":57,"column":12}},"loc":{"start":{"line":57,"column":18},"end":{"line":57,"column":63}},"line":57}},"branchMap":{"0":{"loc":{"start":{"line":25,"column":21},"end":{"line":25,"column":109}},"type":"binary-expr","locations":[{"start":{"line":25,"column":21},"end":{"line":25,"column":49}},{"start":{"line":25,"column":53},"end":{"line":25,"column":82}},{"start":{"line":25,"column":86},"end":{"line":25,"column":109}}],"line":25},"1":{"loc":{"start":{"line":46,"column":13},"end":{"line":46,"column":37}},"type":"binary-expr","locations":[{"start":{"line":46,"column":13},"end":{"line":46,"column":29}},{"start":{"line":46,"column":33},"end":{"line":46,"column":37}}],"line":46},"2":{"loc":{"start":{"line":47,"column":14},"end":{"line":47,"column":70}},"type":"binary-expr","locations":[{"start":{"line":47,"column":14},"end":{"line":47,"column":35}},{"start":{"line":47,"column":39},"end":{"line":47,"column":70}}],"line":47},"3":{"loc":{"start":{"line":51,"column":0},"end":{"line":58,"column":1}},"type":"if","locations":[{"start":{"line":51,"column":0},"end":{"line":58,"column":1}},{"start":{},"end":{}}],"line":51}},"s":{"0":6,"1":6,"2":6,"3":6,"4":6,"5":6,"6":6,"7":6,"8":6,"9":6,"10":6,"11":6,"12":6,"13":6,"14":6,"15":6,"16":6,"17":6,"18":6,"19":6,"20":6,"21":6,"22":6,"23":6,"24":6,"25":6,"26":6,"27":6,"28":6,"29":6,"30":6,"31":6,"32":6,"33":6,"34":6,"35":6,"36":6,"37":0,"38":0,"39":0,"40":0,"41":0,"42":6},"f":{"0":0,"1":0,"2":0},"b":{"0":[6,6,6],"1":[6,0],"2":[6,6],"3":[0,6]},"_coverageSchema":"1a1c01bbd47fc00a2c39e90264f33305004495a9","hash":"f780b7a8ed04d979f7fd43e17ef1cd77e96cac84"},"/home/hoe_user/Downloads/csm-master/hms_full_project/backend/routes/auth.js":{"path":"/home/hoe_user/Downloads/csm-master/hms_full_project/backend/routes/auth.js","statementMap":{"0":{"start":{"line":1,"column":16},"end":{"line":1,"column":34}},"1":{"start":{"line":2,"column":15},"end":{"line":2,"column":31}},"2":{"start":{"line":3,"column":15},"end":{"line":3,"column":32}},"3":{"start":{"line":4,"column":12},"end":{"line":4,"column":35}},"4":{"start":{"line":5,"column":13},"end":{"line":5,"column":38}},"5":{"start":{"line":7,"column":19},"end":{"line":7,"column":56}},"6":{"start":{"line":9,"column":0},"end":{"line":17,"column":3}},"7":{"start":{"line":10,"column":42},"end":{"line":10,"column":50}},"8":{"start":{"line":11,"column":2},"end":{"line":11,"column":91}},"9":{"start":{"line":11,"column":35},"end":{"line":11,"column":91}},"10":{"start":{"line":12,"column":19},"end":{"line":12,"column":46}},"11":{"start":{"line":13,"column":2},"end":{"line":13,"column":69}},"12":{"start":{"line":13,"column":15},"end":{"line":13,"column":69}},"13":{"start":{"line":14,"column":15},"end":{"line":14,"column":46}},"14":{"start":{"line":15,"column":15},"end":{"line":15,"column":94}},"15":{"start":{"line":16,"column":2},"end":{"line":16,"column":60}},"16":{"start":{"line":19,"column":0},"end":{"line":28,"column":3}},"17":{"start":{"line":20,"column":30},"end":{"line":20,"column":38}},"18":{"start":{"line":21,"column":2},"end":{"line":21,"column":75}},"19":{"start":{"line":21,"column":26},"end":{"line":21,"column":75}},"20":{"start":{"line":22,"column":15},"end":{"line":22,"column":42}},"21":{"start":{"line":23,"column":2},"end":{"line":23,"column":61}},"22":{"start":{"line":23,"column":12},"end":{"line":23,"column":61}},"23":{"start":{"line":24,"column":13},"end":{"line":24,"column":62}},"24":{"start":{"line":25,"column":2},"end":{"line":25,"column":59}},"25":{"start":{"line":25,"column":10},"end":{"line":25,"column":59}},"26":{"start":{"line":26,"column":16},"end":{"line":26,"column":92}},"27":{"start":{"line":27,"column":2},"end":{"line":27,"column":78}},"28":{"start":{"line":31,"column":0},"end":{"line":49,"column":3}},"29":{"start":{"line":32,"column":2},"end":{"line":48,"column":3}},"30":{"start":{"line":33,"column":17},"end":{"line":33,"column":48}},"31":{"start":{"line":34,"column":25},"end":{"line":34,"column":49}},"32":{"start":{"line":35,"column":16},"end":{"line":35,"column":20}},"33":{"start":{"line":36,"column":4},"end":{"line":40,"column":5}},"34":{"start":{"line":36,"column":36},"end":{"line":36,"column":63}},"35":{"start":{"line":37,"column":9},"end":{"line":40,"column":5}},"36":{"start":{"line":38,"column":20},"end":{"line":38,"column":96}},"37":{"start":{"line":38,"column":51},"end":{"line":38,"column":59}},"38":{"start":{"line":38,"column":69},"end":{"line":38,"column":95}},"39":{"start":{"line":39,"column":6},"end":{"line":39,"column":45}},"40":{"start":{"line":39,"column":17},"end":{"line":39,"column":45}},"41":{"start":{"line":41,"column":4},"end":{"line":41,"column":78}},"42":{"start":{"line":41,"column":16},"end":{"line":41,"column":78}},"43":{"start":{"line":42,"column":16},"end":{"line":42,"column":39}},"44":{"start":{"line":43,"column":19},"end":{"line":43,"column":95}},"45":{"start":{"line":44,"column":20},"end":{"line":44,"column":45}},"46":{"start":{"line":45,"column":4},"end":{"line":45,"column":91}},"47":{"start":{"line":47,"column":4},"end":{"line":47,"column":62}},"48":{"start":{"line":51,"column":0},"end":{"line":51,"column":24}}},"fnMap":{"0":{"name":"(anonymous_0)","decl":{"start":{"line":9,"column":25},"end":{"line":9,"column":26}},"loc":{"start":{"line":9,"column":44},"end":{"line":17,"column":1}},"line":9},"1":{"name":"(anonymous_1)","decl":{"start":{"line":19,"column":22},"end":{"line":19,"column":23}},"loc":{"start":{"line":19,"column":41},"end":{"line":28,"column":1}},"line":19},"2":{"name":"(anonymous_2)","decl":{"start":{"line":31,"column":18},"end":{"line":31,"column":19}},"loc":{"start":{"line":31,"column":32},"end":{"line":49,"column":1}},"line":31},"3":{"name":"(anonymous_3)","decl":{"start":{"line":38,"column":48},"end":{"line":38,"column":49}},"loc":{"start":{"line":38,"column":51},"end":{"line":38,"column":59}},"line":38},"4":{"name":"(anonymous_4)","decl":{"start":{"line":38,"column":66},"end":{"line":38,"column":67}},"loc":{"start":{"line":38,"column":69},"end":{"line":38,"column":95}},"line":38}},"branchMap":{"0":{"loc":{"start":{"line":7,"column":19},"end":{"line":7,"column":56}},"type":"binary-expr","locations":[{"start":{"line":7,"column":19},"end":{"line":7,"column":41}},{"start":{"line":7,"column":45},"end":{"line":7,"column":56}}],"line":7},"1":{"loc":{"start":{"line":11,"column":2},"end":{"line":11,"column":91}},"type":"if","locations":[{"start":{"line":11,"column":2},"end":{"line":11,"column":91}},{"start":{},"end":{}}],"line":11},"2":{"loc":{"start":{"line":11,"column":5},"end":{"line":11,"column":33}},"type":"binary-expr","locations":[{"start":{"line":11,"column":5},"end":{"line":11,"column":11}},{"start":{"line":11,"column":15},"end":{"line":11,"column":24}},{"start":{"line":11,"column":28},"end":{"line":11,"column":33}}],"line":11},"3":{"loc":{"start":{"line":13,"column":2},"end":{"line":13,"column":69}},"type":"if","locations":[{"start":{"line":13,"column":2},"end":{"line":13,"column":69}},{"start":{},"end":{}}],"line":13},"4":{"loc":{"start":{"line":15,"column":74},"end":{"line":15,"column":91}},"type":"binary-expr","locations":[{"start":{"line":15,"column":74},"end":{"line":15,"column":78}},{"start":{"line":15,"column":82},"end":{"line":15,"column":91}}],"line":15},"5":{"loc":{"start":{"line":21,"column":2},"end":{"line":21,"column":75}},"type":"if","locations":[{"start":{"line":21,"column":2},"end":{"line":21,"column":75}},{"start":{},"end":{}}],"line":21},"6":{"loc":{"start":{"line":21,"column":5},"end":{"line":21,"column":24}},"type":"binary-expr","locations":[{"start":{"line":21,"column":5},"end":{"line":21,"column":11}},{"start":{"line":21,"column":15},"end":{"line":21,"column":24}}],"line":21},"7":{"loc":{"start":{"line":23,"column":2},"end":{"line":23,"column":61}},"type":"if","locations":[{"start":{"line":23,"column":2},"end":{"line":23,"column":61}},{"start":{},"end":{}}],"line":23},"8":{"loc":{"start":{"line":25,"column":2},"end":{"line":25,"column":59}},"type":"if","locations":[{"start":{"line":25,"column":2},"end":{"line":25,"column":59}},{"start":{},"end":{}}],"line":25},"9":{"loc":{"start":{"line":33,"column":17},"end":{"line":33,"column":48}},"type":"binary-expr","locations":[{"start":{"line":33,"column":17},"end":{"line":33,"column":42}},{"start":{"line":33,"column":46},"end":{"line":33,"column":48}}],"line":33},"10":{"loc":{"start":{"line":34,"column":25},"end":{"line":34,"column":49}},"type":"binary-expr","locations":[{"start":{"line":34,"column":25},"end":{"line":34,"column":43}},{"start":{"line":34,"column":47},"end":{"line":34,"column":49}}],"line":34},"11":{"loc":{"start":{"line":36,"column":4},"end":{"line":40,"column":5}},"type":"if","locations":[{"start":{"line":36,"column":4},"end":{"line":40,"column":5}},{"start":{"line":37,"column":9},"end":{"line":40,"column":5}}],"line":36},"12":{"loc":{"start":{"line":37,"column":9},"end":{"line":40,"column":5}},"type":"if","locations":[{"start":{"line":37,"column":9},"end":{"line":40,"column":5}},{"start":{},"end":{}}],"line":37},"13":{"loc":{"start":{"line":39,"column":6},"end":{"line":39,"column":45}},"type":"if","locations":[{"start":{"line":39,"column":6},"end":{"line":39,"column":45}},{"start":{},"end":{}}],"line":39},"14":{"loc":{"start":{"line":41,"column":4},"end":{"line":41,"column":78}},"type":"if","locations":[{"start":{"line":41,"column":4},"end":{"line":41,"column":78}},{"start":{},"end":{}}],"line":41},"15":{"loc":{"start":{"line":43,"column":19},"end":{"line":43,"column":95}},"type":"binary-expr","locations":[{"start":{"line":43,"column":19},"end":{"line":43,"column":41}},{"start":{"line":43,"column":45},"end":{"line":43,"column":71}},{"start":{"line":43,"column":75},"end":{"line":43,"column":95}}],"line":43},"16":{"loc":{"start":{"line":45,"column":34},"end":{"line":45,"column":52}},"type":"binary-expr","locations":[{"start":{"line":45,"column":34},"end":{"line":45,"column":44}},{"start":{"line":45,"column":48},"end":{"line":45,"column":52}}],"line":45},"17":{"loc":{"start":{"line":45,"column":60},"end":{"line":45,"column":85}},"type":"binary-expr","locations":[{"start":{"line":45,"column":60},"end":{"line":45,"column":72}},{"start":{"line":45,"column":76},"end":{"line":45,"column":85}}],"line":45}},"s":{"0":6,"1":6,"2":6,"3":6,"4":6,"5":6,"6":6,"7":2,"8":2,"9":0,"10":2,"11":2,"12":0,"13":2,"14":2,"15":2,"16":6,"17":1,"18":1,"19":0,"20":1,"21":1,"22":0,"23":1,"24":1,"25":0,"26":1,"27":1,"28":6,"29":0,"30":0,"31":0,"32":0,"33":0,"34":0,"35":0,"36":0,"37":0,"38":0,"39":0,"40":0,"41":0,"42":0,"43":0,"44":0,"45":0,"46":0,"47":0,"48":6},"f":{"0":2,"1":1,"2":0,"3":0,"4":0},"b":{"0":[6,0],"1":[0,2],"2":[2,2,2],"3":[0,2],"4":[2,2],"5":[0,1],"6":[1,1],"7":[0,1],"8":[0,1],"9":[0,0],"10":[0,0],"11":[0,0],"12":[0,0],"13":[0,0],"14":[0,0],"15":[0,0,0],"16":[0,0],"17":[0,0]},"_coverageSchema":"1a1c01bbd47fc00a2c39e90264f33305004495a9","hash":"eb1405a44d67060b80e94ac36e0936ccc95f4984"},"/home/hoe_user/Downloads/csm-master/hms_full_project/backend/routes/admin.js":{"path":"/home/hoe_user/Downloads/csm-master/hms_full_project/backend/routes/admin.js","statementMap":{"0":{"start":{"line":1,"column":16},"end":{"line":1,"column":34}},"1":{"start":{"line":2,"column":15},"end":{"line":2,"column":31}},"2":{"start":{"line":3,"column":18},"end":{"line":3,"column":52}},"3":{"start":{"line":4,"column":22},"end":{"line":4,"column":56}},"4":{"start":{"line":6,"column":0},"end":{"line":18,"column":3}},"5":{"start":{"line":7,"column":2},"end":{"line":17,"column":3}},"6":{"start":{"line":9,"column":16},"end":{"line":9,"column":98}},"7":{"start":{"line":10,"column":26},"end":{"line":10,"column":151}},"8":{"start":{"line":11,"column":4},"end":{"line":11,"column":78}},"9":{"start":{"line":11,"column":24},"end":{"line":11,"column":78}},"10":{"start":{"line":12,"column":21},"end":{"line":12,"column":67}},"11":{"start":{"line":13,"column":4},"end":{"line":13,"column":23}},"12":{"start":{"line":15,"column":4},"end":{"line":15,"column":23}},"13":{"start":{"line":16,"column":4},"end":{"line":16,"column":54}},"14":{"start":{"line":19,"column":0},"end":{"line":19,"column":24}}},"fnMap":{"0":{"name":"(anonymous_0)","decl":{"start":{"line":6,"column":35},"end":{"line":6,"column":36}},"loc":{"start":{"line":6,"column":55},"end":{"line":18,"column":1}},"line":6}},"branchMap":{"0":{"loc":{"start":{"line":9,"column":16},"end":{"line":9,"column":98}},"type":"cond-expr","locations":[{"start":{"line":9,"column":51},"end":{"line":9,"column":93}},{"start":{"line":9,"column":96},"end":{"line":9,"column":98}}],"line":9},"1":{"loc":{"start":{"line":9,"column":16},"end":{"line":9,"column":48}},"type":"binary-expr","locations":[{"start":{"line":9,"column":16},"end":{"line":9,"column":24}},{"start":{"line":9,"column":28},"end":{"line":9,"column":48}}],"line":9},"2":{"loc":{"start":{"line":10,"column":26},"end":{"line":10,"column":151}},"type":"binary-expr","locations":[{"start":{"line":10,"column":26},"end":{"line":10,"column":34}},{"start":{"line":10,"column":38},"end":{"line":10,"column":65}},{"start":{"line":10,"column":69},"end":{"line":10,"column":91}},{"start":{"line":10,"column":96},"end":{"line":10,"column":117}},{"start":{"line":10,"column":121},"end":{"line":10,"column":150}}],"line":10},"3":{"loc":{"start":{"line":11,"column":4},"end":{"line":11,"column":78}},"type":"if","locations":[{"start":{"line":11,"column":4},"end":{"line":11,"column":78}},{"start":{},"end":{}}],"line":11}},"s":{"0":6,"1":6,"2":6,"3":6,"4":6,"5":0,"6":0,"7":0,"8":0,"9":0,"10":0,"11":0,"12":0,"13":0,"14":6},"f":{"0":0},"b":{"0":[0,0],"1":[0,0],"2":[0,0,0,0,0],"3":[0,0]},"_coverageSchema":"1a1c01bbd47fc00a2c39e90264f33305004495a9","hash":"6353ccb99092616b5ac3539fcb58e1f59273972d"},"/home/hoe_user/Downloads/csm-master/hms_full_project/backend/middleware/verifyJWT.js":{"path":"/home/hoe_user/Downloads/csm-master/hms_full_project/backend/middleware/verifyJWT.js","statementMap":{"0":{"start":{"line":1,"column":12},"end":{"line":1,"column":35}},"1":{"start":{"line":2,"column":0},"end":{"line":21,"column":2}},"2":{"start":{"line":3,"column":2},"end":{"line":20,"column":3}},"3":{"start":{"line":4,"column":16},"end":{"line":4,"column":20}},"4":{"start":{"line":5,"column":17},"end":{"line":5,"column":42}},"5":{"start":{"line":6,"column":4},"end":{"line":6,"column":71}},"6":{"start":{"line":6,"column":44},"end":{"line":6,"column":71}},"7":{"start":{"line":9,"column":4},"end":{"line":13,"column":5}},"8":{"start":{"line":10,"column":20},"end":{"line":10,"column":68}},"9":{"start":{"line":10,"column":59},"end":{"line":10,"column":67}},"10":{"start":{"line":11,"column":20},"end":{"line":11,"column":63}},"11":{"start":{"line":11,"column":36},"end":{"line":11,"column":62}},"12":{"start":{"line":12,"column":6},"end":{"line":12,"column":45}},"13":{"start":{"line":12,"column":17},"end":{"line":12,"column":45}},"14":{"start":{"line":15,"column":4},"end":{"line":15,"column":74}},"15":{"start":{"line":15,"column":16},"end":{"line":15,"column":74}},"16":{"start":{"line":16,"column":4},"end":{"line":16,"column":74}},"17":{"start":{"line":17,"column":4},"end":{"line":17,"column":11}},"18":{"start":{"line":19,"column":4},"end":{"line":19,"column":73}}},"fnMap":{"0":{"name":"(anonymous_0)","decl":{"start":{"line":2,"column":17},"end":{"line":2,"column":18}},"loc":{"start":{"line":2,"column":42},"end":{"line":21,"column":1}},"line":2},"1":{"name":"(anonymous_1)","decl":{"start":{"line":10,"column":54},"end":{"line":10,"column":55}},"loc":{"start":{"line":10,"column":59},"end":{"line":10,"column":67}},"line":10},"2":{"name":"(anonymous_2)","decl":{"start":{"line":11,"column":31},"end":{"line":11,"column":32}},"loc":{"start":{"line":11,"column":36},"end":{"line":11,"column":62}},"line":11}},"branchMap":{"0":{"loc":{"start":{"line":6,"column":4},"end":{"line":6,"column":71}},"type":"if","locations":[{"start":{"line":6,"column":4},"end":{"line":6,"column":71}},{"start":{},"end":{}}],"line":6},"1":{"loc":{"start":{"line":6,"column":8},"end":{"line":6,"column":42}},"type":"binary-expr","locations":[{"start":{"line":6,"column":8},"end":{"line":6,"column":12}},{"start":{"line":6,"column":16},"end":{"line":6,"column":42}}],"line":6},"2":{"loc":{"start":{"line":9,"column":4},"end":{"line":13,"column":5}},"type":"if","locations":[{"start":{"line":9,"column":4},"end":{"line":13,"column":5}},{"start":{},"end":{}}],"line":9},"3":{"loc":{"start":{"line":9,"column":8},"end":{"line":9,"column":51}},"type":"binary-expr","locations":[{"start":{"line":9,"column":8},"end":{"line":9,"column":14}},{"start":{"line":9,"column":18},"end":{"line":9,"column":29}},{"start":{"line":9,"column":33},"end":{"line":9,"column":51}}],"line":9},"4":{"loc":{"start":{"line":12,"column":6},"end":{"line":12,"column":45}},"type":"if","locations":[{"start":{"line":12,"column":6},"end":{"line":12,"column":45}},{"start":{},"end":{}}],"line":12},"5":{"loc":{"start":{"line":15,"column":4},"end":{"line":15,"column":74}},"type":"if","locations":[{"start":{"line":15,"column":4},"end":{"line":15,"column":74}},{"start":{},"end":{}}],"line":15},"6":{"loc":{"start":{"line":16,"column":33},"end":{"line":16,"column":72}},"type":"binary-expr","locations":[{"start":{"line":16,"column":33},"end":{"line":16,"column":55}},{"start":{"line":16,"column":59},"end":{"line":16,"column":72}}],"line":16}},"s":{"0":6,"1":6,"2":0,"3":0,"4":0,"5":0,"6":0,"7":0,"8":0,"9":0,"10":0,"11":0,"12":0,"13":0,"14":0,"15":0,"16":0,"17":0,"18":0},"f":{"0":0,"1":0,"2":0},"b":{"0":[0,0],"1":[0,0],"2":[0,0],"3":[0,0,0],"4":[0,0],"5":[0,0],"6":[0,0]},"_coverageSchema":"1a1c01bbd47fc00a2c39e90264f33305004495a9","hash":"7d5190ab017f5acee96e1ec154be72fe9c078a8e"},"/home/hoe_user/Downloads/csm-master/hms_full_project/backend/models/HostelStudent.js":{"path":"/home/hoe_user/Downloads/csm-master/hms_full_project/backend/models/HostelStudent.js","statementMap":{"0":{"start":{"line":1,"column":17},"end":{"line":1,"column":36}},"1":{"start":{"line":3,"column":28},"end":{"line":16,"column":2}},"2":{"start":{"line":18,"column":0},"end":{"line":18,"column":70}}},"fnMap":{},"branchMap":{},"s":{"0":6,"1":6,"2":6},"f":{},"b":{},"_coverageSchema":"1a1c01bbd47fc00a2c39e90264f33305004495a9","hash":"958f9af1eb16f8f3d7681377d6de3368c14ff1a1"},"/home/hoe_user/Downloads/csm-master/hms_full_project/backend/routes/student.js":{"path":"/home/hoe_user/Downloads/csm-master/hms_full_project/backend/routes/student.js","statementMap":{"0":{"start":{"line":1,"column":16},"end":{"line":1,"column":34}},"1":{"start":{"line":2,"column":15},"end":{"line":2,"column":31}},"2":{"start":{"line":3,"column":18},"end":{"line":3,"column":52}},"3":{"start":{"line":4,"column":22},"end":{"line":4,"column":56}},"4":{"start":{"line":6,"column":0},"end":{"line":15,"column":3}},"5":{"start":{"line":7,"column":2},"end":{"line":14,"column":3}},"6":{"start":{"line":8,"column":20},"end":{"line":8,"column":84}},"7":{"start":{"line":9,"column":4},"end":{"line":9,"column":72}},"8":{"start":{"line":9,"column":18},"end":{"line":9,"column":72}},"9":{"start":{"line":10,"column":4},"end":{"line":10,"column":129}},"10":{"start":{"line":12,"column":4},"end":{"line":12,"column":23}},"11":{"start":{"line":13,"column":4},"end":{"line":13,"column":54}},"12":{"start":{"line":16,"column":0},"end":{"line":16,"column":24}}},"fnMap":{"0":{"name":"(anonymous_0)","decl":{"start":{"line":6,"column":45},"end":{"line":6,"column":46}},"loc":{"start":{"line":6,"column":65},"end":{"line":15,"column":1}},"line":6}},"branchMap":{"0":{"loc":{"start":{"line":9,"column":4},"end":{"line":9,"column":72}},"type":"if","locations":[{"start":{"line":9,"column":4},"end":{"line":9,"column":72}},{"start":{},"end":{}}],"line":9}},"s":{"0":6,"1":6,"2":6,"3":6,"4":6,"5":0,"6":0,"7":0,"8":0,"9":0,"10":0,"11":0,"12":6},"f":{"0":0},"b":{"0":[0,0]},"_coverageSchema":"1a1c01bbd47fc00a2c39e90264f33305004495a9","hash":"1a826426679b8ca0e356524a5e070d526739d46e"},"/home/hoe_user/Downloads/csm-master/hms_full_project/backend/routes/entry.js":{"path":"/home/hoe_user/Downloads/csm-master/hms_full_project/backend/routes/entry.js","statementMap":{"0":{"start":{"line":1,"column":16},"end":{"line":1,"column":34}},"1":{"start":{"line":2,"column":15},"end":{"line":2,"column":31}},"2":{"start":{"line":3,"column":18},"end":{"line":3,"column":48}},"3":{"start":{"line":4,"column":37},"end":{"line":4,"column":66}},"4":{"start":{"line":7,"column":0},"end":{"line":18,"column":3}},"5":{"start":{"line":8,"column":2},"end":{"line":9,"column":78}},"6":{"start":{"line":9,"column":4},"end":{"line":9,"column":78}},"7":{"start":{"line":11,"column":29},"end":{"line":11,"column":37}},"8":{"start":{"line":12,"column":16},"end":{"line":16,"column":4}},"9":{"start":{"line":17,"column":2},"end":{"line":17,"column":30}},"10":{"start":{"line":21,"column":0},"end":{"line":26,"column":3}},"11":{"start":{"line":22,"column":18},"end":{"line":24,"column":14}},"12":{"start":{"line":25,"column":2},"end":{"line":25,"column":20}},"13":{"start":{"line":29,"column":0},"end":{"line":40,"column":3}},"14":{"start":{"line":30,"column":31},"end":{"line":30,"column":40}},"15":{"start":{"line":31,"column":17},"end":{"line":31,"column":19}},"16":{"start":{"line":32,"column":2},"end":{"line":32,"column":31}},"17":{"start":{"line":32,"column":12},"end":{"line":32,"column":31}},"18":{"start":{"line":33,"column":2},"end":{"line":34,"column":70}},"19":{"start":{"line":34,"column":4},"end":{"line":34,"column":70}},"20":{"start":{"line":36,"column":15},"end":{"line":38,"column":28}},"21":{"start":{"line":39,"column":2},"end":{"line":39,"column":17}},"22":{"start":{"line":42,"column":0},"end":{"line":42,"column":24}}},"fnMap":{"0":{"name":"(anonymous_0)","decl":{"start":{"line":7,"column":30},"end":{"line":7,"column":31}},"loc":{"start":{"line":7,"column":50},"end":{"line":18,"column":1}},"line":7},"1":{"name":"(anonymous_1)","decl":{"start":{"line":21,"column":31},"end":{"line":21,"column":32}},"loc":{"start":{"line":21,"column":51},"end":{"line":26,"column":1}},"line":21},"2":{"name":"(anonymous_2)","decl":{"start":{"line":29,"column":54},"end":{"line":29,"column":55}},"loc":{"start":{"line":29,"column":74},"end":{"line":40,"column":1}},"line":29}},"branchMap":{"0":{"loc":{"start":{"line":8,"column":2},"end":{"line":9,"column":78}},"type":"if","locations":[{"start":{"line":8,"column":2},"end":{"line":9,"column":78}},{"start":{},"end":{}}],"line":8},"1":{"loc":{"start":{"line":32,"column":2},"end":{"line":32,"column":31}},"type":"if","locations":[{"start":{"line":32,"column":2},"end":{"line":32,"column":31}},{"start":{},"end":{}}],"line":32},"2":{"loc":{"start":{"line":33,"column":2},"end":{"line":34,"column":70}},"type":"if","locations":[{"start":{"line":33,"column":2},"end":{"line":34,"column":70}},{"start":{},"end":{}}],"line":33},"3":{"loc":{"start":{"line":33,"column":6},"end":{"line":33,"column":18}},"type":"binary-expr","locations":[{"start":{"line":33,"column":6},"end":{"line":33,"column":11}},{"start":{"line":33,"column":15},"end":{"line":33,"column":18}}],"line":33}},"s":{"0":6,"1":6,"2":6,"3":6,"4":6,"5":1,"6":0,"7":1,"8":1,"9":1,"10":6,"11":0,"12":0,"13":6,"14":0,"15":0,"16":0,"17":0,"18":0,"19":0,"20":0,"21":0,"22":6},"f":{"0":1,"1":0,"2":0},"b":{"0":[0,1],"1":[0,0],"2":[0,0],"3":[0,0]},"_coverageSchema":"1a1c01bbd47fc00a2c39e90264f33305004495a9","hash":"e8f24723930e4b74d8b5618109e0e5e1b67925c5"},"/home/hoe_user/Downloads/csm-master/hms_full_project/backend/routes/complaint.js":{"path":"/home/hoe_user/Downloads/csm-master/hms_full_project/backend/routes/complaint.js","statementMap":{"0":{"start":{"line":1,"column":16},"end":{"line":1,"column":34}},"1":{"start":{"line":2,"column":15},"end":{"line":2,"column":31}},"2":{"start":{"line":3,"column":18},"end":{"line":3,"column":48}},"3":{"start":{"line":4,"column":37},"end":{"line":4,"column":66}},"4":{"start":{"line":7,"column":0},"end":{"line":15,"column":3}},"5":{"start":{"line":8,"column":33},"end":{"line":8,"column":41}},"6":{"start":{"line":9,"column":12},"end":{"line":13,"column":4}},"7":{"start":{"line":14,"column":2},"end":{"line":14,"column":26}},"8":{"start":{"line":18,"column":0},"end":{"line":21,"column":3}},"9":{"start":{"line":19,"column":15},"end":{"line":19,"column":86}},"10":{"start":{"line":20,"column":2},"end":{"line":20,"column":17}},"11":{"start":{"line":24,"column":0},"end":{"line":29,"column":3}},"12":{"start":{"line":25,"column":15},"end":{"line":27,"column":28}},"13":{"start":{"line":28,"column":2},"end":{"line":28,"column":17}},"14":{"start":{"line":32,"column":0},"end":{"line":43,"column":3}},"15":{"start":{"line":33,"column":35},"end":{"line":33,"column":43}},"16":{"start":{"line":34,"column":18},"end":{"line":34,"column":51}},"17":{"start":{"line":35,"column":2},"end":{"line":36,"column":63}},"18":{"start":{"line":36,"column":4},"end":{"line":36,"column":63}},"19":{"start":{"line":37,"column":12},"end":{"line":41,"column":3}},"20":{"start":{"line":42,"column":2},"end":{"line":42,"column":14}},"21":{"start":{"line":45,"column":0},"end":{"line":45,"column":24}}},"fnMap":{"0":{"name":"(anonymous_0)","decl":{"start":{"line":7,"column":30},"end":{"line":7,"column":31}},"loc":{"start":{"line":7,"column":50},"end":{"line":15,"column":1}},"line":7},"1":{"name":"(anonymous_1)","decl":{"start":{"line":18,"column":33},"end":{"line":18,"column":34}},"loc":{"start":{"line":18,"column":53},"end":{"line":21,"column":1}},"line":18},"2":{"name":"(anonymous_2)","decl":{"start":{"line":24,"column":54},"end":{"line":24,"column":55}},"loc":{"start":{"line":24,"column":74},"end":{"line":29,"column":1}},"line":24},"3":{"name":"(anonymous_3)","decl":{"start":{"line":32,"column":61},"end":{"line":32,"column":62}},"loc":{"start":{"line":32,"column":81},"end":{"line":43,"column":1}},"line":32}},"branchMap":{"0":{"loc":{"start":{"line":35,"column":2},"end":{"line":36,"column":63}},"type":"if","locations":[{"start":{"line":35,"column":2},"end":{"line":36,"column":63}},{"start":{},"end":{}}],"line":35}},"s":{"0":6,"1":6,"2":6,"3":6,"4":6,"5":1,"6":1,"7":1,"8":6,"9":0,"10":0,"11":6,"12":0,"13":0,"14":6,"15":0,"16":0,"17":0,"18":0,"19":0,"20":0,"21":6},"f":{"0":1,"1":0,"2":0,"3":0},"b":{"0":[0,0]},"_coverageSchema":"1a1c01bbd47fc00a2c39e90264f33305004495a9","hash":"5f5e138f921434cc7cdbccb8299561fb4cfff3ab"},"/home/hoe_user/Downloads/csm-master/hms_full_project/backend/routes/notice.js":{"path":"/home/hoe_user/Downloads/csm-master/hms_full_project/backend/routes/notice.js","statementMap":{"0":{"start":{"line":1,"column":16},"end":{"line":1,"column":34}},"1":{"start":{"line":2,"column":15},"end":{"line":2,"column":31}},"2":{"start":{"line":3,"column":15},"end":{"line":3,"column":42}},"3":{"start":{"line":4,"column":37},"end":{"line":4,"column":66}},"4":{"start":{"line":7,"column":0},"end":{"line":18,"column":3}},"5":{"start":{"line":8,"column":26},"end":{"line":8,"column":34}},"6":{"start":{"line":9,"column":2},"end":{"line":10,"column":72}},"7":{"start":{"line":10,"column":4},"end":{"line":10,"column":72}},"8":{"start":{"line":11,"column":12},"end":{"line":16,"column":4}},"9":{"start":{"line":17,"column":2},"end":{"line":17,"column":26}},"10":{"start":{"line":21,"column":0},"end":{"line":24,"column":3}},"11":{"start":{"line":22,"column":15},"end":{"line":22,"column":72}},"12":{"start":{"line":23,"column":2},"end":{"line":23,"column":17}},"13":{"start":{"line":27,"column":0},"end":{"line":30,"column":3}},"14":{"start":{"line":28,"column":15},"end":{"line":28,"column":57}},"15":{"start":{"line":29,"column":2},"end":{"line":29,"column":17}},"16":{"start":{"line":32,"column":0},"end":{"line":32,"column":24}}},"fnMap":{"0":{"name":"(anonymous_0)","decl":{"start":{"line":7,"column":52},"end":{"line":7,"column":53}},"loc":{"start":{"line":7,"column":72},"end":{"line":18,"column":1}},"line":7},"1":{"name":"(anonymous_1)","decl":{"start":{"line":21,"column":54},"end":{"line":21,"column":55}},"loc":{"start":{"line":21,"column":74},"end":{"line":24,"column":1}},"line":21},"2":{"name":"(anonymous_2)","decl":{"start":{"line":27,"column":29},"end":{"line":27,"column":30}},"loc":{"start":{"line":27,"column":49},"end":{"line":30,"column":1}},"line":27}},"branchMap":{"0":{"loc":{"start":{"line":9,"column":2},"end":{"line":10,"column":72}},"type":"if","locations":[{"start":{"line":9,"column":2},"end":{"line":10,"column":72}},{"start":{},"end":{}}],"line":9},"1":{"loc":{"start":{"line":9,"column":6},"end":{"line":9,"column":21}},"type":"binary-expr","locations":[{"start":{"line":9,"column":6},"end":{"line":9,"column":12}},{"start":{"line":9,"column":16},"end":{"line":9,"column":21}}],"line":9}},"s":{"0":6,"1":6,"2":6,"3":6,"4":6,"5":1,"6":1,"7":0,"8":1,"9":1,"10":6,"11":0,"12":0,"13":6,"14":0,"15":0,"16":6},"f":{"0":1,"1":0,"2":0},"b":{"0":[0,1],"1":[1,1]},"_coverageSchema":"1a1c01bbd47fc00a2c39e90264f33305004495a9","hash":"0a32883118238160cec508605f86f7b4f1e9516b"},"/home/hoe_user/Downloads/csm-master/hms_full_project/backend/routes/room.js":{"path":"/home/hoe_user/Downloads/csm-master/hms_full_project/backend/routes/room.js","statementMap":{"0":{"start":{"line":1,"column":16},"end":{"line":1,"column":34}},"1":{"start":{"line":2,"column":15},"end":{"line":2,"column":31}},"2":{"start":{"line":3,"column":13},"end":{"line":3,"column":38}},"3":{"start":{"line":4,"column":37},"end":{"line":4,"column":66}},"4":{"start":{"line":7,"column":0},"end":{"line":16,"column":3}},"5":{"start":{"line":8,"column":2},"end":{"line":15,"column":3}},"6":{"start":{"line":9,"column":33},"end":{"line":9,"column":41}},"7":{"start":{"line":10,"column":17},"end":{"line":10,"column":56}},"8":{"start":{"line":11,"column":4},"end":{"line":11,"column":38}},"9":{"start":{"line":13,"column":4},"end":{"line":13,"column":47}},"10":{"start":{"line":14,"column":4},"end":{"line":14,"column":61}},"11":{"start":{"line":18,"column":0},"end":{"line":18,"column":24}}},"fnMap":{"0":{"name":"(anonymous_0)","decl":{"start":{"line":7,"column":52},"end":{"line":7,"column":53}},"loc":{"start":{"line":7,"column":72},"end":{"line":16,"column":1}},"line":7}},"branchMap":{},"s":{"0":6,"1":6,"2":6,"3":6,"4":6,"5":1,"6":1,"7":1,"8":1,"9":0,"10":0,"11":6},"f":{"0":1},"b":{},"_coverageSchema":"1a1c01bbd47fc00a2c39e90264f33305004495a9","hash":"555cd6f1546943a65678718d6347b735c9afc194"},"/home/hoe_user/Downloads/csm-master/hms_full_project/backend/routes/sso.js":{"path":"/home/hoe_user/Downloads/csm-master/hms_full_project/backend/routes/sso.js","statementMap":{"0":{"start":{"line":1,"column":16},"end":{"line":1,"column":34}},"1":{"start":{"line":2,"column":15},"end":{"line":2,"column":31}},"2":{"start":{"line":3,"column":12},"end":{"line":3,"column":35}},"3":{"start":{"line":8,"column":0},"end":{"line":33,"column":3}},"4":{"start":{"line":9,"column":2},"end":{"line":32,"column":3}},"5":{"start":{"line":10,"column":17},"end":{"line":10,"column":48}},"6":{"start":{"line":11,"column":4},"end":{"line":11,"column":99}},"7":{"start":{"line":11,"column":37},"end":{"line":11,"column":99}},"8":{"start":{"line":12,"column":21},"end":{"line":12,"column":39}},"9":{"start":{"line":14,"column":22},"end":{"line":14,"column":48}},"10":{"start":{"line":15,"column":4},"end":{"line":15,"column":94}},"11":{"start":{"line":15,"column":20},"end":{"line":15,"column":94}},"12":{"start":{"line":17,"column":23},"end":{"line":17,"column":54}},"13":{"start":{"line":19,"column":23},"end":{"line":23,"column":5}},"14":{"start":{"line":25,"column":22},"end":{"line":25,"column":98}},"15":{"start":{"line":26,"column":21},"end":{"line":26,"column":73}},"16":{"start":{"line":28,"column":4},"end":{"line":28,"column":111}},"17":{"start":{"line":30,"column":4},"end":{"line":30,"column":58}},"18":{"start":{"line":31,"column":4},"end":{"line":31,"column":66}},"19":{"start":{"line":37,"column":0},"end":{"line":131,"column":3}},"20":{"start":{"line":38,"column":2},"end":{"line":130,"column":3}},"21":{"start":{"line":39,"column":21},"end":{"line":39,"column":39}},"22":{"start":{"line":40,"column":4},"end":{"line":40,"column":73}},"23":{"start":{"line":40,"column":19},"end":{"line":40,"column":73}},"24":{"start":{"line":43,"column":19},"end":{"line":43,"column":92}},"25":{"start":{"line":45,"column":21},"end":{"line":74,"column":6}},"26":{"start":{"line":45,"column":52},"end":{"line":74,"column":6}},"27":{"start":{"line":46,"column":6},"end":{"line":73,"column":32}},"28":{"start":{"line":47,"column":23},"end":{"line":47,"column":35}},"29":{"start":{"line":48,"column":20},"end":{"line":48,"column":85}},"30":{"start":{"line":49,"column":24},"end":{"line":49,"column":44}},"31":{"start":{"line":50,"column":21},"end":{"line":60,"column":9}},"32":{"start":{"line":61,"column":20},"end":{"line":69,"column":10}},"33":{"start":{"line":62,"column":20},"end":{"line":62,"column":22}},"34":{"start":{"line":63,"column":10},"end":{"line":63,"column":34}},"35":{"start":{"line":64,"column":10},"end":{"line":64,"column":50}},"36":{"start":{"line":64,"column":36},"end":{"line":64,"column":48}},"37":{"start":{"line":65,"column":10},"end":{"line":68,"column":13}},"38":{"start":{"line":66,"column":12},"end":{"line":67,"column":73}},"39":{"start":{"line":66,"column":28},"end":{"line":66,"column":51}},"40":{"start":{"line":66,"column":53},"end":{"line":66,"column":98}},"41":{"start":{"line":67,"column":24},"end":{"line":67,"column":71}},"42":{"start":{"line":70,"column":8},"end":{"line":70,"column":32}},"43":{"start":{"line":71,"column":8},"end":{"line":71,"column":27}},"44":{"start":{"line":72,"column":8},"end":{"line":72,"column":18}},"45":{"start":{"line":73,"column":20},"end":{"line":73,"column":30}},"46":{"start":{"line":75,"column":4},"end":{"line":126,"column":5}},"47":{"start":{"line":77,"column":6},"end":{"line":77,"column":64}},"48":{"start":{"line":78,"column":19},"end":{"line":78,"column":111}},"49":{"start":{"line":79,"column":6},"end":{"line":79,"column":77}},"50":{"start":{"line":82,"column":6},"end":{"line":95,"column":7}},"51":{"start":{"line":83,"column":8},"end":{"line":83,"column":80}},"52":{"start":{"line":84,"column":8},"end":{"line":89,"column":9}},"53":{"start":{"line":85,"column":10},"end":{"line":85,"column":126}},"54":{"start":{"line":87,"column":10},"end":{"line":87,"column":84}},"55":{"start":{"line":88,"column":10},"end":{"line":88,"column":64}},"56":{"start":{"line":90,"column":13},"end":{"line":95,"column":7}},"57":{"start":{"line":91,"column":8},"end":{"line":91,"column":68}},"58":{"start":{"line":92,"column":8},"end":{"line":92,"column":66}},"59":{"start":{"line":94,"column":8},"end":{"line":94,"column":36}},"60":{"start":{"line":97,"column":24},"end":{"line":97,"column":100}},"61":{"start":{"line":99,"column":28},"end":{"line":102,"column":76}},"62":{"start":{"line":105,"column":22},"end":{"line":105,"column":98}},"63":{"start":{"line":107,"column":25},"end":{"line":113,"column":7}},"64":{"start":{"line":114,"column":23},"end":{"line":114,"column":75}},"65":{"start":{"line":117,"column":25},"end":{"line":117,"column":135}},"66":{"start":{"line":118,"column":6},"end":{"line":118,"column":52}},"67":{"start":{"line":120,"column":23},"end":{"line":120,"column":101}},"68":{"start":{"line":122,"column":6},"end":{"line":122,"column":78}},"69":{"start":{"line":124,"column":6},"end":{"line":124,"column":70}},"70":{"start":{"line":125,"column":6},"end":{"line":125,"column":64}},"71":{"start":{"line":128,"column":4},"end":{"line":128,"column":52}},"72":{"start":{"line":129,"column":4},"end":{"line":129,"column":46}},"73":{"start":{"line":133,"column":0},"end":{"line":133,"column":24}}},"fnMap":{"0":{"name":"(anonymous_0)","decl":{"start":{"line":8,"column":29},"end":{"line":8,"column":30}},"loc":{"start":{"line":8,"column":43},"end":{"line":33,"column":1}},"line":8},"1":{"name":"(anonymous_1)","decl":{"start":{"line":37,"column":22},"end":{"line":37,"column":23}},"loc":{"start":{"line":37,"column":42},"end":{"line":131,"column":1}},"line":37},"2":{"name":"(anonymous_2)","decl":{"start":{"line":45,"column":21},"end":{"line":45,"column":22}},"loc":{"start":{"line":45,"column":52},"end":{"line":74,"column":6}},"line":45},"3":{"name":"(anonymous_3)","decl":{"start":{"line":45,"column":64},"end":{"line":45,"column":65}},"loc":{"start":{"line":45,"column":85},"end":{"line":74,"column":5}},"line":45},"4":{"name":"(anonymous_4)","decl":{"start":{"line":61,"column":38},"end":{"line":61,"column":39}},"loc":{"start":{"line":61,"column":47},"end":{"line":69,"column":9}},"line":61},"5":{"name":"(anonymous_5)","decl":{"start":{"line":64,"column":25},"end":{"line":64,"column":26}},"loc":{"start":{"line":64,"column":36},"end":{"line":64,"column":48}},"line":64},"6":{"name":"(anonymous_6)","decl":{"start":{"line":65,"column":24},"end":{"line":65,"column":25}},"loc":{"start":{"line":65,"column":30},"end":{"line":68,"column":11}},"line":65}},"branchMap":{"0":{"loc":{"start":{"line":10,"column":17},"end":{"line":10,"column":48}},"type":"binary-expr","locations":[{"start":{"line":10,"column":17},"end":{"line":10,"column":42}},{"start":{"line":10,"column":46},"end":{"line":10,"column":48}}],"line":10},"1":{"loc":{"start":{"line":11,"column":4},"end":{"line":11,"column":99}},"type":"if","locations":[{"start":{"line":11,"column":4},"end":{"line":11,"column":99}},{"start":{},"end":{}}],"line":11},"2":{"loc":{"start":{"line":15,"column":4},"end":{"line":15,"column":94}},"type":"if","locations":[{"start":{"line":15,"column":4},"end":{"line":15,"column":94}},{"start":{},"end":{}}],"line":15},"3":{"loc":{"start":{"line":20,"column":10},"end":{"line":20,"column":65}},"type":"binary-expr","locations":[{"start":{"line":20,"column":10},"end":{"line":20,"column":27}},{"start":{"line":20,"column":31},"end":{"line":20,"column":44}},{"start":{"line":20,"column":48},"end":{"line":20,"column":65}}],"line":20},"4":{"loc":{"start":{"line":21,"column":15},"end":{"line":21,"column":44}},"type":"binary-expr","locations":[{"start":{"line":21,"column":15},"end":{"line":21,"column":30}},{"start":{"line":21,"column":34},"end":{"line":21,"column":44}}],"line":21},"5":{"loc":{"start":{"line":22,"column":19},"end":{"line":22,"column":49}},"type":"binary-expr","locations":[{"start":{"line":22,"column":19},"end":{"line":22,"column":41}},{"start":{"line":22,"column":45},"end":{"line":22,"column":49}}],"line":22},"6":{"loc":{"start":{"line":25,"column":22},"end":{"line":25,"column":98}},"type":"binary-expr","locations":[{"start":{"line":25,"column":22},"end":{"line":25,"column":48}},{"start":{"line":25,"column":52},"end":{"line":25,"column":74}},{"start":{"line":25,"column":78},"end":{"line":25,"column":98}}],"line":25},"7":{"loc":{"start":{"line":28,"column":48},"end":{"line":28,"column":107}},"type":"binary-expr","locations":[{"start":{"line":28,"column":48},"end":{"line":28,"column":76}},{"start":{"line":28,"column":80},"end":{"line":28,"column":99}},{"start":{"line":28,"column":103},"end":{"line":28,"column":107}}],"line":28},"8":{"loc":{"start":{"line":40,"column":4},"end":{"line":40,"column":73}},"type":"if","locations":[{"start":{"line":40,"column":4},"end":{"line":40,"column":73}},{"start":{},"end":{}}],"line":40},"9":{"loc":{"start":{"line":43,"column":19},"end":{"line":43,"column":92}},"type":"binary-expr","locations":[{"start":{"line":43,"column":19},"end":{"line":43,"column":42}},{"start":{"line":43,"column":46},"end":{"line":43,"column":65}},{"start":{"line":43,"column":69},"end":{"line":43,"column":92}}],"line":43},"10":{"loc":{"start":{"line":45,"column":33},"end":{"line":45,"column":47}},"type":"default-arg","locations":[{"start":{"line":45,"column":43},"end":{"line":45,"column":47}}],"line":45},"11":{"loc":{"start":{"line":48,"column":20},"end":{"line":48,"column":85}},"type":"cond-expr","locations":[{"start":{"line":48,"column":51},"end":{"line":48,"column":67}},{"start":{"line":48,"column":70},"end":{"line":48,"column":85}}],"line":48},"12":{"loc":{"start":{"line":52,"column":16},"end":{"line":52,"column":72}},"type":"binary-expr","locations":[{"start":{"line":52,"column":16},"end":{"line":52,"column":27}},{"start":{"line":52,"column":32},"end":{"line":52,"column":71}}],"line":52},"13":{"loc":{"start":{"line":52,"column":32},"end":{"line":52,"column":71}},"type":"cond-expr","locations":[{"start":{"line":52,"column":63},"end":{"line":52,"column":66}},{"start":{"line":52,"column":69},"end":{"line":52,"column":71}}],"line":52},"14":{"loc":{"start":{"line":53,"column":35},"end":{"line":53,"column":54}},"type":"binary-expr","locations":[{"start":{"line":53,"column":35},"end":{"line":53,"column":48}},{"start":{"line":53,"column":52},"end":{"line":53,"column":54}}],"line":53},"15":{"loc":{"start":{"line":66,"column":39},"end":{"line":66,"column":50}},"type":"binary-expr","locations":[{"start":{"line":66,"column":39},"end":{"line":66,"column":42}},{"start":{"line":66,"column":46},"end":{"line":66,"column":50}}],"line":66},"16":{"loc":{"start":{"line":82,"column":6},"end":{"line":95,"column":7}},"type":"if","locations":[{"start":{"line":82,"column":6},"end":{"line":95,"column":7}},{"start":{"line":90,"column":13},"end":{"line":95,"column":7}}],"line":82},"17":{"loc":{"start":{"line":82,"column":10},"end":{"line":82,"column":84}},"type":"binary-expr","locations":[{"start":{"line":82,"column":10},"end":{"line":82,"column":29}},{"start":{"line":82,"column":33},"end":{"line":82,"column":84}}],"line":82},"18":{"loc":{"start":{"line":85,"column":41},"end":{"line":85,"column":124}},"type":"binary-expr","locations":[{"start":{"line":85,"column":41},"end":{"line":85,"column":67}},{"start":{"line":85,"column":71},"end":{"line":85,"column":93}},{"start":{"line":85,"column":97},"end":{"line":85,"column":124}}],"line":85},"19":{"loc":{"start":{"line":90,"column":13},"end":{"line":95,"column":7}},"type":"if","locations":[{"start":{"line":90,"column":13},"end":{"line":95,"column":7}},{"start":{"line":93,"column":13},"end":{"line":95,"column":7}}],"line":90},"20":{"loc":{"start":{"line":90,"column":17},"end":{"line":90,"column":44}},"type":"binary-expr","locations":[{"start":{"line":90,"column":17},"end":{"line":90,"column":27}},{"start":{"line":90,"column":31},"end":{"line":90,"column":44}}],"line":90},"21":{"loc":{"start":{"line":97,"column":24},"end":{"line":97,"column":100}},"type":"binary-expr","locations":[{"start":{"line":97,"column":24},"end":{"line":97,"column":50}},{"start":{"line":97,"column":54},"end":{"line":97,"column":76}},{"start":{"line":97,"column":80},"end":{"line":97,"column":100}}],"line":97},"22":{"loc":{"start":{"line":99,"column":28},"end":{"line":102,"column":76}},"type":"binary-expr","locations":[{"start":{"line":99,"column":28},"end":{"line":99,"column":54}},{"start":{"line":100,"column":8},"end":{"line":100,"column":27}},{"start":{"line":101,"column":9},"end":{"line":101,"column":67}},{"start":{"line":102,"column":9},"end":{"line":102,"column":75}}],"line":99},"23":{"loc":{"start":{"line":105,"column":22},"end":{"line":105,"column":98}},"type":"cond-expr","locations":[{"start":{"line":105,"column":38},"end":{"line":105,"column":45}},{"start":{"line":105,"column":49},"end":{"line":105,"column":97}}],"line":105},"24":{"loc":{"start":{"line":105,"column":49},"end":{"line":105,"column":97}},"type":"cond-expr","locations":[{"start":{"line":105,"column":78},"end":{"line":105,"column":87}},{"start":{"line":105,"column":90},"end":{"line":105,"column":97}}],"line":105},"25":{"loc":{"start":{"line":108,"column":12},"end":{"line":108,"column":30}},"type":"binary-expr","locations":[{"start":{"line":108,"column":12},"end":{"line":108,"column":22}},{"start":{"line":108,"column":26},"end":{"line":108,"column":30}}],"line":108},"26":{"loc":{"start":{"line":120,"column":23},"end":{"line":120,"column":101}},"type":"binary-expr","locations":[{"start":{"line":120,"column":23},"end":{"line":120,"column":51}},{"start":{"line":120,"column":55},"end":{"line":120,"column":74}},{"start":{"line":120,"column":78},"end":{"line":120,"column":101}}],"line":120}},"s":{"0":6,"1":6,"2":6,"3":6,"4":0,"5":0,"6":0,"7":0,"8":0,"9":0,"10":0,"11":0,"12":0,"13":0,"14":0,"15":0,"16":0,"17":0,"18":0,"19":6,"20":0,"21":0,"22":0,"23":0,"24":0,"25":0,"26":0,"27":0,"28":0,"29":0,"30":0,"31":0,"32":0,"33":0,"34":0,"35":0,"36":0,"37":0,"38":0,"39":0,"40":0,"41":0,"42":0,"43":0,"44":0,"45":0,"46":0,"47":0,"48":0,"49":0,"50":0,"51":0,"52":0,"53":0,"54":0,"55":0,"56":0,"57":0,"58":0,"59":0,"60":0,"61":0,"62":0,"63":0,"64":0,"65":0,"66":0,"67":0,"68":0,"69":0,"70":0,"71":0,"72":0,"73":6},"f":{"0":0,"1":0,"2":0,"3":0,"4":0,"5":0,"6":0},"b":{"0":[0,0],"1":[0,0],"2":[0,0],"3":[0,0,0],"4":[0,0],"5":[0,0],"6":[0,0,0],"7":[0,0,0],"8":[0,0],"9":[0,0,0],"10":[0],"11":[0,0],"12":[0,0],"13":[0,0],"14":[0,0],"15":[0,0],"16":[0,0],"17":[0,0],"18":[0,0,0],"19":[0,0],"20":[0,0],"21":[0,0,0],"22":[0,0,0,0],"23":[0,0],"24":[0,0],"25":[0,0],"26":[0,0,0]},"_coverageSchema":"1a1c01bbd47fc00a2c39e90264f33305004495a9","hash":"bb3c9d4cc50fba3b92fd632b842c3e9fa240f60e"}}}
