{"numFailedTestSuites":0,"numFailedTests":0,"numPassedTestSuites":5,"numPassedTests":8,"numPendingTestSuites":0,"numPendingTests":0,"numRuntimeErrorTestSuites":0,"numTodoTests":0,"numTotalTestSuites":5,"numTotalTests":8,"openHandles":[],"snapshot":{"added":0,"didUpdate":false,"failure":false,"filesAdded":0,"filesRemoved":0,"filesRemovedList":[],"filesUnmatched":0,"filesUpdated":0,"matched":0,"total":0,"unchecked":0,"uncheckedKeysByFile":[],"unmatched":0,"updated":0},"startTime":1762730701806,"success":true,"testResults":[{"assertionResults":[{"ancestorTitles":["Faculty Routes - Integration"],"duration":2198,"failing":false,"failureDetails":[],"failureMessages":[],"fullName":"Faculty Routes - Integration POST /api/faculty/register -> creates faculty","invocations":1,"location":null,"numPassingAsserts":2,"retryReasons":[],"startAt":1762730704378,"status":"passed","title":"POST /api/faculty/register -> creates faculty"},{"ancestorTitles":["Faculty Routes - Integration"],"duration":199,"failing":false,"failureDetails":[],"failureMessages":[],"fullName":"Faculty Routes - Integration POST /api/faculty/login -> returns token","invocations":1,"location":null,"numPassingAsserts":2,"retryReasons":[],"startAt":1762730706580,"status":"passed","title":"POST /api/faculty/login -> returns token"}],"endTime":1762730707282,"message":"","name":"/home/hoe_user/Downloads/csm-master/CMS_1-main/backend/test/integration/faculty.routes.test.js","startTime":1762730701910,"status":"passed","summary":""},{"assertionResults":[{"ancestorTitles":["Student Routes - Integration"],"duration":2974,"failing":false,"failureDetails":[],"failureMessages":[],"fullName":"Student Routes - Integration POST /api/student/register -> creates student","invocations":1,"location":null,"numPassingAsserts":2,"retryReasons":[],"startAt":1762730709089,"status":"passed","title":"POST /api/student/register -> creates student"},{"ancestorTitles":["Student Routes - Integration"],"duration":176,"failing":false,"failureDetails":[],"failureMessages":[],"fullName":"Student Routes - Integration POST /api/student/login -> returns token","invocations":1,"location":null,"numPassingAsserts":2,"retryReasons":[],"startAt":1762730712065,"status":"passed","title":"POST /api/student/login -> returns token"}],"endTime":1762730712950,"message":"","name":"/home/hoe_user/Downloads/csm-master/CMS_1-main/backend/test/integration/student.routes.test.js","startTime":1762730707337,"status":"passed","summary":""},{"assertionResults":[{"ancestorTitles":["Generic Routes - Integration"],"duration":49,"failing":false,"failureDetails":[],"failureMessages":[],"fullName":"Generic Routes - Integration GET /api/branch -> responds (may be 200 or 204)","invocations":1,"location":null,"numPassingAsserts":1,"retryReasons":[],"startAt":1762730715022,"status":"passed","title":"GET /api/branch -> responds (may be 200 or 204)"}],"endTime":1762730717530,"message":"","name":"/home/hoe_user/Downloads/csm-master/CMS_1-main/backend/test/integration/generic.routes.test.js","startTime":1762730713013,"status":"passed","summary":""},{"assertionResults":[{"ancestorTitles":["Auth Controller - Unit"],"duration":2,"failing":false,"failureDetails":[],"failureMessages":[],"fullName":"Auth Controller - Unit registerFaculty hashes password and saves","invocations":1,"location":null,"numPassingAsserts":2,"retryReasons":[],"startAt":1762730717908,"status":"passed","title":"registerFaculty hashes password and saves"},{"ancestorTitles":["Auth Controller - Unit"],"duration":227,"failing":false,"failureDetails":[],"failureMessages":[],"fullName":"Auth Controller - Unit loginFaculty returns token on valid creds","invocations":1,"location":null,"numPassingAsserts":1,"retryReasons":[],"startAt":1762730717910,"status":"passed","title":"loginFaculty returns token on valid creds"}],"endTime":1762730718138,"message":"","name":"/home/hoe_user/Downloads/csm-master/CMS_1-main/backend/test/unit/auth.controller.test.js","startTime":1762730717594,"status":"passed","summary":""},{"assertionResults":[{"ancestorTitles":["Branch Controller - Unit"],"duration":1,"failing":false,"failureDetails":[],"failureMessages":[],"fullName":"Branch Controller - Unit createBranch calls save and returns 201","invocations":1,"location":null,"numPassingAsserts":2,"retryReasons":[],"startAt":1762730718276,"status":"passed","title":"createBranch calls save and returns 201"}],"endTime":1762730718277,"message":"","name":"/home/hoe_user/Downloads/csm-master/CMS_1-main/backend/test/unit/branch.controller.test.js","startTime":1762730718144,"status":"passed","summary":""}],"wasInterrupted":false,"coverageMap":{"/home/hoe_user/Downloads/csm-master/CMS_1-main/backend/index.js":{"path":"/home/hoe_user/Downloads/csm-master/CMS_1-main/backend/index.js","statementMap":{"0":{"start":{"line":2,"column":13},"end":{"line":2,"column":28}},"1":{"start":{"line":3,"column":0},"end":{"line":3,"column":68}},"2":{"start":{"line":5,"column":16},"end":{"line":5,"column":34}},"3":{"start":{"line":6,"column":13},"end":{"line":6,"column":28}},"4":{"start":{"line":7,"column":23},"end":{"line":7,"column":47}},"5":{"start":{"line":9,"column":12},"end":{"line":9,"column":21}},"6":{"start":{"line":12,"column":0},"end":{"line":12,"column":17}},"7":{"start":{"line":15,"column":0},"end":{"line":15,"column":64}},"8":{"start":{"line":16,"column":0},"end":{"line":16,"column":24}},"9":{"start":{"line":17,"column":0},"end":{"line":17,"column":65}},"10":{"start":{"line":20,"column":0},"end":{"line":20,"column":63}},"11":{"start":{"line":20,"column":27},"end":{"line":20,"column":61}},"12":{"start":{"line":21,"column":0},"end":{"line":21,"column":71}},"13":{"start":{"line":22,"column":0},"end":{"line":22,"column":75}},"14":{"start":{"line":23,"column":0},"end":{"line":23,"column":75}},"15":{"start":{"line":24,"column":0},"end":{"line":24,"column":57}},"16":{"start":{"line":25,"column":0},"end":{"line":25,"column":59}},"17":{"start":{"line":26,"column":0},"end":{"line":26,"column":57}},"18":{"start":{"line":27,"column":0},"end":{"line":27,"column":63}},"19":{"start":{"line":28,"column":0},"end":{"line":28,"column":61}},"20":{"start":{"line":29,"column":0},"end":{"line":29,"column":53}},"21":{"start":{"line":30,"column":0},"end":{"line":30,"column":55}},"22":{"start":{"line":32,"column":0},"end":{"line":32,"column":51}},"23":{"start":{"line":34,"column":0},"end":{"line":34,"column":62}},"24":{"start":{"line":37,"column":0},"end":{"line":40,"column":3}},"25":{"start":{"line":38,"column":2},"end":{"line":38,"column":41}},"26":{"start":{"line":39,"column":2},"end":{"line":39,"column":61}},"27":{"start":{"line":43,"column":0},"end":{"line":61,"column":1}},"28":{"start":{"line":44,"column":15},"end":{"line":44,"column":39}},"29":{"start":{"line":45,"column":17},"end":{"line":47,"column":4}},"30":{"start":{"line":46,"column":4},"end":{"line":46,"column":50}},"31":{"start":{"line":50,"column":2},"end":{"line":60,"column":5}},"32":{"start":{"line":51,"column":4},"end":{"line":59,"column":5}},"33":{"start":{"line":52,"column":22},"end":{"line":52,"column":38}},"34":{"start":{"line":53,"column":6},"end":{"line":53,"column":70}},"35":{"start":{"line":54,"column":6},"end":{"line":56,"column":8}},"36":{"start":{"line":55,"column":8},"end":{"line":55,"column":56}},"37":{"start":{"line":58,"column":6},"end":{"line":58,"column":42}},"38":{"start":{"line":64,"column":0},"end":{"line":64,"column":21}}},"fnMap":{"0":{"name":"(anonymous_0)","decl":{"start":{"line":20,"column":13},"end":{"line":20,"column":14}},"loc":{"start":{"line":20,"column":27},"end":{"line":20,"column":61}},"line":20},"1":{"name":"(anonymous_1)","decl":{"start":{"line":37,"column":8},"end":{"line":37,"column":9}},"loc":{"start":{"line":37,"column":33},"end":{"line":40,"column":1}},"line":37},"2":{"name":"(anonymous_2)","decl":{"start":{"line":45,"column":34},"end":{"line":45,"column":35}},"loc":{"start":{"line":45,"column":40},"end":{"line":47,"column":3}},"line":45},"3":{"name":"(anonymous_3)","decl":{"start":{"line":50,"column":21},"end":{"line":50,"column":22}},"loc":{"start":{"line":50,"column":30},"end":{"line":60,"column":3}},"line":50},"4":{"name":"(anonymous_4)","decl":{"start":{"line":54,"column":26},"end":{"line":54,"column":27}},"loc":{"start":{"line":55,"column":8},"end":{"line":55,"column":56}},"line":55}},"branchMap":{"0":{"loc":{"start":{"line":15,"column":23},"end":{"line":15,"column":59}},"type":"binary-expr","locations":[{"start":{"line":15,"column":23},"end":{"line":15,"column":52}},{"start":{"line":15,"column":56},"end":{"line":15,"column":59}}],"line":15},"1":{"loc":{"start":{"line":43,"column":0},"end":{"line":61,"column":1}},"type":"if","locations":[{"start":{"line":43,"column":0},"end":{"line":61,"column":1}},{"start":{},"end":{}}],"line":43},"2":{"loc":{"start":{"line":44,"column":15},"end":{"line":44,"column":39}},"type":"binary-expr","locations":[{"start":{"line":44,"column":15},"end":{"line":44,"column":31}},{"start":{"line":44,"column":35},"end":{"line":44,"column":39}}],"line":44},"3":{"loc":{"start":{"line":51,"column":4},"end":{"line":59,"column":5}},"type":"if","locations":[{"start":{"line":51,"column":4},"end":{"line":59,"column":5}},{"start":{"line":57,"column":11},"end":{"line":59,"column":5}}],"line":51}},"s":{"0":3,"1":3,"2":3,"3":3,"4":3,"5":3,"6":3,"7":3,"8":3,"9":3,"10":3,"11":0,"12":3,"13":3,"14":3,"15":3,"16":3,"17":3,"18":3,"19":3,"20":3,"21":3,"22":3,"23":3,"24":3,"25":0,"26":0,"27":3,"28":0,"29":0,"30":0,"31":0,"32":0,"33":0,"34":0,"35":0,"36":0,"37":0,"38":3},"f":{"0":0,"1":0,"2":0,"3":0,"4":0},"b":{"0":[3,3],"1":[0,3],"2":[0,0],"3":[0,0]},"_coverageSchema":"1a1c01bbd47fc00a2c39e90264f33305004495a9","hash":"bdef411f24abe1c8fa42d6fc1705b293b32888e9"},"/home/hoe_user/Downloads/csm-master/CMS_1-main/backend/Database/db.js":{"path":"/home/hoe_user/Downloads/csm-master/CMS_1-main/backend/Database/db.js","statementMap":{"0":{"start":{"line":2,"column":0},"end":{"line":2,"column":27}},"1":{"start":{"line":3,"column":17},"end":{"line":3,"column":36}},"2":{"start":{"line":4,"column":0},"end":{"line":4,"column":69}},"3":{"start":{"line":5,"column":17},"end":{"line":5,"column":73}},"4":{"start":{"line":11,"column":23},"end":{"line":22,"column":1}},"5":{"start":{"line":12,"column":2},"end":{"line":21,"column":3}},"6":{"start":{"line":13,"column":4},"end":{"line":16,"column":7}},"7":{"start":{"line":17,"column":4},"end":{"line":17,"column":55}},"8":{"start":{"line":19,"column":4},"end":{"line":19,"column":65}},"9":{"start":{"line":20,"column":4},"end":{"line":20,"column":20}},"10":{"start":{"line":24,"column":0},"end":{"line":24,"column":32}}},"fnMap":{"0":{"name":"(anonymous_0)","decl":{"start":{"line":11,"column":23},"end":{"line":11,"column":24}},"loc":{"start":{"line":11,"column":35},"end":{"line":22,"column":1}},"line":11}},"branchMap":{"0":{"loc":{"start":{"line":5,"column":17},"end":{"line":5,"column":73}},"type":"binary-expr","locations":[{"start":{"line":5,"column":17},"end":{"line":5,"column":38}},{"start":{"line":5,"column":42},"end":{"line":5,"column":73}}],"line":5}},"s":{"0":3,"1":3,"2":3,"3":3,"4":3,"5":3,"6":3,"7":3,"8":0,"9":0,"10":3},"f":{"0":3},"b":{"0":[3,0]},"_coverageSchema":"1a1c01bbd47fc00a2c39e90264f33305004495a9","hash":"8abe6045db311c187a6f3f37171bd6d5151b3540"},"/home/hoe_user/Downloads/csm-master/CMS_1-main/backend/routes/details/admin-details.route.js":{"path":"/home/hoe_user/Downloads/csm-master/CMS_1-main/backend/routes/details/admin-details.route.js","statementMap":{"0":{"start":{"line":1,"column":16},"end":{"line":1,"column":34}},"1":{"start":{"line":2,"column":15},"end":{"line":2,"column":31}},"2":{"start":{"line":13,"column":4},"end":{"line":13,"column":65}},"3":{"start":{"line":14,"column":15},"end":{"line":14,"column":61}},"4":{"start":{"line":15,"column":13},"end":{"line":15,"column":57}},"5":{"start":{"line":17,"column":0},"end":{"line":17,"column":73}},"6":{"start":{"line":18,"column":0},"end":{"line":18,"column":44}},"7":{"start":{"line":19,"column":0},"end":{"line":19,"column":56}},"8":{"start":{"line":21,"column":0},"end":{"line":21,"column":47}},"9":{"start":{"line":22,"column":0},"end":{"line":22,"column":75}},"10":{"start":{"line":23,"column":0},"end":{"line":23,"column":53}},"11":{"start":{"line":24,"column":0},"end":{"line":24,"column":57}},"12":{"start":{"line":25,"column":0},"end":{"line":25,"column":64}},"13":{"start":{"line":26,"column":0},"end":{"line":26,"column":72}},"14":{"start":{"line":28,"column":0},"end":{"line":28,"column":24}}},"fnMap":{},"branchMap":{},"s":{"0":3,"1":3,"2":3,"3":3,"4":3,"5":3,"6":3,"7":3,"8":3,"9":3,"10":3,"11":3,"12":3,"13":3,"14":3},"f":{},"b":{},"_coverageSchema":"1a1c01bbd47fc00a2c39e90264f33305004495a9","hash":"c2ea95d5ed8b5023bb211abb10dc1cf5d80d783a"},"/home/hoe_user/Downloads/csm-master/CMS_1-main/backend/controllers/details/admin-details.controller.js":{"path":"/home/hoe_user/Downloads/csm-master/CMS_1-main/backend/controllers/details/admin-details.controller.js","statementMap":{"0":{"start":{"line":1,"column":21},"end":{"line":1,"column":72}},"1":{"start":{"line":2,"column":19},"end":{"line":2,"column":63}},"2":{"start":{"line":3,"column":15},"end":{"line":3,"column":34}},"3":{"start":{"line":4,"column":20},"end":{"line":4,"column":54}},"4":{"start":{"line":5,"column":12},"end":{"line":5,"column":35}},"5":{"start":{"line":6,"column":22},"end":{"line":6,"column":53}},"6":{"start":{"line":8,"column":29},"end":{"line":33,"column":1}},"7":{"start":{"line":9,"column":2},"end":{"line":32,"column":3}},"8":{"start":{"line":10,"column":32},"end":{"line":10,"column":40}},"9":{"start":{"line":12,"column":17},"end":{"line":12,"column":54}},"10":{"start":{"line":14,"column":4},"end":{"line":16,"column":5}},"11":{"start":{"line":15,"column":6},"end":{"line":15,"column":62}},"12":{"start":{"line":18,"column":28},"end":{"line":18,"column":73}},"13":{"start":{"line":20,"column":4},"end":{"line":22,"column":5}},"14":{"start":{"line":21,"column":6},"end":{"line":21,"column":68}},"15":{"start":{"line":24,"column":18},"end":{"line":26,"column":6}},"16":{"start":{"line":28,"column":4},"end":{"line":28,"column":72}},"17":{"start":{"line":30,"column":4},"end":{"line":30,"column":42}},"18":{"start":{"line":31,"column":4},"end":{"line":31,"column":55}},"19":{"start":{"line":35,"column":32},"end":{"line":48,"column":1}},"20":{"start":{"line":36,"column":2},"end":{"line":47,"column":3}},"21":{"start":{"line":37,"column":18},"end":{"line":37,"column":68}},"22":{"start":{"line":39,"column":4},"end":{"line":41,"column":5}},"23":{"start":{"line":40,"column":6},"end":{"line":40,"column":62}},"24":{"start":{"line":43,"column":4},"end":{"line":43,"column":72}},"25":{"start":{"line":45,"column":4},"end":{"line":45,"column":48}},"26":{"start":{"line":46,"column":4},"end":{"line":46,"column":55}},"27":{"start":{"line":50,"column":27},"end":{"line":52,"column":1}},"28":{"start":{"line":51,"column":2},"end":{"line":51,"column":53}},"29":{"start":{"line":54,"column":32},"end":{"line":96,"column":1}},"30":{"start":{"line":55,"column":2},"end":{"line":95,"column":3}},"31":{"start":{"line":56,"column":29},"end":{"line":56,"column":37}},"32":{"start":{"line":58,"column":20},"end":{"line":58,"column":37}},"33":{"start":{"line":60,"column":4},"end":{"line":62,"column":5}},"34":{"start":{"line":61,"column":6},"end":{"line":61,"column":70}},"35":{"start":{"line":64,"column":4},"end":{"line":66,"column":5}},"36":{"start":{"line":65,"column":6},"end":{"line":65,"column":80}},"37":{"start":{"line":68,"column":26},"end":{"line":70,"column":6}},"38":{"start":{"line":72,"column":4},"end":{"line":76,"column":5}},"39":{"start":{"line":73,"column":6},"end":{"line":75,"column":18}},"40":{"start":{"line":78,"column":23},"end":{"line":78,"column":43}},"41":{"start":{"line":80,"column":17},"end":{"line":85,"column":6}},"42":{"start":{"line":87,"column":26},"end":{"line":89,"column":31}},"43":{"start":{"line":91,"column":4},"end":{"line":91,"column":80}},"44":{"start":{"line":93,"column":4},"end":{"line":93,"column":48}},"45":{"start":{"line":94,"column":4},"end":{"line":94,"column":55}},"46":{"start":{"line":98,"column":31},"end":{"line":113,"column":1}},"47":{"start":{"line":99,"column":2},"end":{"line":112,"column":3}},"48":{"start":{"line":100,"column":17},"end":{"line":102,"column":31}},"49":{"start":{"line":104,"column":4},"end":{"line":106,"column":5}},"50":{"start":{"line":105,"column":6},"end":{"line":105,"column":62}},"51":{"start":{"line":108,"column":4},"end":{"line":108,"column":68}},"52":{"start":{"line":110,"column":4},"end":{"line":110,"column":51}},"53":{"start":{"line":111,"column":4},"end":{"line":111,"column":55}},"54":{"start":{"line":115,"column":32},"end":{"line":189,"column":1}},"55":{"start":{"line":116,"column":2},"end":{"line":188,"column":3}},"56":{"start":{"line":117,"column":4},"end":{"line":119,"column":5}},"57":{"start":{"line":118,"column":6},"end":{"line":118,"column":70}},"58":{"start":{"line":121,"column":23},"end":{"line":121,"column":38}},"59":{"start":{"line":122,"column":39},"end":{"line":122,"column":49}},"60":{"start":{"line":124,"column":4},"end":{"line":126,"column":5}},"61":{"start":{"line":125,"column":6},"end":{"line":125,"column":70}},"62":{"start":{"line":128,"column":4},"end":{"line":130,"column":5}},"63":{"start":{"line":129,"column":6},"end":{"line":129,"column":80}},"64":{"start":{"line":132,"column":4},"end":{"line":136,"column":5}},"65":{"start":{"line":133,"column":6},"end":{"line":135,"column":18}},"66":{"start":{"line":138,"column":4},"end":{"line":147,"column":5}},"67":{"start":{"line":139,"column":28},"end":{"line":142,"column":8}},"68":{"start":{"line":144,"column":6},"end":{"line":146,"column":7}},"69":{"start":{"line":145,"column":8},"end":{"line":145,"column":77}},"70":{"start":{"line":149,"column":4},"end":{"line":158,"column":5}},"71":{"start":{"line":150,"column":28},"end":{"line":153,"column":8}},"72":{"start":{"line":155,"column":6},"end":{"line":157,"column":7}},"73":{"start":{"line":156,"column":8},"end":{"line":156,"column":70}},"74":{"start":{"line":160,"column":4},"end":{"line":163,"column":5}},"75":{"start":{"line":161,"column":19},"end":{"line":161,"column":43}},"76":{"start":{"line":162,"column":6},"end":{"line":162,"column":62}},"77":{"start":{"line":165,"column":4},"end":{"line":167,"column":5}},"78":{"start":{"line":166,"column":6},"end":{"line":166,"column":45}},"79":{"start":{"line":169,"column":4},"end":{"line":171,"column":5}},"80":{"start":{"line":170,"column":6},"end":{"line":170,"column":48}},"81":{"start":{"line":172,"column":4},"end":{"line":174,"column":5}},"82":{"start":{"line":173,"column":6},"end":{"line":173,"column":64}},"83":{"start":{"line":176,"column":24},"end":{"line":178,"column":31}},"84":{"start":{"line":180,"column":4},"end":{"line":182,"column":5}},"85":{"start":{"line":181,"column":6},"end":{"line":181,"column":63}},"86":{"start":{"line":184,"column":4},"end":{"line":184,"column":79}},"87":{"start":{"line":186,"column":4},"end":{"line":186,"column":51}},"88":{"start":{"line":187,"column":4},"end":{"line":187,"column":55}},"89":{"start":{"line":191,"column":32},"end":{"line":210,"column":1}},"90":{"start":{"line":192,"column":2},"end":{"line":209,"column":3}},"91":{"start":{"line":193,"column":4},"end":{"line":195,"column":5}},"92":{"start":{"line":194,"column":6},"end":{"line":194,"column":70}},"93":{"start":{"line":197,"column":17},"end":{"line":197,"column":59}},"94":{"start":{"line":199,"column":4},"end":{"line":201,"column":5}},"95":{"start":{"line":200,"column":6},"end":{"line":200,"column":62}},"96":{"start":{"line":203,"column":4},"end":{"line":203,"column":56}},"97":{"start":{"line":205,"column":4},"end":{"line":205,"column":72}},"98":{"start":{"line":207,"column":4},"end":{"line":207,"column":51}},"99":{"start":{"line":208,"column":4},"end":{"line":208,"column":55}},"100":{"start":{"line":212,"column":32},"end":{"line":252,"column":1}},"101":{"start":{"line":213,"column":2},"end":{"line":251,"column":3}},"102":{"start":{"line":214,"column":22},"end":{"line":214,"column":30}},"103":{"start":{"line":215,"column":4},"end":{"line":217,"column":5}},"104":{"start":{"line":216,"column":6},"end":{"line":216,"column":67}},"105":{"start":{"line":219,"column":17},"end":{"line":219,"column":54}},"106":{"start":{"line":221,"column":4},"end":{"line":223,"column":5}},"107":{"start":{"line":222,"column":6},"end":{"line":222,"column":62}},"108":{"start":{"line":224,"column":21},"end":{"line":232,"column":5}},"109":{"start":{"line":234,"column":4},"end":{"line":237,"column":7}},"110":{"start":{"line":239,"column":20},"end":{"line":243,"column":6}},"111":{"start":{"line":245,"column":4},"end":{"line":245,"column":58}},"112":{"start":{"line":247,"column":4},"end":{"line":247,"column":77}},"113":{"start":{"line":249,"column":4},"end":{"line":249,"column":51}},"114":{"start":{"line":250,"column":4},"end":{"line":250,"column":55}},"115":{"start":{"line":254,"column":30},"end":{"line":297,"column":1}},"116":{"start":{"line":255,"column":2},"end":{"line":296,"column":3}},"117":{"start":{"line":256,"column":24},"end":{"line":256,"column":34}},"118":{"start":{"line":257,"column":25},"end":{"line":257,"column":33}},"119":{"start":{"line":258,"column":4},"end":{"line":262,"column":5}},"120":{"start":{"line":259,"column":6},"end":{"line":261,"column":8}},"121":{"start":{"line":264,"column":21},"end":{"line":264,"column":55}},"122":{"start":{"line":266,"column":4},"end":{"line":268,"column":5}},"123":{"start":{"line":267,"column":6},"end":{"line":267,"column":70}},"124":{"start":{"line":270,"column":24},"end":{"line":273,"column":5}},"125":{"start":{"line":275,"column":4},"end":{"line":277,"column":5}},"126":{"start":{"line":276,"column":6},"end":{"line":276,"column":61}},"127":{"start":{"line":279,"column":17},"end":{"line":279,"column":41}},"128":{"start":{"line":281,"column":27},"end":{"line":281,"column":60}},"129":{"start":{"line":283,"column":4},"end":{"line":285,"column":7}},"130":{"start":{"line":287,"column":4},"end":{"line":290,"column":7}},"131":{"start":{"line":292,"column":4},"end":{"line":292,"column":68}},"132":{"start":{"line":294,"column":4},"end":{"line":294,"column":51}},"133":{"start":{"line":295,"column":4},"end":{"line":295,"column":55}},"134":{"start":{"line":299,"column":41},"end":{"line":343,"column":1}},"135":{"start":{"line":300,"column":2},"end":{"line":342,"column":3}},"136":{"start":{"line":301,"column":45},"end":{"line":301,"column":53}},"137":{"start":{"line":302,"column":19},"end":{"line":302,"column":29}},"138":{"start":{"line":304,"column":4},"end":{"line":308,"column":5}},"139":{"start":{"line":305,"column":6},"end":{"line":307,"column":18}},"140":{"start":{"line":310,"column":4},"end":{"line":314,"column":5}},"141":{"start":{"line":311,"column":6},"end":{"line":313,"column":18}},"142":{"start":{"line":316,"column":17},"end":{"line":316,"column":52}},"143":{"start":{"line":317,"column":4},"end":{"line":319,"column":5}},"144":{"start":{"line":318,"column":6},"end":{"line":318,"column":62}},"145":{"start":{"line":321,"column":28},"end":{"line":324,"column":5}},"146":{"start":{"line":325,"column":4},"end":{"line":329,"column":5}},"147":{"start":{"line":326,"column":6},"end":{"line":328,"column":8}},"148":{"start":{"line":331,"column":17},"end":{"line":331,"column":41}},"149":{"start":{"line":332,"column":27},"end":{"line":332,"column":63}},"150":{"start":{"line":334,"column":4},"end":{"line":336,"column":7}},"151":{"start":{"line":338,"column":4},"end":{"line":338,"column":80}},"152":{"start":{"line":340,"column":4},"end":{"line":340,"column":52}},"153":{"start":{"line":341,"column":4},"end":{"line":341,"column":55}},"154":{"start":{"line":345,"column":0},"end":{"line":355,"column":2}}},"fnMap":{"0":{"name":"(anonymous_0)","decl":{"start":{"line":8,"column":29},"end":{"line":8,"column":30}},"loc":{"start":{"line":8,"column":55},"end":{"line":33,"column":1}},"line":8},"1":{"name":"(anonymous_1)","decl":{"start":{"line":35,"column":32},"end":{"line":35,"column":33}},"loc":{"start":{"line":35,"column":58},"end":{"line":48,"column":1}},"line":35},"2":{"name":"(anonymous_2)","decl":{"start":{"line":50,"column":27},"end":{"line":50,"column":28}},"loc":{"start":{"line":50,"column":33},"end":{"line":52,"column":1}},"line":50},"3":{"name":"(anonymous_3)","decl":{"start":{"line":54,"column":32},"end":{"line":54,"column":33}},"loc":{"start":{"line":54,"column":58},"end":{"line":96,"column":1}},"line":54},"4":{"name":"(anonymous_4)","decl":{"start":{"line":98,"column":31},"end":{"line":98,"column":32}},"loc":{"start":{"line":98,"column":57},"end":{"line":113,"column":1}},"line":98},"5":{"name":"(anonymous_5)","decl":{"start":{"line":115,"column":32},"end":{"line":115,"column":33}},"loc":{"start":{"line":115,"column":58},"end":{"line":189,"column":1}},"line":115},"6":{"name":"(anonymous_6)","decl":{"start":{"line":191,"column":32},"end":{"line":191,"column":33}},"loc":{"start":{"line":191,"column":58},"end":{"line":210,"column":1}},"line":191},"7":{"name":"(anonymous_7)","decl":{"start":{"line":212,"column":32},"end":{"line":212,"column":33}},"loc":{"start":{"line":212,"column":52},"end":{"line":252,"column":1}},"line":212},"8":{"name":"(anonymous_8)","decl":{"start":{"line":254,"column":30},"end":{"line":254,"column":31}},"loc":{"start":{"line":254,"column":50},"end":{"line":297,"column":1}},"line":254},"9":{"name":"(anonymous_9)","decl":{"start":{"line":299,"column":41},"end":{"line":299,"column":42}},"loc":{"start":{"line":299,"column":61},"end":{"line":343,"column":1}},"line":299}},"branchMap":{"0":{"loc":{"start":{"line":14,"column":4},"end":{"line":16,"column":5}},"type":"if","locations":[{"start":{"line":14,"column":4},"end":{"line":16,"column":5}},{"start":{},"end":{}}],"line":14},"1":{"loc":{"start":{"line":20,"column":4},"end":{"line":22,"column":5}},"type":"if","locations":[{"start":{"line":20,"column":4},"end":{"line":22,"column":5}},{"start":{},"end":{}}],"line":20},"2":{"loc":{"start":{"line":39,"column":4},"end":{"line":41,"column":5}},"type":"if","locations":[{"start":{"line":39,"column":4},"end":{"line":41,"column":5}},{"start":{},"end":{}}],"line":39},"3":{"loc":{"start":{"line":39,"column":8},"end":{"line":39,"column":36}},"type":"binary-expr","locations":[{"start":{"line":39,"column":8},"end":{"line":39,"column":14}},{"start":{"line":39,"column":18},"end":{"line":39,"column":36}}],"line":39},"4":{"loc":{"start":{"line":60,"column":4},"end":{"line":62,"column":5}},"type":"if","locations":[{"start":{"line":60,"column":4},"end":{"line":62,"column":5}},{"start":{},"end":{}}],"line":60},"5":{"loc":{"start":{"line":64,"column":4},"end":{"line":66,"column":5}},"type":"if","locations":[{"start":{"line":64,"column":4},"end":{"line":66,"column":5}},{"start":{},"end":{}}],"line":64},"6":{"loc":{"start":{"line":72,"column":4},"end":{"line":76,"column":5}},"type":"if","locations":[{"start":{"line":72,"column":4},"end":{"line":76,"column":5}},{"start":{},"end":{}}],"line":72},"7":{"loc":{"start":{"line":104,"column":4},"end":{"line":106,"column":5}},"type":"if","locations":[{"start":{"line":104,"column":4},"end":{"line":106,"column":5}},{"start":{},"end":{}}],"line":104},"8":{"loc":{"start":{"line":117,"column":4},"end":{"line":119,"column":5}},"type":"if","locations":[{"start":{"line":117,"column":4},"end":{"line":119,"column":5}},{"start":{},"end":{}}],"line":117},"9":{"loc":{"start":{"line":124,"column":4},"end":{"line":126,"column":5}},"type":"if","locations":[{"start":{"line":124,"column":4},"end":{"line":126,"column":5}},{"start":{},"end":{}}],"line":124},"10":{"loc":{"start":{"line":124,"column":8},"end":{"line":124,"column":58}},"type":"binary-expr","locations":[{"start":{"line":124,"column":8},"end":{"line":124,"column":13}},{"start":{"line":124,"column":17},"end":{"line":124,"column":58}}],"line":124},"11":{"loc":{"start":{"line":128,"column":4},"end":{"line":130,"column":5}},"type":"if","locations":[{"start":{"line":128,"column":4},"end":{"line":130,"column":5}},{"start":{},"end":{}}],"line":128},"12":{"loc":{"start":{"line":128,"column":8},"end":{"line":128,"column":40}},"type":"binary-expr","locations":[{"start":{"line":128,"column":8},"end":{"line":128,"column":13}},{"start":{"line":128,"column":17},"end":{"line":128,"column":40}}],"line":128},"13":{"loc":{"start":{"line":132,"column":4},"end":{"line":136,"column":5}},"type":"if","locations":[{"start":{"line":132,"column":4},"end":{"line":136,"column":5}},{"start":{},"end":{}}],"line":132},"14":{"loc":{"start":{"line":132,"column":8},"end":{"line":132,"column":39}},"type":"binary-expr","locations":[{"start":{"line":132,"column":8},"end":{"line":132,"column":16}},{"start":{"line":132,"column":20},"end":{"line":132,"column":39}}],"line":132},"15":{"loc":{"start":{"line":138,"column":4},"end":{"line":147,"column":5}},"type":"if","locations":[{"start":{"line":138,"column":4},"end":{"line":147,"column":5}},{"start":{},"end":{}}],"line":138},"16":{"loc":{"start":{"line":144,"column":6},"end":{"line":146,"column":7}},"type":"if","locations":[{"start":{"line":144,"column":6},"end":{"line":146,"column":7}},{"start":{},"end":{}}],"line":144},"17":{"loc":{"start":{"line":149,"column":4},"end":{"line":158,"column":5}},"type":"if","locations":[{"start":{"line":149,"column":4},"end":{"line":158,"column":5}},{"start":{},"end":{}}],"line":149},"18":{"loc":{"start":{"line":155,"column":6},"end":{"line":157,"column":7}},"type":"if","locations":[{"start":{"line":155,"column":6},"end":{"line":157,"column":7}},{"start":{},"end":{}}],"line":155},"19":{"loc":{"start":{"line":160,"column":4},"end":{"line":163,"column":5}},"type":"if","locations":[{"start":{"line":160,"column":4},"end":{"line":163,"column":5}},{"start":{},"end":{}}],"line":160},"20":{"loc":{"start":{"line":165,"column":4},"end":{"line":167,"column":5}},"type":"if","locations":[{"start":{"line":165,"column":4},"end":{"line":167,"column":5}},{"start":{},"end":{}}],"line":165},"21":{"loc":{"start":{"line":169,"column":4},"end":{"line":171,"column":5}},"type":"if","locations":[{"start":{"line":169,"column":4},"end":{"line":171,"column":5}},{"start":{},"end":{}}],"line":169},"22":{"loc":{"start":{"line":172,"column":4},"end":{"line":174,"column":5}},"type":"if","locations":[{"start":{"line":172,"column":4},"end":{"line":174,"column":5}},{"start":{},"end":{}}],"line":172},"23":{"loc":{"start":{"line":180,"column":4},"end":{"line":182,"column":5}},"type":"if","locations":[{"start":{"line":180,"column":4},"end":{"line":182,"column":5}},{"start":{},"end":{}}],"line":180},"24":{"loc":{"start":{"line":193,"column":4},"end":{"line":195,"column":5}},"type":"if","locations":[{"start":{"line":193,"column":4},"end":{"line":195,"column":5}},{"start":{},"end":{}}],"line":193},"25":{"loc":{"start":{"line":199,"column":4},"end":{"line":201,"column":5}},"type":"if","locations":[{"start":{"line":199,"column":4},"end":{"line":201,"column":5}},{"start":{},"end":{}}],"line":199},"26":{"loc":{"start":{"line":215,"column":4},"end":{"line":217,"column":5}},"type":"if","locations":[{"start":{"line":215,"column":4},"end":{"line":217,"column":5}},{"start":{},"end":{}}],"line":215},"27":{"loc":{"start":{"line":221,"column":4},"end":{"line":223,"column":5}},"type":"if","locations":[{"start":{"line":221,"column":4},"end":{"line":223,"column":5}},{"start":{},"end":{}}],"line":221},"28":{"loc":{"start":{"line":258,"column":4},"end":{"line":262,"column":5}},"type":"if","locations":[{"start":{"line":258,"column":4},"end":{"line":262,"column":5}},{"start":{},"end":{}}],"line":258},"29":{"loc":{"start":{"line":258,"column":8},"end":{"line":258,"column":29}},"type":"binary-expr","locations":[{"start":{"line":258,"column":8},"end":{"line":258,"column":16}},{"start":{"line":258,"column":20},"end":{"line":258,"column":29}}],"line":258},"30":{"loc":{"start":{"line":266,"column":4},"end":{"line":268,"column":5}},"type":"if","locations":[{"start":{"line":266,"column":4},"end":{"line":268,"column":5}},{"start":{},"end":{}}],"line":266},"31":{"loc":{"start":{"line":275,"column":4},"end":{"line":277,"column":5}},"type":"if","locations":[{"start":{"line":275,"column":4},"end":{"line":277,"column":5}},{"start":{},"end":{}}],"line":275},"32":{"loc":{"start":{"line":304,"column":4},"end":{"line":308,"column":5}},"type":"if","locations":[{"start":{"line":304,"column":4},"end":{"line":308,"column":5}},{"start":{},"end":{}}],"line":304},"33":{"loc":{"start":{"line":304,"column":8},"end":{"line":304,"column":40}},"type":"binary-expr","locations":[{"start":{"line":304,"column":8},"end":{"line":304,"column":24}},{"start":{"line":304,"column":28},"end":{"line":304,"column":40}}],"line":304},"34":{"loc":{"start":{"line":310,"column":4},"end":{"line":314,"column":5}},"type":"if","locations":[{"start":{"line":310,"column":4},"end":{"line":314,"column":5}},{"start":{},"end":{}}],"line":310},"35":{"loc":{"start":{"line":317,"column":4},"end":{"line":319,"column":5}},"type":"if","locations":[{"start":{"line":317,"column":4},"end":{"line":319,"column":5}},{"start":{},"end":{}}],"line":317},"36":{"loc":{"start":{"line":325,"column":4},"end":{"line":329,"column":5}},"type":"if","locations":[{"start":{"line":325,"column":4},"end":{"line":329,"column":5}},{"start":{},"end":{}}],"line":325}},"s":{"0":3,"1":3,"2":3,"3":3,"4":3,"5":3,"6":3,"7":0,"8":0,"9":0,"10":0,"11":0,"12":0,"13":0,"14":0,"15":0,"16":0,"17":0,"18":0,"19":3,"20":0,"21":0,"22":0,"23":0,"24":0,"25":0,"26":0,"27":3,"28":0,"29":3,"30":0,"31":0,"32":0,"33":0,"34":0,"35":0,"36":0,"37":0,"38":0,"39":0,"40":0,"41":0,"42":0,"43":0,"44":0,"45":0,"46":3,"47":0,"48":0,"49":0,"50":0,"51":0,"52":0,"53":0,"54":3,"55":0,"56":0,"57":0,"58":0,"59":0,"60":0,"61":0,"62":0,"63":0,"64":0,"65":0,"66":0,"67":0,"68":0,"69":0,"70":0,"71":0,"72":0,"73":0,"74":0,"75":0,"76":0,"77":0,"78":0,"79":0,"80":0,"81":0,"82":0,"83":0,"84":0,"85":0,"86":0,"87":0,"88":0,"89":3,"90":0,"91":0,"92":0,"93":0,"94":0,"95":0,"96":0,"97":0,"98":0,"99":0,"100":3,"101":0,"102":0,"103":0,"104":0,"105":0,"106":0,"107":0,"108":0,"109":0,"110":0,"111":0,"112":0,"113":0,"114":0,"115":3,"116":0,"117":0,"118":0,"119":0,"120":0,"121":0,"122":0,"123":0,"124":0,"125":0,"126":0,"127":0,"128":0,"129":0,"130":0,"131":0,"132":0,"133":0,"134":3,"135":0,"136":0,"137":0,"138":0,"139":0,"140":0,"141":0,"142":0,"143":0,"144":0,"145":0,"146":0,"147":0,"148":0,"149":0,"150":0,"151":0,"152":0,"153":0,"154":3},"f":{"0":0,"1":0,"2":0,"3":0,"4":0,"5":0,"6":0,"7":0,"8":0,"9":0},"b":{"0":[0,0],"1":[0,0],"2":[0,0],"3":[0,0],"4":[0,0],"5":[0,0],"6":[0,0],"7":[0,0],"8":[0,0],"9":[0,0],"10":[0,0],"11":[0,0],"12":[0,0],"13":[0,0],"14":[0,0],"15":[0,0],"16":[0,0],"17":[0,0],"18":[0,0],"19":[0,0],"20":[0,0],"21":[0,0],"22":[0,0],"23":[0,0],"24":[0,0],"25":[0,0],"26":[0,0],"27":[0,0],"28":[0,0],"29":[0,0],"30":[0,0],"31":[0,0],"32":[0,0],"33":[0,0],"34":[0,0],"35":[0,0],"36":[0,0]},"_coverageSchema":"1a1c01bbd47fc00a2c39e90264f33305004495a9","hash":"c3d01a8be60a145b1ee87bdaf6fa633a53c88bbf"},"/home/hoe_user/Downloads/csm-master/CMS_1-main/backend/models/details/admin-details.model.js":{"path":"/home/hoe_user/Downloads/csm-master/CMS_1-main/backend/models/details/admin-details.model.js","statementMap":{"0":{"start":{"line":1,"column":17},"end":{"line":1,"column":36}},"1":{"start":{"line":2,"column":15},"end":{"line":2,"column":34}},"2":{"start":{"line":3,"column":27},"end":{"line":93,"column":1}},"3":{"start":{"line":95,"column":0},"end":{"line":100,"column":3}},"4":{"start":{"line":96,"column":2},"end":{"line":98,"column":3}},"5":{"start":{"line":97,"column":4},"end":{"line":97,"column":11}},"6":{"start":{"line":99,"column":2},"end":{"line":99,"column":55}},"7":{"start":{"line":102,"column":21},"end":{"line":102,"column":70}},"8":{"start":{"line":104,"column":0},"end":{"line":104,"column":30}}},"fnMap":{"0":{"name":"(anonymous_0)","decl":{"start":{"line":95,"column":31},"end":{"line":95,"column":32}},"loc":{"start":{"line":95,"column":53},"end":{"line":100,"column":1}},"line":95}},"branchMap":{"0":{"loc":{"start":{"line":96,"column":2},"end":{"line":98,"column":3}},"type":"if","locations":[{"start":{"line":96,"column":2},"end":{"line":98,"column":3}},{"start":{},"end":{}}],"line":96}},"s":{"0":3,"1":3,"2":3,"3":3,"4":0,"5":0,"6":0,"7":3,"8":3},"f":{"0":0},"b":{"0":[0,0]},"_coverageSchema":"1a1c01bbd47fc00a2c39e90264f33305004495a9","hash":"4c4cc03e20d61a1bcc7d8014cd087d912c2d7c38"},"/home/hoe_user/Downloads/csm-master/CMS_1-main/backend/models/reset-password.model.js":{"path":"/home/hoe_user/Downloads/csm-master/CMS_1-main/backend/models/reset-password.model.js","statementMap":{"0":{"start":{"line":1,"column":17},"end":{"line":1,"column":36}},"1":{"start":{"line":3,"column":22},"end":{"line":21,"column":1}},"2":{"start":{"line":23,"column":0},"end":{"line":23,"column":64}}},"fnMap":{},"branchMap":{},"s":{"0":3,"1":3,"2":3},"f":{},"b":{},"_coverageSchema":"1a1c01bbd47fc00a2c39e90264f33305004495a9","hash":"ce7f10514bfa8dfc05e9cb858a070e85013e31b1"},"/home/hoe_user/Downloads/csm-master/CMS_1-main/backend/utils/ApiResponse.js":{"path":"/home/hoe_user/Downloads/csm-master/CMS_1-main/backend/utils/ApiResponse.js","statementMap":{"0":{"start":{"line":3,"column":4},"end":{"line":3,"column":33}},"1":{"start":{"line":4,"column":4},"end":{"line":4,"column":21}},"2":{"start":{"line":5,"column":4},"end":{"line":5,"column":27}},"3":{"start":{"line":6,"column":4},"end":{"line":6,"column":36}},"4":{"start":{"line":10,"column":4},"end":{"line":10,"column":47}},"5":{"start":{"line":14,"column":4},"end":{"line":14,"column":47}},"6":{"start":{"line":18,"column":4},"end":{"line":18,"column":47}},"7":{"start":{"line":22,"column":4},"end":{"line":22,"column":47}},"8":{"start":{"line":26,"column":4},"end":{"line":26,"column":47}},"9":{"start":{"line":30,"column":4},"end":{"line":30,"column":47}},"10":{"start":{"line":34,"column":4},"end":{"line":34,"column":47}},"11":{"start":{"line":38,"column":4},"end":{"line":38,"column":47}},"12":{"start":{"line":42,"column":4},"end":{"line":42,"column":47}},"13":{"start":{"line":46,"column":4},"end":{"line":46,"column":54}},"14":{"start":{"line":50,"column":4},"end":{"line":54,"column":7}},"15":{"start":{"line":58,"column":0},"end":{"line":58,"column":29}}},"fnMap":{"0":{"name":"(anonymous_0)","decl":{"start":{"line":2,"column":2},"end":{"line":2,"column":3}},"loc":{"start":{"line":2,"column":53},"end":{"line":7,"column":3}},"line":2},"1":{"name":"(anonymous_1)","decl":{"start":{"line":9,"column":2},"end":{"line":9,"column":3}},"loc":{"start":{"line":9,"column":40},"end":{"line":11,"column":3}},"line":9},"2":{"name":"(anonymous_2)","decl":{"start":{"line":13,"column":2},"end":{"line":13,"column":3}},"loc":{"start":{"line":13,"column":44},"end":{"line":15,"column":3}},"line":13},"3":{"name":"(anonymous_3)","decl":{"start":{"line":17,"column":2},"end":{"line":17,"column":3}},"loc":{"start":{"line":17,"column":57},"end":{"line":19,"column":3}},"line":17},"4":{"name":"(anonymous_4)","decl":{"start":{"line":21,"column":2},"end":{"line":21,"column":3}},"loc":{"start":{"line":21,"column":43},"end":{"line":23,"column":3}},"line":21},"5":{"name":"(anonymous_5)","decl":{"start":{"line":25,"column":2},"end":{"line":25,"column":3}},"loc":{"start":{"line":25,"column":45},"end":{"line":27,"column":3}},"line":25},"6":{"name":"(anonymous_6)","decl":{"start":{"line":29,"column":2},"end":{"line":29,"column":3}},"loc":{"start":{"line":29,"column":48},"end":{"line":31,"column":3}},"line":29},"7":{"name":"(anonymous_7)","decl":{"start":{"line":33,"column":2},"end":{"line":33,"column":3}},"loc":{"start":{"line":33,"column":42},"end":{"line":35,"column":3}},"line":33},"8":{"name":"(anonymous_8)","decl":{"start":{"line":37,"column":2},"end":{"line":37,"column":3}},"loc":{"start":{"line":37,"column":41},"end":{"line":39,"column":3}},"line":37},"9":{"name":"(anonymous_9)","decl":{"start":{"line":41,"column":2},"end":{"line":41,"column":3}},"loc":{"start":{"line":41,"column":64},"end":{"line":43,"column":3}},"line":41},"10":{"name":"(anonymous_10)","decl":{"start":{"line":45,"column":2},"end":{"line":45,"column":3}},"loc":{"start":{"line":45,"column":52},"end":{"line":47,"column":3}},"line":45},"11":{"name":"(anonymous_11)","decl":{"start":{"line":49,"column":2},"end":{"line":49,"column":3}},"loc":{"start":{"line":49,"column":12},"end":{"line":55,"column":3}},"line":49}},"branchMap":{"0":{"loc":{"start":{"line":2,"column":32},"end":{"line":2,"column":51}},"type":"default-arg","locations":[{"start":{"line":2,"column":42},"end":{"line":2,"column":51}}],"line":2},"1":{"loc":{"start":{"line":9,"column":18},"end":{"line":9,"column":38}},"type":"default-arg","locations":[{"start":{"line":9,"column":28},"end":{"line":9,"column":38}}],"line":9},"2":{"loc":{"start":{"line":13,"column":23},"end":{"line":13,"column":42}},"type":"default-arg","locations":[{"start":{"line":13,"column":33},"end":{"line":13,"column":42}}],"line":13},"3":{"loc":{"start":{"line":17,"column":23},"end":{"line":17,"column":55}},"type":"default-arg","locations":[{"start":{"line":17,"column":33},"end":{"line":17,"column":55}}],"line":17},"4":{"loc":{"start":{"line":21,"column":19},"end":{"line":21,"column":41}},"type":"default-arg","locations":[{"start":{"line":21,"column":29},"end":{"line":21,"column":41}}],"line":21},"5":{"loc":{"start":{"line":25,"column":20},"end":{"line":25,"column":43}},"type":"default-arg","locations":[{"start":{"line":25,"column":30},"end":{"line":25,"column":43}}],"line":25},"6":{"loc":{"start":{"line":29,"column":22},"end":{"line":29,"column":46}},"type":"default-arg","locations":[{"start":{"line":29,"column":32},"end":{"line":29,"column":46}}],"line":29},"7":{"loc":{"start":{"line":33,"column":19},"end":{"line":33,"column":40}},"type":"default-arg","locations":[{"start":{"line":33,"column":29},"end":{"line":33,"column":40}}],"line":33},"8":{"loc":{"start":{"line":37,"column":18},"end":{"line":37,"column":39}},"type":"default-arg","locations":[{"start":{"line":37,"column":28},"end":{"line":37,"column":39}}],"line":37},"9":{"loc":{"start":{"line":41,"column":29},"end":{"line":41,"column":62}},"type":"default-arg","locations":[{"start":{"line":41,"column":39},"end":{"line":41,"column":62}}],"line":41},"10":{"loc":{"start":{"line":45,"column":15},"end":{"line":45,"column":32}},"type":"default-arg","locations":[{"start":{"line":45,"column":25},"end":{"line":45,"column":32}}],"line":45},"11":{"loc":{"start":{"line":45,"column":34},"end":{"line":45,"column":50}},"type":"default-arg","locations":[{"start":{"line":45,"column":47},"end":{"line":45,"column":50}}],"line":45}},"s":{"0":8,"1":8,"2":8,"3":8,"4":0,"5":2,"6":5,"7":0,"8":0,"9":0,"10":0,"11":0,"12":0,"13":1,"14":8,"15":4},"f":{"0":8,"1":0,"2":2,"3":5,"4":0,"5":0,"6":0,"7":0,"8":0,"9":0,"10":1,"11":8},"b":{"0":[0],"1":[0],"2":[0],"3":[0],"4":[0],"5":[0],"6":[0],"7":[0],"8":[0],"9":[0],"10":[0],"11":[0]},"_coverageSchema":"1a1c01bbd47fc00a2c39e90264f33305004495a9","hash":"436135fa8b7ea999210e507d05866318e6d56a91"},"/home/hoe_user/Downloads/csm-master/CMS_1-main/backend/utils/SendMail.js":{"path":"/home/hoe_user/Downloads/csm-master/CMS_1-main/backend/utils/SendMail.js","statementMap":{"0":{"start":{"line":1,"column":19},"end":{"line":1,"column":40}},"1":{"start":{"line":3,"column":22},"end":{"line":31,"column":1}},"2":{"start":{"line":4,"column":2},"end":{"line":30,"column":3}},"3":{"start":{"line":5,"column":24},"end":{"line":11,"column":6}},"4":{"start":{"line":13,"column":24},"end":{"line":23,"column":5}},"5":{"start":{"line":25,"column":4},"end":{"line":25,"column":44}},"6":{"start":{"line":26,"column":4},"end":{"line":26,"column":49}},"7":{"start":{"line":28,"column":4},"end":{"line":28,"column":55}},"8":{"start":{"line":29,"column":4},"end":{"line":29,"column":50}},"9":{"start":{"line":33,"column":0},"end":{"line":33,"column":31}}},"fnMap":{"0":{"name":"(anonymous_0)","decl":{"start":{"line":3,"column":22},"end":{"line":3,"column":23}},"loc":{"start":{"line":3,"column":57},"end":{"line":31,"column":1}},"line":3}},"branchMap":{},"s":{"0":3,"1":3,"2":0,"3":0,"4":0,"5":0,"6":0,"7":0,"8":0,"9":3},"f":{"0":0},"b":{},"_coverageSchema":"1a1c01bbd47fc00a2c39e90264f33305004495a9","hash":"2a5c1a10cc533a29cfa7c39d127f5e52eef15e6e"},"/home/hoe_user/Downloads/csm-master/CMS_1-main/backend/middlewares/multer.middleware.js":{"path":"/home/hoe_user/Downloads/csm-master/CMS_1-main/backend/middlewares/multer.middleware.js","statementMap":{"0":{"start":{"line":1,"column":15},"end":{"line":1,"column":32}},"1":{"start":{"line":2,"column":13},"end":{"line":2,"column":28}},"2":{"start":{"line":4,"column":16},"end":{"line":11,"column":2}},"3":{"start":{"line":6,"column":4},"end":{"line":6,"column":24}},"4":{"start":{"line":9,"column":4},"end":{"line":9,"column":59}},"5":{"start":{"line":13,"column":15},"end":{"line":13,"column":43}},"6":{"start":{"line":15,"column":0},"end":{"line":15,"column":24}}},"fnMap":{"0":{"name":"(anonymous_0)","decl":{"start":{"line":5,"column":15},"end":{"line":5,"column":16}},"loc":{"start":{"line":5,"column":40},"end":{"line":7,"column":3}},"line":5},"1":{"name":"(anonymous_1)","decl":{"start":{"line":8,"column":12},"end":{"line":8,"column":13}},"loc":{"start":{"line":8,"column":37},"end":{"line":10,"column":3}},"line":8}},"branchMap":{},"s":{"0":3,"1":3,"2":3,"3":0,"4":0,"5":3,"6":3},"f":{"0":0,"1":0},"b":{},"_coverageSchema":"1a1c01bbd47fc00a2c39e90264f33305004495a9","hash":"ec103181ae2833d42bc06996b65cb4120e75f091"},"/home/hoe_user/Downloads/csm-master/CMS_1-main/backend/middlewares/auth.middleware.js":{"path":"/home/hoe_user/Downloads/csm-master/CMS_1-main/backend/middlewares/auth.middleware.js","statementMap":{"0":{"start":{"line":1,"column":12},"end":{"line":1,"column":35}},"1":{"start":{"line":2,"column":20},"end":{"line":2,"column":51}},"2":{"start":{"line":4,"column":13},"end":{"line":33,"column":1}},"3":{"start":{"line":5,"column":2},"end":{"line":32,"column":3}},"4":{"start":{"line":6,"column":16},"end":{"line":6,"column":43}},"5":{"start":{"line":8,"column":4},"end":{"line":12,"column":5}},"6":{"start":{"line":9,"column":6},"end":{"line":11,"column":8}},"7":{"start":{"line":14,"column":4},"end":{"line":14,"column":32}},"8":{"start":{"line":16,"column":4},"end":{"line":28,"column":5}},"9":{"start":{"line":17,"column":22},"end":{"line":17,"column":63}},"10":{"start":{"line":18,"column":6},"end":{"line":20,"column":7}},"11":{"start":{"line":19,"column":8},"end":{"line":19,"column":74}},"12":{"start":{"line":22,"column":6},"end":{"line":22,"column":34}},"13":{"start":{"line":23,"column":6},"end":{"line":23,"column":24}},"14":{"start":{"line":24,"column":6},"end":{"line":24,"column":13}},"15":{"start":{"line":26,"column":6},"end":{"line":26,"column":44}},"16":{"start":{"line":27,"column":6},"end":{"line":27,"column":76}},"17":{"start":{"line":30,"column":4},"end":{"line":30,"column":51}},"18":{"start":{"line":31,"column":4},"end":{"line":31,"column":71}},"19":{"start":{"line":35,"column":0},"end":{"line":35,"column":22}}},"fnMap":{"0":{"name":"(anonymous_0)","decl":{"start":{"line":4,"column":13},"end":{"line":4,"column":14}},"loc":{"start":{"line":4,"column":39},"end":{"line":33,"column":1}},"line":4}},"branchMap":{"0":{"loc":{"start":{"line":8,"column":4},"end":{"line":12,"column":5}},"type":"if","locations":[{"start":{"line":8,"column":4},"end":{"line":12,"column":5}},{"start":{},"end":{}}],"line":8},"1":{"loc":{"start":{"line":8,"column":8},"end":{"line":8,"column":46}},"type":"binary-expr","locations":[{"start":{"line":8,"column":8},"end":{"line":8,"column":14}},{"start":{"line":8,"column":18},"end":{"line":8,"column":46}}],"line":8},"2":{"loc":{"start":{"line":18,"column":6},"end":{"line":20,"column":7}},"type":"if","locations":[{"start":{"line":18,"column":6},"end":{"line":20,"column":7}},{"start":{},"end":{}}],"line":18}},"s":{"0":3,"1":3,"2":3,"3":0,"4":0,"5":0,"6":0,"7":0,"8":0,"9":0,"10":0,"11":0,"12":0,"13":0,"14":0,"15":0,"16":0,"17":0,"18":0,"19":3},"f":{"0":0},"b":{"0":[0,0],"1":[0,0],"2":[0,0]},"_coverageSchema":"1a1c01bbd47fc00a2c39e90264f33305004495a9","hash":"8860b5364bcb9f60eb31441b8df03cf6d887fe99"},"/home/hoe_user/Downloads/csm-master/CMS_1-main/backend/routes/details/faculty-details.route.js":{"path":"/home/hoe_user/Downloads/csm-master/CMS_1-main/backend/routes/details/faculty-details.route.js","statementMap":{"0":{"start":{"line":1,"column":16},"end":{"line":1,"column":34}},"1":{"start":{"line":2,"column":15},"end":{"line":2,"column":31}},"2":{"start":{"line":13,"column":4},"end":{"line":13,"column":67}},"3":{"start":{"line":14,"column":15},"end":{"line":14,"column":61}},"4":{"start":{"line":15,"column":13},"end":{"line":15,"column":57}},"5":{"start":{"line":17,"column":0},"end":{"line":17,"column":75}},"6":{"start":{"line":18,"column":0},"end":{"line":18,"column":46}},"7":{"start":{"line":19,"column":0},"end":{"line":19,"column":63}},"8":{"start":{"line":21,"column":0},"end":{"line":21,"column":47}},"9":{"start":{"line":22,"column":0},"end":{"line":22,"column":75}},"10":{"start":{"line":23,"column":0},"end":{"line":23,"column":53}},"11":{"start":{"line":24,"column":0},"end":{"line":24,"column":63}},"12":{"start":{"line":25,"column":0},"end":{"line":25,"column":71}},"13":{"start":{"line":26,"column":0},"end":{"line":26,"column":72}},"14":{"start":{"line":28,"column":0},"end":{"line":28,"column":24}}},"fnMap":{},"branchMap":{},"s":{"0":3,"1":3,"2":3,"3":3,"4":3,"5":3,"6":3,"7":3,"8":3,"9":3,"10":3,"11":3,"12":3,"13":3,"14":3},"f":{},"b":{},"_coverageSchema":"1a1c01bbd47fc00a2c39e90264f33305004495a9","hash":"0b002309c0fd4f8440735a6b21f8f3f142341bfe"},"/home/hoe_user/Downloads/csm-master/CMS_1-main/backend/controllers/details/faculty-details.controller.js":{"path":"/home/hoe_user/Downloads/csm-master/CMS_1-main/backend/controllers/details/faculty-details.controller.js","statementMap":{"0":{"start":{"line":1,"column":23},"end":{"line":1,"column":76}},"1":{"start":{"line":2,"column":19},"end":{"line":2,"column":63}},"2":{"start":{"line":3,"column":15},"end":{"line":3,"column":34}},"3":{"start":{"line":4,"column":20},"end":{"line":4,"column":54}},"4":{"start":{"line":5,"column":12},"end":{"line":5,"column":35}},"5":{"start":{"line":6,"column":22},"end":{"line":6,"column":53}},"6":{"start":{"line":8,"column":31},"end":{"line":74,"column":1}},"7":{"start":{"line":9,"column":2},"end":{"line":73,"column":3}},"8":{"start":{"line":10,"column":32},"end":{"line":10,"column":40}},"9":{"start":{"line":11,"column":17},"end":{"line":11,"column":56}},"10":{"start":{"line":13,"column":4},"end":{"line":15,"column":5}},"11":{"start":{"line":14,"column":6},"end":{"line":14,"column":62}},"12":{"start":{"line":17,"column":28},"end":{"line":17,"column":73}},"13":{"start":{"line":18,"column":4},"end":{"line":20,"column":5}},"14":{"start":{"line":19,"column":6},"end":{"line":19,"column":68}},"15":{"start":{"line":22,"column":18},"end":{"line":24,"column":6}},"16":{"start":{"line":27,"column":22},"end":{"line":34,"column":5}},"17":{"start":{"line":37,"column":21},"end":{"line":37,"column":47}},"18":{"start":{"line":38,"column":24},"end":{"line":38,"column":83}},"19":{"start":{"line":41,"column":4},"end":{"line":67,"column":5}},"20":{"start":{"line":43,"column":6},"end":{"line":66,"column":7}},"21":{"start":{"line":44,"column":22},"end":{"line":44,"column":38}},"22":{"start":{"line":45,"column":23},"end":{"line":45,"column":46}},"23":{"start":{"line":46,"column":8},"end":{"line":62,"column":9}},"24":{"start":{"line":47,"column":26},"end":{"line":50,"column":12}},"25":{"start":{"line":51,"column":10},"end":{"line":59,"column":11}},"26":{"start":{"line":52,"column":12},"end":{"line":56,"column":14}},"27":{"start":{"line":58,"column":12},"end":{"line":58,"column":77}},"28":{"start":{"line":61,"column":10},"end":{"line":61,"column":75}},"29":{"start":{"line":64,"column":8},"end":{"line":64,"column":51}},"30":{"start":{"line":65,"column":8},"end":{"line":65,"column":73}},"31":{"start":{"line":69,"column":4},"end":{"line":69,"column":71}},"32":{"start":{"line":71,"column":4},"end":{"line":71,"column":42}},"33":{"start":{"line":72,"column":4},"end":{"line":72,"column":55}},"34":{"start":{"line":76,"column":32},"end":{"line":87,"column":1}},"35":{"start":{"line":77,"column":2},"end":{"line":86,"column":3}},"36":{"start":{"line":78,"column":18},"end":{"line":78,"column":70}},"37":{"start":{"line":79,"column":4},"end":{"line":81,"column":5}},"38":{"start":{"line":80,"column":6},"end":{"line":80,"column":64}},"39":{"start":{"line":82,"column":4},"end":{"line":82,"column":74}},"40":{"start":{"line":84,"column":4},"end":{"line":84,"column":52}},"41":{"start":{"line":85,"column":4},"end":{"line":85,"column":55}},"42":{"start":{"line":89,"column":27},"end":{"line":91,"column":1}},"43":{"start":{"line":90,"column":2},"end":{"line":90,"column":53}},"44":{"start":{"line":93,"column":34},"end":{"line":158,"column":1}},"45":{"start":{"line":94,"column":2},"end":{"line":157,"column":3}},"46":{"start":{"line":95,"column":27},"end":{"line":95,"column":35}},"47":{"start":{"line":97,"column":18},"end":{"line":97,"column":53}},"48":{"start":{"line":99,"column":4},"end":{"line":101,"column":5}},"49":{"start":{"line":100,"column":6},"end":{"line":100,"column":70}},"50":{"start":{"line":103,"column":4},"end":{"line":105,"column":5}},"51":{"start":{"line":104,"column":6},"end":{"line":104,"column":80}},"52":{"start":{"line":107,"column":21},"end":{"line":109,"column":6}},"53":{"start":{"line":110,"column":4},"end":{"line":114,"column":5}},"54":{"start":{"line":111,"column":6},"end":{"line":113,"column":18}},"55":{"start":{"line":116,"column":23},"end":{"line":116,"column":43}},"56":{"start":{"line":118,"column":17},"end":{"line":124,"column":5}},"57":{"start":{"line":127,"column":4},"end":{"line":143,"column":5}},"58":{"start":{"line":128,"column":23},"end":{"line":128,"column":42}},"59":{"start":{"line":129,"column":6},"end":{"line":129,"column":69}},"60":{"start":{"line":130,"column":6},"end":{"line":130,"column":37}},"61":{"start":{"line":131,"column":6},"end":{"line":131,"column":84}},"62":{"start":{"line":132,"column":6},"end":{"line":132,"column":60}},"63":{"start":{"line":133,"column":6},"end":{"line":133,"column":43}},"64":{"start":{"line":134,"column":2},"end":{"line":134,"column":39}},"65":{"start":{"line":135,"column":2},"end":{"line":135,"column":42}},"66":{"start":{"line":136,"column":2},"end":{"line":136,"column":35}},"67":{"start":{"line":137,"column":2},"end":{"line":137,"column":33}},"68":{"start":{"line":138,"column":2},"end":{"line":138,"column":39}},"69":{"start":{"line":139,"column":6},"end":{"line":139,"column":46}},"70":{"start":{"line":142,"column":6},"end":{"line":142,"column":56}},"71":{"start":{"line":145,"column":17},"end":{"line":145,"column":50}},"72":{"start":{"line":147,"column":26},"end":{"line":149,"column":31}},"73":{"start":{"line":150,"column":4},"end":{"line":153,"column":16}},"74":{"start":{"line":155,"column":4},"end":{"line":155,"column":45}},"75":{"start":{"line":156,"column":4},"end":{"line":156,"column":55}},"76":{"start":{"line":160,"column":32},"end":{"line":229,"column":1}},"77":{"start":{"line":161,"column":2},"end":{"line":228,"column":3}},"78":{"start":{"line":162,"column":4},"end":{"line":164,"column":5}},"79":{"start":{"line":163,"column":6},"end":{"line":163,"column":72}},"80":{"start":{"line":166,"column":23},"end":{"line":166,"column":38}},"81":{"start":{"line":167,"column":39},"end":{"line":167,"column":49}},"82":{"start":{"line":169,"column":4},"end":{"line":171,"column":5}},"83":{"start":{"line":170,"column":6},"end":{"line":170,"column":70}},"84":{"start":{"line":173,"column":4},"end":{"line":175,"column":5}},"85":{"start":{"line":174,"column":6},"end":{"line":174,"column":80}},"86":{"start":{"line":177,"column":4},"end":{"line":181,"column":5}},"87":{"start":{"line":178,"column":6},"end":{"line":180,"column":18}},"88":{"start":{"line":183,"column":4},"end":{"line":191,"column":5}},"89":{"start":{"line":184,"column":23},"end":{"line":187,"column":8}},"90":{"start":{"line":188,"column":6},"end":{"line":190,"column":7}},"91":{"start":{"line":189,"column":8},"end":{"line":189,"column":70}},"92":{"start":{"line":193,"column":4},"end":{"line":201,"column":5}},"93":{"start":{"line":194,"column":23},"end":{"line":197,"column":8}},"94":{"start":{"line":198,"column":6},"end":{"line":200,"column":7}},"95":{"start":{"line":199,"column":8},"end":{"line":199,"column":77}},"96":{"start":{"line":203,"column":4},"end":{"line":206,"column":5}},"97":{"start":{"line":204,"column":19},"end":{"line":204,"column":43}},"98":{"start":{"line":205,"column":6},"end":{"line":205,"column":62}},"99":{"start":{"line":208,"column":4},"end":{"line":210,"column":5}},"100":{"start":{"line":209,"column":6},"end":{"line":209,"column":45}},"101":{"start":{"line":212,"column":4},"end":{"line":212,"column":66}},"102":{"start":{"line":212,"column":24},"end":{"line":212,"column":66}},"103":{"start":{"line":213,"column":4},"end":{"line":214,"column":64}},"104":{"start":{"line":214,"column":6},"end":{"line":214,"column":64}},"105":{"start":{"line":216,"column":24},"end":{"line":218,"column":31}},"106":{"start":{"line":220,"column":4},"end":{"line":222,"column":5}},"107":{"start":{"line":221,"column":6},"end":{"line":221,"column":65}},"108":{"start":{"line":224,"column":4},"end":{"line":224,"column":79}},"109":{"start":{"line":226,"column":4},"end":{"line":226,"column":43}},"110":{"start":{"line":227,"column":4},"end":{"line":227,"column":55}},"111":{"start":{"line":231,"column":32},"end":{"line":247,"column":1}},"112":{"start":{"line":232,"column":2},"end":{"line":246,"column":3}},"113":{"start":{"line":233,"column":4},"end":{"line":235,"column":5}},"114":{"start":{"line":234,"column":6},"end":{"line":234,"column":72}},"115":{"start":{"line":237,"column":17},"end":{"line":237,"column":70}},"116":{"start":{"line":238,"column":4},"end":{"line":240,"column":5}},"117":{"start":{"line":239,"column":6},"end":{"line":239,"column":64}},"118":{"start":{"line":242,"column":4},"end":{"line":242,"column":72}},"119":{"start":{"line":244,"column":4},"end":{"line":244,"column":43}},"120":{"start":{"line":245,"column":4},"end":{"line":245,"column":55}},"121":{"start":{"line":249,"column":38},"end":{"line":262,"column":1}},"122":{"start":{"line":250,"column":2},"end":{"line":261,"column":3}},"123":{"start":{"line":251,"column":17},"end":{"line":253,"column":31}},"124":{"start":{"line":254,"column":4},"end":{"line":256,"column":5}},"125":{"start":{"line":255,"column":6},"end":{"line":255,"column":62}},"126":{"start":{"line":257,"column":4},"end":{"line":257,"column":68}},"127":{"start":{"line":259,"column":4},"end":{"line":259,"column":47}},"128":{"start":{"line":260,"column":4},"end":{"line":260,"column":55}},"129":{"start":{"line":264,"column":38},"end":{"line":295,"column":1}},"130":{"start":{"line":265,"column":2},"end":{"line":294,"column":3}},"131":{"start":{"line":266,"column":22},"end":{"line":266,"column":30}},"132":{"start":{"line":267,"column":4},"end":{"line":269,"column":5}},"133":{"start":{"line":268,"column":6},"end":{"line":268,"column":67}},"134":{"start":{"line":271,"column":17},"end":{"line":271,"column":56}},"135":{"start":{"line":272,"column":4},"end":{"line":274,"column":5}},"136":{"start":{"line":273,"column":6},"end":{"line":273,"column":64}},"137":{"start":{"line":276,"column":21},"end":{"line":278,"column":6}},"138":{"start":{"line":280,"column":4},"end":{"line":280,"column":78}},"139":{"start":{"line":282,"column":20},"end":{"line":286,"column":6}},"140":{"start":{"line":288,"column":4},"end":{"line":288,"column":60}},"141":{"start":{"line":290,"column":4},"end":{"line":290,"column":79}},"142":{"start":{"line":292,"column":4},"end":{"line":292,"column":52}},"143":{"start":{"line":293,"column":4},"end":{"line":293,"column":55}},"144":{"start":{"line":297,"column":37},"end":{"line":336,"column":1}},"145":{"start":{"line":298,"column":2},"end":{"line":335,"column":3}},"146":{"start":{"line":299,"column":24},"end":{"line":299,"column":34}},"147":{"start":{"line":300,"column":25},"end":{"line":300,"column":33}},"148":{"start":{"line":302,"column":4},"end":{"line":306,"column":5}},"149":{"start":{"line":303,"column":6},"end":{"line":305,"column":8}},"150":{"start":{"line":308,"column":21},"end":{"line":308,"column":55}},"151":{"start":{"line":309,"column":4},"end":{"line":311,"column":5}},"152":{"start":{"line":310,"column":6},"end":{"line":310,"column":70}},"153":{"start":{"line":313,"column":24},"end":{"line":313,"column":79}},"154":{"start":{"line":314,"column":4},"end":{"line":316,"column":5}},"155":{"start":{"line":315,"column":6},"end":{"line":315,"column":76}},"156":{"start":{"line":318,"column":27},"end":{"line":318,"column":58}},"157":{"start":{"line":320,"column":4},"end":{"line":322,"column":7}},"158":{"start":{"line":324,"column":4},"end":{"line":327,"column":7}},"159":{"start":{"line":329,"column":4},"end":{"line":331,"column":6}},"160":{"start":{"line":333,"column":4},"end":{"line":333,"column":52}},"161":{"start":{"line":334,"column":4},"end":{"line":334,"column":55}},"162":{"start":{"line":338,"column":41},"end":{"line":382,"column":1}},"163":{"start":{"line":339,"column":2},"end":{"line":381,"column":3}},"164":{"start":{"line":340,"column":45},"end":{"line":340,"column":53}},"165":{"start":{"line":341,"column":19},"end":{"line":341,"column":29}},"166":{"start":{"line":343,"column":4},"end":{"line":347,"column":5}},"167":{"start":{"line":344,"column":6},"end":{"line":346,"column":18}},"168":{"start":{"line":349,"column":4},"end":{"line":353,"column":5}},"169":{"start":{"line":350,"column":6},"end":{"line":352,"column":18}},"170":{"start":{"line":355,"column":17},"end":{"line":355,"column":54}},"171":{"start":{"line":356,"column":4},"end":{"line":358,"column":5}},"172":{"start":{"line":357,"column":6},"end":{"line":357,"column":62}},"173":{"start":{"line":360,"column":28},"end":{"line":363,"column":5}},"174":{"start":{"line":364,"column":4},"end":{"line":368,"column":5}},"175":{"start":{"line":365,"column":6},"end":{"line":367,"column":8}},"176":{"start":{"line":370,"column":17},"end":{"line":370,"column":41}},"177":{"start":{"line":371,"column":27},"end":{"line":371,"column":63}},"178":{"start":{"line":373,"column":4},"end":{"line":375,"column":7}},"179":{"start":{"line":377,"column":4},"end":{"line":377,"column":80}},"180":{"start":{"line":379,"column":4},"end":{"line":379,"column":52}},"181":{"start":{"line":380,"column":4},"end":{"line":380,"column":55}},"182":{"start":{"line":384,"column":0},"end":{"line":394,"column":2}}},"fnMap":{"0":{"name":"(anonymous_0)","decl":{"start":{"line":8,"column":31},"end":{"line":8,"column":32}},"loc":{"start":{"line":8,"column":51},"end":{"line":74,"column":1}},"line":8},"1":{"name":"(anonymous_1)","decl":{"start":{"line":76,"column":32},"end":{"line":76,"column":33}},"loc":{"start":{"line":76,"column":52},"end":{"line":87,"column":1}},"line":76},"2":{"name":"(anonymous_2)","decl":{"start":{"line":89,"column":27},"end":{"line":89,"column":28}},"loc":{"start":{"line":89,"column":33},"end":{"line":91,"column":1}},"line":89},"3":{"name":"(anonymous_3)","decl":{"start":{"line":93,"column":34},"end":{"line":93,"column":35}},"loc":{"start":{"line":93,"column":54},"end":{"line":158,"column":1}},"line":93},"4":{"name":"(anonymous_4)","decl":{"start":{"line":160,"column":32},"end":{"line":160,"column":33}},"loc":{"start":{"line":160,"column":52},"end":{"line":229,"column":1}},"line":160},"5":{"name":"(anonymous_5)","decl":{"start":{"line":231,"column":32},"end":{"line":231,"column":33}},"loc":{"start":{"line":231,"column":52},"end":{"line":247,"column":1}},"line":231},"6":{"name":"(anonymous_6)","decl":{"start":{"line":249,"column":38},"end":{"line":249,"column":39}},"loc":{"start":{"line":249,"column":58},"end":{"line":262,"column":1}},"line":249},"7":{"name":"(anonymous_7)","decl":{"start":{"line":264,"column":38},"end":{"line":264,"column":39}},"loc":{"start":{"line":264,"column":58},"end":{"line":295,"column":1}},"line":264},"8":{"name":"(anonymous_8)","decl":{"start":{"line":297,"column":37},"end":{"line":297,"column":38}},"loc":{"start":{"line":297,"column":57},"end":{"line":336,"column":1}},"line":297},"9":{"name":"(anonymous_9)","decl":{"start":{"line":338,"column":41},"end":{"line":338,"column":42}},"loc":{"start":{"line":338,"column":61},"end":{"line":382,"column":1}},"line":338}},"branchMap":{"0":{"loc":{"start":{"line":13,"column":4},"end":{"line":15,"column":5}},"type":"if","locations":[{"start":{"line":13,"column":4},"end":{"line":15,"column":5}},{"start":{},"end":{}}],"line":13},"1":{"loc":{"start":{"line":18,"column":4},"end":{"line":20,"column":5}},"type":"if","locations":[{"start":{"line":18,"column":4},"end":{"line":20,"column":5}},{"start":{},"end":{}}],"line":18},"2":{"loc":{"start":{"line":38,"column":24},"end":{"line":38,"column":83}},"type":"binary-expr","locations":[{"start":{"line":38,"column":24},"end":{"line":38,"column":52}},{"start":{"line":38,"column":56},"end":{"line":38,"column":75}},{"start":{"line":38,"column":79},"end":{"line":38,"column":83}}],"line":38},"3":{"loc":{"start":{"line":41,"column":4},"end":{"line":67,"column":5}},"type":"if","locations":[{"start":{"line":41,"column":4},"end":{"line":67,"column":5}},{"start":{},"end":{}}],"line":41},"4":{"loc":{"start":{"line":41,"column":8},"end":{"line":41,"column":77}},"type":"binary-expr","locations":[{"start":{"line":41,"column":8},"end":{"line":41,"column":24}},{"start":{"line":41,"column":28},"end":{"line":41,"column":77}}],"line":41},"5":{"loc":{"start":{"line":46,"column":8},"end":{"line":62,"column":9}},"type":"if","locations":[{"start":{"line":46,"column":8},"end":{"line":62,"column":9}},{"start":{"line":60,"column":15},"end":{"line":62,"column":9}}],"line":46},"6":{"loc":{"start":{"line":51,"column":10},"end":{"line":59,"column":11}},"type":"if","locations":[{"start":{"line":51,"column":10},"end":{"line":59,"column":11}},{"start":{"line":57,"column":17},"end":{"line":59,"column":11}}],"line":51},"7":{"loc":{"start":{"line":51,"column":14},"end":{"line":51,"column":37}},"type":"binary-expr","locations":[{"start":{"line":51,"column":14},"end":{"line":51,"column":21}},{"start":{"line":51,"column":25},"end":{"line":51,"column":37}}],"line":51},"8":{"loc":{"start":{"line":53,"column":21},"end":{"line":53,"column":64}},"type":"binary-expr","locations":[{"start":{"line":53,"column":21},"end":{"line":53,"column":42}},{"start":{"line":53,"column":46},"end":{"line":53,"column":64}}],"line":53},"9":{"loc":{"start":{"line":54,"column":27},"end":{"line":54,"column":69}},"type":"binary-expr","locations":[{"start":{"line":54,"column":27},"end":{"line":54,"column":54}},{"start":{"line":54,"column":58},"end":{"line":54,"column":69}}],"line":54},"10":{"loc":{"start":{"line":79,"column":4},"end":{"line":81,"column":5}},"type":"if","locations":[{"start":{"line":79,"column":4},"end":{"line":81,"column":5}},{"start":{},"end":{}}],"line":79},"11":{"loc":{"start":{"line":79,"column":8},"end":{"line":79,"column":36}},"type":"binary-expr","locations":[{"start":{"line":79,"column":8},"end":{"line":79,"column":14}},{"start":{"line":79,"column":18},"end":{"line":79,"column":36}}],"line":79},"12":{"loc":{"start":{"line":97,"column":18},"end":{"line":97,"column":53}},"type":"cond-expr","locations":[{"start":{"line":97,"column":29},"end":{"line":97,"column":46}},{"start":{"line":97,"column":49},"end":{"line":97,"column":53}}],"line":97},"13":{"loc":{"start":{"line":99,"column":4},"end":{"line":101,"column":5}},"type":"if","locations":[{"start":{"line":99,"column":4},"end":{"line":101,"column":5}},{"start":{},"end":{}}],"line":99},"14":{"loc":{"start":{"line":103,"column":4},"end":{"line":105,"column":5}},"type":"if","locations":[{"start":{"line":103,"column":4},"end":{"line":105,"column":5}},{"start":{},"end":{}}],"line":103},"15":{"loc":{"start":{"line":103,"column":8},"end":{"line":103,"column":40}},"type":"binary-expr","locations":[{"start":{"line":103,"column":8},"end":{"line":103,"column":13}},{"start":{"line":103,"column":17},"end":{"line":103,"column":40}}],"line":103},"16":{"loc":{"start":{"line":110,"column":4},"end":{"line":114,"column":5}},"type":"if","locations":[{"start":{"line":110,"column":4},"end":{"line":114,"column":5}},{"start":{},"end":{}}],"line":110},"17":{"loc":{"start":{"line":123,"column":16},"end":{"line":123,"column":49}},"type":"binary-expr","locations":[{"start":{"line":123,"column":16},"end":{"line":123,"column":33}},{"start":{"line":123,"column":37},"end":{"line":123,"column":49}}],"line":123},"18":{"loc":{"start":{"line":127,"column":4},"end":{"line":143,"column":5}},"type":"if","locations":[{"start":{"line":127,"column":4},"end":{"line":143,"column":5}},{"start":{},"end":{}}],"line":127},"19":{"loc":{"start":{"line":129,"column":22},"end":{"line":129,"column":68}},"type":"binary-expr","locations":[{"start":{"line":129,"column":22},"end":{"line":129,"column":35}},{"start":{"line":129,"column":39},"end":{"line":129,"column":68}}],"line":129},"20":{"loc":{"start":{"line":130,"column":20},"end":{"line":130,"column":36}},"type":"binary-expr","locations":[{"start":{"line":130,"column":20},"end":{"line":130,"column":31}},{"start":{"line":130,"column":35},"end":{"line":130,"column":36}}],"line":130},"21":{"loc":{"start":{"line":131,"column":25},"end":{"line":131,"column":83}},"type":"cond-expr","locations":[{"start":{"line":131,"column":44},"end":{"line":131,"column":70}},{"start":{"line":131,"column":73},"end":{"line":131,"column":83}}],"line":131},"22":{"loc":{"start":{"line":132,"column":17},"end":{"line":132,"column":59}},"type":"cond-expr","locations":[{"start":{"line":132,"column":28},"end":{"line":132,"column":46}},{"start":{"line":132,"column":49},"end":{"line":132,"column":59}}],"line":132},"23":{"loc":{"start":{"line":133,"column":20},"end":{"line":133,"column":42}},"type":"binary-expr","locations":[{"start":{"line":133,"column":20},"end":{"line":133,"column":31}},{"start":{"line":133,"column":35},"end":{"line":133,"column":42}}],"line":133},"24":{"loc":{"start":{"line":134,"column":17},"end":{"line":134,"column":38}},"type":"binary-expr","locations":[{"start":{"line":134,"column":17},"end":{"line":134,"column":29}},{"start":{"line":134,"column":33},"end":{"line":134,"column":38}}],"line":134},"25":{"loc":{"start":{"line":135,"column":17},"end":{"line":135,"column":41}},"type":"binary-expr","locations":[{"start":{"line":135,"column":17},"end":{"line":135,"column":29}},{"start":{"line":135,"column":33},"end":{"line":135,"column":41}}],"line":135},"26":{"loc":{"start":{"line":136,"column":15},"end":{"line":136,"column":34}},"type":"binary-expr","locations":[{"start":{"line":136,"column":15},"end":{"line":136,"column":25}},{"start":{"line":136,"column":29},"end":{"line":136,"column":34}}],"line":136},"27":{"loc":{"start":{"line":137,"column":14},"end":{"line":137,"column":32}},"type":"binary-expr","locations":[{"start":{"line":137,"column":14},"end":{"line":137,"column":23}},{"start":{"line":137,"column":27},"end":{"line":137,"column":32}}],"line":137},"28":{"loc":{"start":{"line":138,"column":17},"end":{"line":138,"column":38}},"type":"binary-expr","locations":[{"start":{"line":138,"column":17},"end":{"line":138,"column":29}},{"start":{"line":138,"column":33},"end":{"line":138,"column":38}}],"line":138},"29":{"loc":{"start":{"line":139,"column":19},"end":{"line":139,"column":45}},"type":"binary-expr","locations":[{"start":{"line":139,"column":19},"end":{"line":139,"column":29}},{"start":{"line":139,"column":33},"end":{"line":139,"column":45}}],"line":139},"30":{"loc":{"start":{"line":142,"column":25},"end":{"line":142,"column":55}},"type":"binary-expr","locations":[{"start":{"line":142,"column":25},"end":{"line":142,"column":41}},{"start":{"line":142,"column":45},"end":{"line":142,"column":55}}],"line":142},"31":{"loc":{"start":{"line":162,"column":4},"end":{"line":164,"column":5}},"type":"if","locations":[{"start":{"line":162,"column":4},"end":{"line":164,"column":5}},{"start":{},"end":{}}],"line":162},"32":{"loc":{"start":{"line":169,"column":4},"end":{"line":171,"column":5}},"type":"if","locations":[{"start":{"line":169,"column":4},"end":{"line":171,"column":5}},{"start":{},"end":{}}],"line":169},"33":{"loc":{"start":{"line":169,"column":8},"end":{"line":169,"column":58}},"type":"binary-expr","locations":[{"start":{"line":169,"column":8},"end":{"line":169,"column":13}},{"start":{"line":169,"column":17},"end":{"line":169,"column":58}}],"line":169},"34":{"loc":{"start":{"line":173,"column":4},"end":{"line":175,"column":5}},"type":"if","locations":[{"start":{"line":173,"column":4},"end":{"line":175,"column":5}},{"start":{},"end":{}}],"line":173},"35":{"loc":{"start":{"line":173,"column":8},"end":{"line":173,"column":40}},"type":"binary-expr","locations":[{"start":{"line":173,"column":8},"end":{"line":173,"column":13}},{"start":{"line":173,"column":17},"end":{"line":173,"column":40}}],"line":173},"36":{"loc":{"start":{"line":177,"column":4},"end":{"line":181,"column":5}},"type":"if","locations":[{"start":{"line":177,"column":4},"end":{"line":181,"column":5}},{"start":{},"end":{}}],"line":177},"37":{"loc":{"start":{"line":177,"column":8},"end":{"line":177,"column":39}},"type":"binary-expr","locations":[{"start":{"line":177,"column":8},"end":{"line":177,"column":16}},{"start":{"line":177,"column":20},"end":{"line":177,"column":39}}],"line":177},"38":{"loc":{"start":{"line":183,"column":4},"end":{"line":191,"column":5}},"type":"if","locations":[{"start":{"line":183,"column":4},"end":{"line":191,"column":5}},{"start":{},"end":{}}],"line":183},"39":{"loc":{"start":{"line":188,"column":6},"end":{"line":190,"column":7}},"type":"if","locations":[{"start":{"line":188,"column":6},"end":{"line":190,"column":7}},{"start":{},"end":{}}],"line":188},"40":{"loc":{"start":{"line":193,"column":4},"end":{"line":201,"column":5}},"type":"if","locations":[{"start":{"line":193,"column":4},"end":{"line":201,"column":5}},{"start":{},"end":{}}],"line":193},"41":{"loc":{"start":{"line":198,"column":6},"end":{"line":200,"column":7}},"type":"if","locations":[{"start":{"line":198,"column":6},"end":{"line":200,"column":7}},{"start":{},"end":{}}],"line":198},"42":{"loc":{"start":{"line":203,"column":4},"end":{"line":206,"column":5}},"type":"if","locations":[{"start":{"line":203,"column":4},"end":{"line":206,"column":5}},{"start":{},"end":{}}],"line":203},"43":{"loc":{"start":{"line":208,"column":4},"end":{"line":210,"column":5}},"type":"if","locations":[{"start":{"line":208,"column":4},"end":{"line":210,"column":5}},{"start":{},"end":{}}],"line":208},"44":{"loc":{"start":{"line":212,"column":4},"end":{"line":212,"column":66}},"type":"if","locations":[{"start":{"line":212,"column":4},"end":{"line":212,"column":66}},{"start":{},"end":{}}],"line":212},"45":{"loc":{"start":{"line":213,"column":4},"end":{"line":214,"column":64}},"type":"if","locations":[{"start":{"line":213,"column":4},"end":{"line":214,"column":64}},{"start":{},"end":{}}],"line":213},"46":{"loc":{"start":{"line":220,"column":4},"end":{"line":222,"column":5}},"type":"if","locations":[{"start":{"line":220,"column":4},"end":{"line":222,"column":5}},{"start":{},"end":{}}],"line":220},"47":{"loc":{"start":{"line":233,"column":4},"end":{"line":235,"column":5}},"type":"if","locations":[{"start":{"line":233,"column":4},"end":{"line":235,"column":5}},{"start":{},"end":{}}],"line":233},"48":{"loc":{"start":{"line":238,"column":4},"end":{"line":240,"column":5}},"type":"if","locations":[{"start":{"line":238,"column":4},"end":{"line":240,"column":5}},{"start":{},"end":{}}],"line":238},"49":{"loc":{"start":{"line":254,"column":4},"end":{"line":256,"column":5}},"type":"if","locations":[{"start":{"line":254,"column":4},"end":{"line":256,"column":5}},{"start":{},"end":{}}],"line":254},"50":{"loc":{"start":{"line":267,"column":4},"end":{"line":269,"column":5}},"type":"if","locations":[{"start":{"line":267,"column":4},"end":{"line":269,"column":5}},{"start":{},"end":{}}],"line":267},"51":{"loc":{"start":{"line":272,"column":4},"end":{"line":274,"column":5}},"type":"if","locations":[{"start":{"line":272,"column":4},"end":{"line":274,"column":5}},{"start":{},"end":{}}],"line":272},"52":{"loc":{"start":{"line":302,"column":4},"end":{"line":306,"column":5}},"type":"if","locations":[{"start":{"line":302,"column":4},"end":{"line":306,"column":5}},{"start":{},"end":{}}],"line":302},"53":{"loc":{"start":{"line":302,"column":8},"end":{"line":302,"column":29}},"type":"binary-expr","locations":[{"start":{"line":302,"column":8},"end":{"line":302,"column":16}},{"start":{"line":302,"column":20},"end":{"line":302,"column":29}}],"line":302},"54":{"loc":{"start":{"line":309,"column":4},"end":{"line":311,"column":5}},"type":"if","locations":[{"start":{"line":309,"column":4},"end":{"line":311,"column":5}},{"start":{},"end":{}}],"line":309},"55":{"loc":{"start":{"line":314,"column":4},"end":{"line":316,"column":5}},"type":"if","locations":[{"start":{"line":314,"column":4},"end":{"line":316,"column":5}},{"start":{},"end":{}}],"line":314},"56":{"loc":{"start":{"line":343,"column":4},"end":{"line":347,"column":5}},"type":"if","locations":[{"start":{"line":343,"column":4},"end":{"line":347,"column":5}},{"start":{},"end":{}}],"line":343},"57":{"loc":{"start":{"line":343,"column":8},"end":{"line":343,"column":40}},"type":"binary-expr","locations":[{"start":{"line":343,"column":8},"end":{"line":343,"column":24}},{"start":{"line":343,"column":28},"end":{"line":343,"column":40}}],"line":343},"58":{"loc":{"start":{"line":349,"column":4},"end":{"line":353,"column":5}},"type":"if","locations":[{"start":{"line":349,"column":4},"end":{"line":353,"column":5}},{"start":{},"end":{}}],"line":349},"59":{"loc":{"start":{"line":356,"column":4},"end":{"line":358,"column":5}},"type":"if","locations":[{"start":{"line":356,"column":4},"end":{"line":358,"column":5}},{"start":{},"end":{}}],"line":356},"60":{"loc":{"start":{"line":364,"column":4},"end":{"line":368,"column":5}},"type":"if","locations":[{"start":{"line":364,"column":4},"end":{"line":368,"column":5}},{"start":{},"end":{}}],"line":364}},"s":{"0":3,"1":3,"2":3,"3":3,"4":3,"5":3,"6":3,"7":1,"8":1,"9":1,"10":1,"11":0,"12":1,"13":1,"14":0,"15":1,"16":1,"17":1,"18":1,"19":1,"20":0,"21":0,"22":0,"23":0,"24":0,"25":0,"26":0,"27":0,"28":0,"29":0,"30":0,"31":1,"32":0,"33":0,"34":3,"35":0,"36":0,"37":0,"38":0,"39":0,"40":0,"41":0,"42":3,"43":2,"44":3,"45":2,"46":2,"47":2,"48":2,"49":0,"50":2,"51":0,"52":2,"53":2,"54":0,"55":2,"56":2,"57":2,"58":2,"59":2,"60":2,"61":2,"62":2,"63":2,"64":2,"65":2,"66":2,"67":2,"68":2,"69":2,"70":2,"71":2,"72":2,"73":2,"74":0,"75":0,"76":3,"77":0,"78":0,"79":0,"80":0,"81":0,"82":0,"83":0,"84":0,"85":0,"86":0,"87":0,"88":0,"89":0,"90":0,"91":0,"92":0,"93":0,"94":0,"95":0,"96":0,"97":0,"98":0,"99":0,"100":0,"101":0,"102":0,"103":0,"104":0,"105":0,"106":0,"107":0,"108":0,"109":0,"110":0,"111":3,"112":0,"113":0,"114":0,"115":0,"116":0,"117":0,"118":0,"119":0,"120":0,"121":3,"122":0,"123":0,"124":0,"125":0,"126":0,"127":0,"128":0,"129":3,"130":0,"131":0,"132":0,"133":0,"134":0,"135":0,"136":0,"137":0,"138":0,"139":0,"140":0,"141":0,"142":0,"143":0,"144":3,"145":0,"146":0,"147":0,"148":0,"149":0,"150":0,"151":0,"152":0,"153":0,"154":0,"155":0,"156":0,"157":0,"158":0,"159":0,"160":0,"161":0,"162":3,"163":0,"164":0,"165":0,"166":0,"167":0,"168":0,"169":0,"170":0,"171":0,"172":0,"173":0,"174":0,"175":0,"176":0,"177":0,"178":0,"179":0,"180":0,"181":0,"182":3},"f":{"0":1,"1":0,"2":2,"3":2,"4":0,"5":0,"6":0,"7":0,"8":0,"9":0},"b":{"0":[0,1],"1":[0,1],"2":[1,0,0],"3":[0,1],"4":[1,1],"5":[0,0],"6":[0,0],"7":[0,0],"8":[0,0],"9":[0,0],"10":[0,0],"11":[0,0],"12":[0,2],"13":[0,2],"14":[0,2],"15":[2,0],"16":[0,2],"17":[2,0],"18":[2,0],"19":[2,2],"20":[2,2],"21":[0,2],"22":[0,2],"23":[2,2],"24":[2,2],"25":[2,2],"26":[2,2],"27":[2,2],"28":[2,2],"29":[2,2],"30":[2,0],"31":[0,0],"32":[0,0],"33":[0,0],"34":[0,0
[...]
pr","locations":[{"start":{"line":73,"column":17},"end":{"line":73,"column":42}},{"start":{"line":73,"column":46},"end":{"line":73,"column":48}}],"line":73},"15":{"loc":{"start":{"line":74,"column":4},"end":{"line":74,"column":95}},"type":"if","locations":[{"start":{"line":74,"column":4},"end":{"line":74,"column":95}},{"start":{},"end":{}}],"line":74},"16":{"loc":{"start":{"line":76,"column":22},"end":{"line":76,"column":74}},"type":"binary-expr","locations":[{"start":{"line":76,"column":22},"end":{"line":76,"column":44}},{"start":{"line":76,"column":48},"end":{"line":76,"column":74}}],"line":76},"17":{"loc":{"start":{"line":77,"column":4},"end":{"line":77,"column":94}},"type":"if","locations":[{"start":{"line":77,"column":4},"end":{"line":77,"column":94}},{"start":{},"end":{}}],"line":77},"18":{"loc":{"start":{"line":82,"column":20},"end":{"line":82,"column":59}},"type":"binary-expr","locations":[{"start":{"line":82,"column":20},"end":{"line":82,"column":46}},{"start":{"line":82,"column":50},"end":{"line":82,"column":59}}],"line":82},"19":{"loc":{"start":{"line":86,"column":8},"end":{"line":86,"column":51}},"type":"binary-expr","locations":[{"start":{"line":86,"column":8},"end":{"line":86,"column":18}},{"start":{"line":86,"column":22},"end":{"line":86,"column":33}},{"start":{"line":86,"column":37},"end":{"line":86,"column":51}}],"line":86},"20":{"loc":{"start":{"line":87,"column":10},"end":{"line":87,"column":30}},"type":"binary-expr","locations":[{"start":{"line":87,"column":10},"end":{"line":87,"column":22}},{"start":{"line":87,"column":26},"end":{"line":87,"column":30}}],"line":87},"21":{"loc":{"start":{"line":88,"column":17},"end":{"line":88,"column":44}},"type":"binary-expr","locations":[{"start":{"line":88,"column":17},"end":{"line":88,"column":36}},{"start":{"line":88,"column":40},"end":{"line":88,"column":44}}],"line":88},"22":{"loc":{"start":{"line":89,"column":18},"end":{"line":89,"column":46}},"type":"binary-expr","locations":[{"start":{"line":89,"column":18},"end":{"line":89,"column":38}},{"start":{"line":89,"column":42},"end":{"line":89,"column":46}}],"line":89},"23":{"loc":{"start":{"line":90,"column":10},"end":{"line":90,"column":30}},"type":"binary-expr","locations":[{"start":{"line":90,"column":10},"end":{"line":90,"column":22}},{"start":{"line":90,"column":26},"end":{"line":90,"column":30}}],"line":90},"24":{"loc":{"start":{"line":101,"column":67},"end":{"line":101,"column":105}},"type":"cond-expr","locations":[{"start":{"line":101,"column":88},"end":{"line":101,"column":99}},{"start":{"line":101,"column":102},"end":{"line":101,"column":105}}],"line":101},"25":{"loc":{"start":{"line":101,"column":67},"end":{"line":101,"column":85}},"type":"binary-expr","locations":[{"start":{"line":101,"column":67},"end":{"line":101,"column":70}},{"start":{"line":101,"column":74},"end":{"line":101,"column":85}}],"line":101},"26":{"loc":{"start":{"line":105,"column":17},"end":{"line":105,"column":90}},"type":"binary-expr","locations":[{"start":{"line":105,"column":17},"end":{"line":105,"column":40}},{"start":{"line":105,"column":44},"end":{"line":105,"column":63}},{"start":{"line":105,"column":67},"end":{"line":105,"column":90}}],"line":105},"27":{"loc":{"start":{"line":109,"column":23},"end":{"line":109,"column":105}},"type":"binary-expr","locations":[{"start":{"line":109,"column":23},"end":{"line":109,"column":63}},{"start":{"line":109,"column":67},"end":{"line":109,"column":105}}],"line":109},"28":{"loc":{"start":{"line":110,"column":2},"end":{"line":115,"column":3}},"type":"if","locations":[{"start":{"line":110,"column":2},"end":{"line":115,"column":3}},{"start":{},"end":{}}],"line":110},"29":{"loc":{"start":{"line":111,"column":22},"end":{"line":111,"column":124}},"type":"binary-expr","locations":[{"start":{"line":111,"column":22},"end":{"line":111,"column":48}},{"start":{"line":111,"column":52},"end":{"line":111,"column":74}},{"start":{"line":111,"column":78},"end":{"line":111,"column":124}}],"line":111},"30":{"loc":{"start":{"line":111,"column":98},"end":{"line":111,"column":122}},"type":"binary-expr","locations":[{"start":{"line":111,"column":98},"end":{"line":111,"column":114}},{"start":{"line":111,"column":118},"end":{"line":111,"column":122}}],"line":111},"31":{"loc":{"start":{"line":132,"column":4},"end":{"line":132,"column":82}},"type":"if","locations":[{"start":{"line":132,"column":4},"end":{"line":132,"column":82}},{"start":{},"end":{}}],"line":132},"32":{"loc":{"start":{"line":133,"column":22},"end":{"line":133,"column":104}},"type":"binary-expr","locations":[{"start":{"line":133,"column":22},"end":{"line":133,"column":48}},{"start":{"line":133,"column":52},"end":{"line":133,"column":74}},{"start":{"line":133,"column":78},"end":{"line":133,"column":104}}],"line":133},"33":{"loc":{"start":{"line":134,"column":4},"end":{"line":134,"column":93}},"type":"if","locations":[{"start":{"line":134,"column":4},"end":{"line":134,"column":93}},{"start":{},"end":{}}],"line":134},"34":{"loc":{"start":{"line":139,"column":4},"end":{"line":139,"column":81}},"type":"if","locations":[{"start":{"line":139,"column":4},"end":{"line":139,"column":81}},{"start":{},"end":{}}],"line":139},"35":{"loc":{"start":{"line":141,"column":4},"end":{"line":141,"column":82}},"type":"if","locations":[{"start":{"line":141,"column":4},"end":{"line":141,"column":82}},{"start":{},"end":{}}],"line":141},"36":{"loc":{"start":{"line":143,"column":4},"end":{"line":143,"column":122}},"type":"if","locations":[{"start":{"line":143,"column":4},"end":{"line":143,"column":122}},{"start":{},"end":{}}],"line":143},"37":{"loc":{"start":{"line":143,"column":8},"end":{"line":143,"column":57}},"type":"binary-expr","locations":[{"start":{"line":143,"column":8},"end":{"line":143,"column":24}},{"start":{"line":143,"column":28},"end":{"line":143,"column":57}}],"line":143},"38":{"loc":{"start":{"line":146,"column":4},"end":{"line":150,"column":5}},"type":"if","locations":[{"start":{"line":146,"column":4},"end":{"line":150,"column":5}},{"start":{},"end":{}}],"line":146},"39":{"loc":{"start":{"line":154,"column":24},"end":{"line":154,"column":108}},"type":"binary-expr","locations":[{"start":{"line":154,"column":24},"end":{"line":154,"column":48}},{"start":{"line":154,"column":52},"end":{"line":154,"column":81}},{"start":{"line":154,"column":85},"end":{"line":154,"column":108}}],"line":154},"40":{"loc":{"start":{"line":168,"column":40},"end":{"line":168,"column":78}},"type":"cond-expr","locations":[{"start":{"line":168,"column":61},"end":{"line":168,"column":72}},{"start":{"line":168,"column":75},"end":{"line":168,"column":78}}],"line":168},"41":{"loc":{"start":{"line":168,"column":40},"end":{"line":168,"column":58}},"type":"binary-expr","locations":[{"start":{"line":168,"column":40},"end":{"line":168,"column":43}},{"start":{"line":168,"column":47},"end":{"line":168,"column":58}}],"line":168}},"s":{"0":3,"1":3,"2":3,"3":3,"4":3,"5":3,"6":3,"7":0,"8":0,"9":0,"10":0,"11":0,"12":0,"13":0,"14":0,"15":0,"16":0,"17":0,"18":0,"19":3,"20":0,"21":0,"22":0,"23":0,"24":0,"25":0,"26":0,"27":0,"28":0,"29":0,"30":0,"31":0,"32":0,"33":0,"34":0,"35":0,"36":0,"37":0,"38":0,"39":0,"40":0,"41":0,"42":0,"43":0,"44":0,"45":0,"46":0,"47":0,"48":0,"49":0,"50":3,"51":0,"52":0,"53":0,"54":0,"55":0,"56":0,"57":0,"58":0,"59":0,"60":0,"61":0,"62":0,"63":0,"64":0,"65":0,"66":0,"67":0,"68":0,"69":0,"70":0,"71":0,"72":0,"73":0,"74":0,"75":0,"76":0,"77":0,"78":0,"79":0,"80":0,"81":0,"82":0,"83":0,"84":0,"85":3,"86":0,"87":0,"88":0,"89":0,"90":0,"91":0,"92":0,"93":0,"94":0,"95":0,"96":0,"97":0,"98":0,"99":0,"100":0,"101":0,"102":0,"103":0,"104":0,"105":0,"106":0,"107":0,"108":0,"109":0,"110":0,"111":0,"112":0,"113":3},"f":{"0":0,"1":0,"2":0,"3":0},"b":{"0":[0,0],"1":[0,0],"2":[0,0],"3":[0,0],"4":[0,0],"5":[0,0,0],"6":[0,0],"7":[0,0],"8":[0,0],"9":[0,0],"10":[0,0],"11":[0,0],"12":[0,0],"13":[0,0],"14":[0,0],"15":[0,0],"16":[0,0],"17":[0,0],"18":[0,0],"19":[0,0,0],"20":[0,0],"21":[0,0],"22":[0,0],"23":[0,0],"24":[0,0],"25":[0,0],"26":[0,0,0],"27":[0,0],"28":[0,0],"29":[0,0,0],"30":[0,0],"31":[0,0],"32":[0,0,0],"33":[0,0],"34":[0,0],"35":[0,0],"36":[0,0],"37":[0,0],"38":[0,0],"39":[0,0,0],"40":[0,0],"41":[0,0]},"_coverageSchema":"1a1c01bbd47fc00a2c39e90264f33305004495a9","hash":"992cf4ff87d06e1e4a73ca0851fe9cd5ed8f23d2"},"/home/hoe_user/Downloads/csm-master/CMS_1-main/backend/models/TransferToken.model.js":{"path":"/home/hoe_user/Downloads/csm-master/CMS_1-main/backend/models/TransferToken.model.js","statementMap":{"0":{"start":{"line":1,"column":17},"end":{"line":1,"column":36}},"1":{"start":{"line":3,"column":28},"end":{"line":8,"column":2}},"2":{"start":{"line":12,"column":0},"end":{"line":12,"column":71}},"3":{"start":{"line":14,"column":0},"end":{"line":14,"column":70}}},"fnMap":{},"branchMap":{},"s":{"0":3,"1":3,"2":3,"3":3},"f":{},"b":{},"_coverageSchema":"1a1c01bbd47fc00a2c39e90264f33305004495a9","hash":"0e0083808d5add8540be233e13d4df1ad339c3df"},"/home/hoe_user/Downloads/csm-master/CMS_1-main/backend/routes/hostel.mock.route.js":{"path":"/home/hoe_user/Downloads/csm-master/CMS_1-main/backend/routes/hostel.mock.route.js","statementMap":{"0":{"start":{"line":1,"column":16},"end":{"line":1,"column":34}},"1":{"start":{"line":2,"column":15},"end":{"line":2,"column":31}},"2":{"start":{"line":3,"column":20},"end":{"line":3,"column":51}},"3":{"start":{"line":7,"column":0},"end":{"line":25,"column":3}},"4":{"start":{"line":8,"column":2},"end":{"line":24,"column":3}},"5":{"start":{"line":10,"column":17},"end":{"line":10,"column":48}},"6":{"start":{"line":11,"column":4},"end":{"line":11,"column":93}},"7":{"start":{"line":11,"column":37},"end":{"line":11,"column":93}},"8":{"start":{"line":14,"column":17},"end":{"line":19,"column":5}},"9":{"start":{"line":21,"column":4},"end":{"line":21,"column":65}},"10":{"start":{"line":23,"column":4},"end":{"line":23,"column":52}},"11":{"start":{"line":27,"column":0},"end":{"line":27,"column":24}}},"fnMap":{"0":{"name":"(anonymous_0)","decl":{"start":{"line":7,"column":38},"end":{"line":7,"column":39}},"loc":{"start":{"line":7,"column":52},"end":{"line":25,"column":1}},"line":7}},"branchMap":{"0":{"loc":{"start":{"line":10,"column":17},"end":{"line":10,"column":48}},"type":"binary-expr","locations":[{"start":{"line":10,"column":17},"end":{"line":10,"column":42}},{"start":{"line":10,"column":46},"end":{"line":10,"column":48}}],"line":10},"1":{"loc":{"start":{"line":11,"column":4},"end":{"line":11,"column":93}},"type":"if","locations":[{"start":{"line":11,"column":4},"end":{"line":11,"column":93}},{"start":{},"end":{}}],"line":11}},"s":{"0":3,"1":3,"2":3,"3":3,"4":0,"5":0,"6":0,"7":0,"8":0,"9":0,"10":0,"11":3},"f":{"0":0},"b":{"0":[0,0],"1":[0,0]},"_coverageSchema":"1a1c01bbd47fc00a2c39e90264f33305004495a9","hash":"43b75b46642a5355c2ae86846e42bf59af3616a1"},"/home/hoe_user/Downloads/csm-master/CMS_1-main/backend/controllers/auth.controller.js":{"path":"/home/hoe_user/Downloads/csm-master/CMS_1-main/backend/controllers/auth.controller.js","statementMap":{"0":{"start":{"line":1,"column":20},"end":{"line":1,"column":54}},"1":{"start":{"line":2,"column":16},"end":{"line":2,"column":50}},"2":{"start":{"line":3,"column":12},"end":{"line":3,"column":35}},"3":{"start":{"line":4,"column":15},"end":{"line":4,"column":34}},"4":{"start":{"line":6,"column":0},"end":{"line":19,"column":2}},"5":{"start":{"line":7,"column":2},"end":{"line":18,"column":3}},"6":{"start":{"line":8,"column":66},"end":{"line":8,"column":74}},"7":{"start":{"line":9,"column":15},"end":{"line":9,"column":47}},"8":{"start":{"line":10,"column":4},"end":{"line":10,"column":81}},"9":{"start":{"line":10,"column":14},"end":{"line":10,"column":81}},"10":{"start":{"line":11,"column":4},"end":{"line":11,"column":78}},"11":{"start":{"line":12,"column":2},"end":{"line":12,"column":20}},"12":{"start":{"line":14,"column":2},"end":{"line":14,"column":54}},"13":{"start":{"line":16,"column":4},"end":{"line":16,"column":23}},"14":{"start":{"line":17,"column":4},"end":{"line":17,"column":54}},"15":{"start":{"line":21,"column":0},"end":{"line":35,"column":2}},"16":{"start":{"line":22,"column":2},"end":{"line":34,"column":3}},"17":{"start":{"line":23,"column":32},"end":{"line":23,"column":40}},"18":{"start":{"line":24,"column":17},"end":{"line":24,"column":49}},"19":{"start":{"line":25,"column":4},"end":{"line":25,"column":74}},"20":{"start":{"line":25,"column":15},"end":{"line":25,"column":74}},"21":{"start":{"line":26,"column":15},"end":{"line":26,"column":60}},"22":{"start":{"line":27,"column":4},"end":{"line":27,"column":77}},"23":{"start":{"line":27,"column":13},"end":{"line":27,"column":77}},"24":{"start":{"line":28,"column":18},"end":{"line":28,"column":139}},"25":{"start":{"line":29,"column":22},"end":{"line":29,"column":141}},"26":{"start":{"line":30,"column":4},"end":{"line":30,"column":66}},"27":{"start":{"line":32,"column":4},"end":{"line":32,"column":23}},"28":{"start":{"line":33,"column":4},"end":{"line":33,"column":54}},"29":{"start":{"line":37,"column":0},"end":{"line":50,"column":2}},"30":{"start":{"line":38,"column":2},"end":{"line":49,"column":3}},"31":{"start":{"line":39,"column":61},"end":{"line":39,"column":69}},"32":{"start":{"line":40,"column":15},"end":{"line":40,"column":47}},"33":{"start":{"line":41,"column":4},"end":{"line":41,"column":81}},"34":{"start":{"line":41,"column":14},"end":{"line":41,"column":81}},"35":{"start":{"line":42,"column":4},"end":{"line":42,"column":73}},"36":{"start":{"line":43,"column":2},"end":{"line":43,"column":20}},"37":{"start":{"line":45,"column":2},"end":{"line":45,"column":54}},"38":{"start":{"line":47,"column":4},"end":{"line":47,"column":23}},"39":{"start":{"line":48,"column":4},"end":{"line":48,"column":54}},"40":{"start":{"line":52,"column":0},"end":{"line":68,"column":2}},"41":{"start":{"line":53,"column":2},"end":{"line":67,"column":3}},"42":{"start":{"line":54,"column":32},"end":{"line":54,"column":40}},"43":{"start":{"line":55,"column":17},"end":{"line":55,"column":49}},"44":{"start":{"line":56,"column":4},"end":{"line":56,"column":74}},"45":{"start":{"line":56,"column":15},"end":{"line":56,"column":74}},"46":{"start":{"line":57,"column":4},"end":{"line":60,"column":5}},"47":{"start":{"line":58,"column":17},"end":{"line":58,"column":62}},"48":{"start":{"line":59,"column":6},"end":{"line":59,"column":79}},"49":{"start":{"line":59,"column":15},"end":{"line":59,"column":79}},"50":{"start":{"line":61,"column":18},"end":{"line":61,"column":125}},"51":{"start":{"line":62,"column":22},"end":{"line":62,"column":149}},"52":{"start":{"line":63,"column":4},"end":{"line":63,"column":66}},"53":{"start":{"line":65,"column":4},"end":{"line":65,"column":23}},"54":{"start":{"line":66,"column":4},"end":{"line":66,"column":54}}},"fnMap":{"0":{"name":"(anonymous_0)","decl":{"start":{"line":6,"column":26},"end":{"line":6,"column":27}},"loc":{"start":{"line":6,"column":46},"end":{"line":19,"column":1}},"line":6},"1":{"name":"(anonymous_1)","decl":{"start":{"line":21,"column":23},"end":{"line":21,"column":24}},"loc":{"start":{"line":21,"column":43},"end":{"line":35,"column":1}},"line":21},"2":{"name":"(anonymous_2)","decl":{"start":{"line":37,"column":26},"end":{"line":37,"column":27}},"loc":{"start":{"line":37,"column":46},"end":{"line":50,"column":1}},"line":37},"3":{"name":"(anonymous_3)","decl":{"start":{"line":52,"column":23},"end":{"line":52,"column":24}},"loc":{"start":{"line":52,"column":43},"end":{"line":68,"column":1}},"line":52}},"branchMap":{"0":{"loc":{"start":{"line":10,"column":4},"end":{"line":10,"column":81}},"type":"if","locations":[{"start":{"line":10,"column":4},"end":{"line":10,"column":81}},{"start":{},"end":{}}],"line":10},"1":{"loc":{"start":{"line":25,"column":4},"end":{"line":25,"column":74}},"type":"if","locations":[{"start":{"line":25,"column":4},"end":{"line":25,"column":74}},{"start":{},"end":{}}],"line":25},"2":{"loc":{"start":{"line":27,"column":4},"end":{"line":27,"column":77}},"type":"if","locations":[{"start":{"line":27,"column":4},"end":{"line":27,"column":77}},{"start":{},"end":{}}],"line":27},"3":{"loc":{"start":{"line":28,"column":80},"end":{"line":28,"column":117}},"type":"binary-expr","locations":[{"start":{"line":28,"column":80},"end":{"line":28,"column":102}},{"start":{"line":28,"column":106},"end":{"line":28,"column":117}}],"line":28},"4":{"loc":{"start":{"line":41,"column":4},"end":{"line":41,"column":81}},"type":"if","locations":[{"start":{"line":41,"column":4},"end":{"line":41,"column":81}},{"start":{},"end":{}}],"line":41},"5":{"loc":{"start":{"line":56,"column":4},"end":{"line":56,"column":74}},"type":"if","locations":[{"start":{"line":56,"column":4},"end":{"line":56,"column":74}},{"start":{},"end":{}}],"line":56},"6":{"loc":{"start":{"line":57,"column":4},"end":{"line":60,"column":5}},"type":"if","locations":[{"start":{"line":57,"column":4},"end":{"line":60,"column":5}},{"start":{},"end":{}}],"line":57},"7":{"loc":{"start":{"line":59,"column":6},"end":{"line":59,"column":79}},"type":"if","locations":[{"start":{"line":59,"column":6},"end":{"line":59,"column":79}},{"start":{},"end":{}}],"line":59},"8":{"loc":{"start":{"line":61,"column":66},"end":{"line":61,"column":103}},"type":"binary-expr","locations":[{"start":{"line":61,"column":66},"end":{"line":61,"column":88}},{"start":{"line":61,"column":92},"end":{"line":61,"column":103}}],"line":61}},"s":{"0":1,"1":1,"2":1,"3":1,"4":1,"5":1,"6":1,"7":1,"8":1,"9":0,"10":1,"11":1,"12":1,"13":0,"14":0,"15":1,"16":1,"17":1,"18":1,"19":1,"20":0,"21":1,"22":1,"23":0,"24":1,"25":1,"26":1,"27":0,"28":0,"29":1,"30":0,"31":0,"32":0,"33":0,"34":0,"35":0,"36":0,"37":0,"38":0,"39":0,"40":1,"41":0,"42":0,"43":0,"44":0,"45":0,"46":0,"47":0,"48":0,"49":0,"50":0,"51":0,"52":0,"53":0,"54":0},"f":{"0":1,"1":1,"2":0,"3":0},"b":{"0":[0,1],"1":[0,1],"2":[0,1],"3":[1,1],"4":[0,0],"5":[0,0],"6":[0,0],"7":[0,0],"8":[0,0]},"_coverageSchema":"1a1c01bbd47fc00a2c39e90264f33305004495a9","hash":"83f155353c9bdb489aeaae85f86088a2072756b1"},"/home/hoe_user/Downloads/csm-master/CMS_1-main/backend/models/faculty.model.js":{"path":"/home/hoe_user/Downloads/csm-master/CMS_1-main/backend/models/faculty.model.js","statementMap":{"0":{"start":{"line":1,"column":17},"end":{"line":1,"column":36}},"1":{"start":{"line":2,"column":15},"end":{"line":2,"column":34}},"2":{"start":{"line":4,"column":21},"end":{"line":8,"column":1}},"3":{"start":{"line":10,"column":22},"end":{"line":17,"column":24}},"4":{"start":{"line":19,"column":0},"end":{"line":23,"column":3}},"5":{"start":{"line":20,"column":2},"end":{"line":20,"column":50}},"6":{"start":{"line":20,"column":36},"end":{"line":20,"column":50}},"7":{"start":{"line":21,"column":2},"end":{"line":21,"column":55}},"8":{"start":{"line":22,"column":2},"end":{"line":22,"column":9}},"9":{"start":{"line":25,"column":0},"end":{"line":25,"column":85}}},"fnMap":{"0":{"name":"(anonymous_0)","decl":{"start":{"line":19,"column":26},"end":{"line":19,"column":27}},"loc":{"start":{"line":19,"column":47},"end":{"line":23,"column":1}},"line":19}},"branchMap":{"0":{"loc":{"start":{"line":20,"column":2},"end":{"line":20,"column":50}},"type":"if","locations":[{"start":{"line":20,"column":2},"end":{"line":20,"column":50}},{"start":{},"end":{}}],"line":20}},"s":{"0":1,"1":1,"2":1,"3":1,"4":1,"5":0,"6":0,"7":0,"8":0,"9":1},"f":{"0":0},"b":{"0":[0,0]},"_coverageSchema":"1a1c01bbd47fc00a2c39e90264f33305004495a9","hash":"2876bd7f01e70228c39bd8dcd8aadaafeeb628e1"},"/home/hoe_user/Downloads/csm-master/CMS_1-main/backend/models/student.model.js":{"path":"/home/hoe_user/Downloads/csm-master/CMS_1-main/backend/models/student.model.js","statementMap":{"0":{"start":{"line":1,"column":17},"end":{"line":1,"column":36}},"1":{"start":{"line":3,"column":22},"end":{"line":10,"column":24}},"2":{"start":{"line":12,"column":0},"end":{"line":12,"column":58}}},"fnMap":{},"branchMap":{},"s":{"0":1,"1":1,"2":1},"f":{},"b":{},"_coverageSchema":"1a1c01bbd47fc00a2c39e90264f33305004495a9","hash":"44f9ae1063326d1f4d8d83e71d33380717dc0d87"}}}
